2024-01-07 08:08:54,104 [INFO] MainUpdater:2873 - connection check result : 10
2024-01-07 08:08:54,247 [INFO] McuFinderGlobals:76 - Set McuFinderConnectedMode to true
2024-01-07 08:08:54,249 [INFO] MultiScanPanel:200 - Auto-refresh data requested => check proxy status ongoing
2024-01-07 08:08:54,249 [INFO] FinderPluginLoader:95 - Searching for filters in installed packs
2024-01-07 08:08:55,086 [INFO] LoadUrlFilesThread:185 - End of LoadServerUrlFiles without Thread
2024-01-07 08:08:55,086 [INFO] DetailPanel:341 - Set advertising image to C:/Users/HP/STM32Cube/Repository/\en.prom-stm32wl3-mcu-finder.jpg
2024-01-07 08:09:37,479 [INFO] MainUpdater:2873 - connection check result : 10
2024-01-07 08:09:37,563 [INFO] McuFinderGlobals:76 - Set McuFinderConnectedMode to true
2024-01-07 08:09:37,564 [INFO] MultiScanPanel:200 - Auto-refresh data requested => check proxy status ongoing
2024-01-07 08:09:37,564 [INFO] FinderPluginLoader:95 - Searching for filters in installed packs
2024-01-07 08:09:38,207 [INFO] LoadUrlFilesThread:185 - End of LoadServerUrlFiles without Thread
2024-01-07 08:09:38,207 [INFO] DetailPanel:341 - Set advertising image to C:/Users/HP/STM32Cube/Repository/\en.prom-stm32wl3-mcu-finder.jpg
2024-01-07 08:09:42,594 [INFO] MultiScanPanel:200 - Auto-refresh data requested => check proxy status ongoing
2024-01-07 08:09:42,645 [INFO] LoadUrlFilesThread:185 - End of LoadServerUrlFiles without Thread
2024-01-07 08:09:42,645 [INFO] DetailPanel:341 - Set advertising image to C:/Users/HP/STM32Cube/Repository/\en.prom-stm32wl3-mcu-finder.jpg
2024-01-07 08:10:24,110 [INFO] McuFinderGlobals:76 - Set McuFinderConnectedMode to true
2024-01-07 08:10:24,111 [INFO] ApiDb:448 - Save user favorites file C:\Users\HP/.stm32cubeide/favorites.mcus.txt: 0 item(s)
2024-01-07 08:10:24,112 [INFO] ApiDb:452 - User favorites MCUs=[]
2024-01-07 08:10:24,112 [INFO] ApiDb:448 - Save user favorites file C:\Users\HP/.stm32cubeide/favorites.boards.txt: 0 item(s)
2024-01-07 08:10:24,113 [INFO] ApiDb:452 - User favorites Boards=[]
2024-01-07 18:10:21,035 [INFO] Activator:176 - 


2024-01-07 18:10:21,038 [INFO] Activator:177 - !SESSION log4j initialized
2024-01-07 18:10:29,913 [INFO] LogOutputStream:77 - [STDOUT_REDIRECT] 
2024-01-07 18:10:36,027 [INFO] ApplicationProperties:184 - Using Application install path: C:\ST\STM32CubeIDE_1.14.0\STM32CubeIDE\plugins\com.st.stm32cube.common.mx_6.10.0.202311202037
2024-01-07 18:10:36,046 [INFO] DbMcusXml:78 - Set database path to: C:\ST\STM32CubeIDE_1.14.0\STM32CubeIDE\plugins\com.st.stm32cube.common.mx_6.10.0.202311202037\\db\/mcu/
2024-01-07 18:10:36,046 [INFO] ApiDb:274 - Set plugin database path to: C:\ST\STM32CubeIDE_1.14.0\STM32CubeIDE\plugins\com.st.stm32cube.common.mx_6.10.0.202311202037\\db\/plugins/boardmanager/
2024-01-07 18:10:36,047 [WARN] ApiDb:259 - Overriding images path with different value:  => C:\ST\STM32CubeIDE_1.14.0\STM32CubeIDE\plugins\com.st.stm32cube.common.mx_6.10.0.202311202037\\db\/plugins/mcufinder/images/
2024-01-07 18:10:36,056 [INFO] ApiDb:250 - Set database path to: C:\Users\HP\.stmcufinder\plugins\mcufinder//mcu/
2024-01-07 18:10:36,056 [INFO] DbMcusAds:125 - Set database path to: C:\Users\HP\.stmcufinder\plugins\mcufinder//mcu/
2024-01-07 18:10:36,058 [INFO] CrossReferenceDbSqlite:203 - Set database path to: C:\Users\HP\.stmcufinder\plugins\mcufinder//mcu/cs/
2024-01-07 18:10:36,178 [INFO] RulesReader:64 - Compatibility file has been processed (297 Rules)
2024-01-07 18:10:36,261 [INFO] DbMcusXml:78 - Set database path to: C:\ST\STM32CubeIDE_1.14.0\STM32CubeIDE\plugins\com.st.stm32cube.common.mx_6.10.0.202311202037\\db\/mcu/
2024-01-07 18:10:36,261 [INFO] ApiDb:274 - Set plugin database path to: C:\ST\STM32CubeIDE_1.14.0\STM32CubeIDE\plugins\com.st.stm32cube.common.mx_6.10.0.202311202037\\db\/plugins/boardmanager/
2024-01-07 18:10:36,261 [INFO] ApiDb:261 - Set plugin images path to: C:\ST\STM32CubeIDE_1.14.0\STM32CubeIDE\plugins\com.st.stm32cube.common.mx_6.10.0.202311202037\\db\/plugins/mcufinder/images/
2024-01-07 18:10:36,261 [WARN] DbFile:41 - Overriding database path with different value: C:\Users\HP\.stmcufinder\plugins\mcufinder/ => C:\Users\HP\.stmcufinder\plugins\mcufinder
2024-01-07 18:10:36,262 [INFO] ApiDb:250 - Set database path to: C:\Users\HP\.stmcufinder\plugins\mcufinder//mcu/
2024-01-07 18:10:36,262 [WARN] DbFile:41 - Overriding database path with different value: C:\Users\HP\.stmcufinder\plugins\mcufinder/ => C:\Users\HP\.stmcufinder\plugins\mcufinder
2024-01-07 18:10:36,262 [INFO] DbMcusAds:125 - Set database path to: C:\Users\HP\.stmcufinder\plugins\mcufinder//mcu/
2024-01-07 18:10:36,262 [WARN] DbFile:41 - Overriding database path with different value: C:\Users\HP\.stmcufinder\plugins\mcufinder/ => C:\Users\HP\.stmcufinder\plugins\mcufinder
2024-01-07 18:10:36,262 [WARN] DbFile:41 - Overriding database path with different value: C:\Users\HP\.stmcufinder\plugins\mcufinder/ => C:\Users\HP\.stmcufinder\plugins\mcufinder
2024-01-07 18:10:36,262 [INFO] CrossReferenceDbSqlite:203 - Set database path to: C:\Users\HP\.stmcufinder\plugins\mcufinder//mcu/cs/
2024-01-07 18:10:36,337 [INFO] MainPanel:264 - HeapMemory: 268435456
2024-01-07 18:10:36,429 [INFO] DbMcusXml:78 - Set database path to: C:\ST\STM32CubeIDE_1.14.0\STM32CubeIDE\plugins\com.st.stm32cube.common.mx_6.10.0.202311202037\\db\/mcu/
2024-01-07 18:10:36,429 [INFO] ApiDb:274 - Set plugin database path to: C:\ST\STM32CubeIDE_1.14.0\STM32CubeIDE\plugins\com.st.stm32cube.common.mx_6.10.0.202311202037\\db\/plugins/boardmanager/
2024-01-07 18:10:36,429 [INFO] ApiDb:261 - Set plugin images path to: C:\ST\STM32CubeIDE_1.14.0\STM32CubeIDE\plugins\com.st.stm32cube.common.mx_6.10.0.202311202037\\db\/plugins/mcufinder/images/
2024-01-07 18:10:36,430 [WARN] DbFile:41 - Overriding database path with different value: C:\Users\HP\.stmcufinder\plugins\mcufinder/ => C:\Users\HP\.stmcufinder\plugins\mcufinder
2024-01-07 18:10:36,430 [INFO] ApiDb:250 - Set database path to: C:\Users\HP\.stmcufinder\plugins\mcufinder//mcu/
2024-01-07 18:10:36,430 [WARN] DbFile:41 - Overriding database path with different value: C:\Users\HP\.stmcufinder\plugins\mcufinder/ => C:\Users\HP\.stmcufinder\plugins\mcufinder
2024-01-07 18:10:36,430 [INFO] DbMcusAds:125 - Set database path to: C:\Users\HP\.stmcufinder\plugins\mcufinder//mcu/
2024-01-07 18:10:36,430 [WARN] DbFile:41 - Overriding database path with different value: C:\Users\HP\.stmcufinder\plugins\mcufinder/ => C:\Users\HP\.stmcufinder\plugins\mcufinder
2024-01-07 18:10:36,430 [WARN] DbFile:41 - Overriding database path with different value: C:\Users\HP\.stmcufinder\plugins\mcufinder/ => C:\Users\HP\.stmcufinder\plugins\mcufinder
2024-01-07 18:10:36,430 [INFO] CrossReferenceDbSqlite:203 - Set database path to: C:\Users\HP\.stmcufinder\plugins\mcufinder//mcu/cs/
2024-01-07 18:10:36,450 [INFO] ApplicationProperties:184 - Using Application install path: C:\ST\STM32CubeIDE_1.14.0\STM32CubeIDE\plugins\com.st.stm32cube.common.mx_6.10.0.202311202037
2024-01-07 18:10:36,452 [INFO] PluginManage:196 - Search for loadable plugins [exclusion list=, ]
2024-01-07 18:10:36,453 [INFO] PluginManage:310 - Check plugin analytics
2024-01-07 18:10:41,172 [INFO] AnalyticsPlugin:253 - Accepted Software Licenses: 
2024-01-07 18:10:41,172 [INFO] AnalyticsPlugin:255 - Accepted CMSIS Pack Licenses: 
2024-01-07 18:10:41,172 [INFO] AnalyticsPlugin:257 - Accepted Firmware Licenses: 
2024-01-07 18:10:41,175 [INFO] PluginManage:359 - Loaded plugin analytics (category:tool,tabindex:-1)
2024-01-07 18:10:41,176 [INFO] PluginManage:310 - Check plugin cadmodel
2024-01-07 18:10:41,190 [INFO] CADModel:105 - Init CAD model plugin
2024-01-07 18:10:41,191 [INFO] PluginManage:359 - Loaded plugin cadmodel (category:power,tabindex:5)
2024-01-07 18:10:41,191 [INFO] PluginManage:310 - Check plugin clock
2024-01-07 18:10:41,210 [INFO] PluginManage:359 - Loaded plugin clock (category:base,tabindex:2)
2024-01-07 18:10:41,210 [INFO] PluginManage:310 - Check plugin ddr
2024-01-07 18:10:41,212 [INFO] PluginManage:359 - Loaded plugin ddr (category:tool,tabindex:6)
2024-01-07 18:10:41,212 [INFO] PluginManage:310 - Check plugin filemanager
2024-01-07 18:10:41,353 [INFO] PluginManage:359 - Loaded plugin filemanager (category:base,tabindex:10)
2024-01-07 18:10:41,353 [INFO] PluginManage:310 - Check plugin ipmanager
2024-01-07 18:10:41,361 [INFO] PluginManage:359 - Loaded plugin ipmanager (category:base,tabindex:5)
2024-01-07 18:10:41,361 [INFO] PluginManage:310 - Check plugin lpbam
2024-01-07 18:10:41,376 [INFO] PluginManage:359 - Loaded plugin lpbam (category:base,tabindex:0)
2024-01-07 18:10:41,376 [INFO] PluginManage:310 - Check plugin memorymap
2024-01-07 18:10:41,396 [INFO] PluginManage:359 - Loaded plugin memorymap (category:base,tabindex:4)
2024-01-07 18:10:41,396 [INFO] PluginManage:310 - Check plugin pinoutandconfiguration
2024-01-07 18:10:41,411 [INFO] PluginManage:359 - Loaded plugin pinoutandconfiguration (category:base,tabindex:1)
2024-01-07 18:10:41,412 [INFO] PluginManage:310 - Check plugin pinoutconfig
2024-01-07 18:10:41,526 [WARN] SupportedApi:132 - Cannot load RTOS API schema: s4s-elt-must-match.1: The content of 'definitions' must match (annotation?, (simpleType | complexType)?, (unique | key | keyref)*)). A problem was found starting at: attribute.
2024-01-07 18:10:41,678 [INFO] PluginManage:359 - Loaded plugin pinoutconfig (category:base,tabindex:0)
2024-01-07 18:10:41,678 [INFO] PluginManage:310 - Check plugin power
2024-01-07 18:10:41,699 [INFO] PluginManage:359 - Loaded plugin power (category:power,tabindex:4)
2024-01-07 18:10:41,700 [INFO] PluginManage:310 - Check plugin projectmanager
2024-01-07 18:10:41,739 [INFO] PluginManage:359 - Loaded plugin projectmanager (category:projectmanager,tabindex:3)
2024-01-07 18:10:41,739 [INFO] PluginManage:310 - Check plugin thirdparty
2024-01-07 18:10:42,007 [INFO] PluginManage:359 - Loaded plugin thirdparty (category:base,tabindex:-1)
2024-01-07 18:10:42,008 [INFO] PluginManage:310 - Check plugin tools
2024-01-07 18:10:42,007 [WARN] IntegrityCheckThread:84 - waiting for thirdparty lock release [integrity check]
2024-01-07 18:10:42,008 [INFO] IntegrityCheckThread:86 - entering critical section [integrity check]
2024-01-07 18:10:42,008 [INFO] ThirdPartyUpdaterWithRetryManager:70 - Updater plugin not ready yet. [1/15]
2024-01-07 18:10:42,040 [INFO] PluginManage:359 - Loaded plugin tools (category:base,tabindex:7)
2024-01-07 18:10:42,040 [INFO] PluginManage:310 - Check plugin tutovideos
2024-01-07 18:10:42,243 [INFO] PluginManage:359 - Loaded plugin tutovideos (category:base,tabindex:-1)
2024-01-07 18:10:42,244 [INFO] PluginManage:310 - Check plugin updater
2024-01-07 18:10:42,257 [INFO] PluginManage:359 - Loaded plugin updater (category:base,tabindex:12)
2024-01-07 18:10:42,257 [INFO] PluginManage:310 - Check plugin userauth
2024-01-07 18:10:42,262 [INFO] UserAuth:114 - Init User Auth plugin
2024-01-07 18:10:42,262 [INFO] PluginManage:359 - Loaded plugin userauth (category:base,tabindex:14)
2024-01-07 18:10:42,263 [INFO] PluginManage:283 - PluginManage : Loaded plugins [17]
2024-01-07 18:10:42,470 [INFO] PinOutPanel:1499 - setPackage(No Configuration,No Configuration)
2024-01-07 18:10:42,583 [INFO] CADModel:165 - CPN selected for project level
2024-01-07 18:10:42,583 [INFO] CADModel:114 - Register for checkConnection events
2024-01-07 18:10:42,621 [INFO] IPUIPlugin:80 - create IPUIPlugin
2024-01-07 18:10:42,621 [INFO] PluginManager:220 - loadIPPluginJar : add adc
2024-01-07 18:10:42,656 [INFO] IPUIPlugin:80 - create IPUIPlugin
2024-01-07 18:10:42,656 [INFO] PluginManager:220 - loadIPPluginJar : add aes
2024-01-07 18:10:42,694 [INFO] IPUIPlugin:80 - create IPUIPlugin
2024-01-07 18:10:42,694 [INFO] PluginManager:220 - loadIPPluginJar : add can
2024-01-07 18:10:42,715 [INFO] IPUIPlugin:80 - create IPUIPlugin
2024-01-07 18:10:42,715 [INFO] PluginManager:220 - loadIPPluginJar : add comp
2024-01-07 18:10:42,746 [INFO] IPUIPlugin:80 - create IPUIPlugin
2024-01-07 18:10:42,747 [INFO] PluginManager:220 - loadIPPluginJar : add cryp
2024-01-07 18:10:42,773 [INFO] IPUIPlugin:80 - create IPUIPlugin
2024-01-07 18:10:42,773 [INFO] PluginManager:220 - loadIPPluginJar : add dfsdm
2024-01-07 18:10:42,786 [INFO] IPUIPlugin:80 - create IPUIPlugin
2024-01-07 18:10:42,786 [INFO] PluginManager:220 - loadIPPluginJar : add dma
2024-01-07 18:10:42,826 [INFO] IPUIPlugin:80 - create IPUIPlugin
2024-01-07 18:10:42,826 [INFO] PluginManager:220 - loadIPPluginJar : add dma3
2024-01-07 18:10:42,845 [INFO] IPUIPlugin:80 - create IPUIPlugin
2024-01-07 18:10:42,845 [INFO] PluginManager:220 - loadIPPluginJar : add fatfs
2024-01-07 18:10:42,890 [INFO] IPUIPlugin:80 - create IPUIPlugin
2024-01-07 18:10:42,890 [INFO] PluginManager:220 - loadIPPluginJar : add fmc
2024-01-07 18:10:42,904 [INFO] IPUIPlugin:80 - create IPUIPlugin
2024-01-07 18:10:42,904 [INFO] PluginManager:220 - loadIPPluginJar : add freertos
2024-01-07 18:10:42,922 [INFO] IPUIPlugin:80 - create IPUIPlugin
2024-01-07 18:10:42,922 [INFO] PluginManager:220 - loadIPPluginJar : add genericplugin
2024-01-07 18:10:43,008 [INFO] IPUIPlugin:80 - create IPUIPlugin
2024-01-07 18:10:43,009 [INFO] PluginManager:220 - loadIPPluginJar : add gfxmmu
2024-01-07 18:10:43,128 [INFO] IPUIPlugin:80 - create IPUIPlugin
2024-01-07 18:10:43,129 [INFO] PluginManager:220 - loadIPPluginJar : add gic
2024-01-07 18:10:43,141 [INFO] IPUIPlugin:80 - create IPUIPlugin
2024-01-07 18:10:43,141 [INFO] PluginManager:220 - loadIPPluginJar : add gpio
2024-01-07 18:10:43,226 [INFO] IPUIPlugin:80 - create IPUIPlugin
2024-01-07 18:10:43,226 [INFO] PluginManager:220 - loadIPPluginJar : add gtzc
2024-01-07 18:10:43,256 [INFO] IPUIPlugin:80 - create IPUIPlugin
2024-01-07 18:10:43,256 [INFO] PluginManager:220 - loadIPPluginJar : add hash
2024-01-07 18:10:43,304 [INFO] IPUIPlugin:80 - create IPUIPlugin
2024-01-07 18:10:43,304 [INFO] PluginManager:220 - loadIPPluginJar : add i2c
2024-01-07 18:10:43,340 [INFO] IPUIPlugin:80 - create IPUIPlugin
2024-01-07 18:10:43,340 [INFO] PluginManager:220 - loadIPPluginJar : add i2s
2024-01-07 18:10:43,379 [INFO] IPUIPlugin:80 - create IPUIPlugin
2024-01-07 18:10:43,379 [INFO] PluginManager:220 - loadIPPluginJar : add i3c
2024-01-07 18:10:43,481 [INFO] IPUIPlugin:80 - create IPUIPlugin
2024-01-07 18:10:43,481 [INFO] PluginManager:220 - loadIPPluginJar : add ipddr
2024-01-07 18:10:43,566 [INFO] IPUIPlugin:80 - create IPUIPlugin
2024-01-07 18:10:43,566 [INFO] PluginManager:220 - loadIPPluginJar : add linkedlist
2024-01-07 18:10:43,597 [INFO] IPUIPlugin:80 - create IPUIPlugin
2024-01-07 18:10:43,597 [INFO] PluginManager:220 - loadIPPluginJar : add lorawan
2024-01-07 18:10:43,630 [INFO] IPUIPlugin:80 - create IPUIPlugin
2024-01-07 18:10:43,631 [INFO] PluginManager:220 - loadIPPluginJar : add ltdc
2024-01-07 18:10:43,643 [INFO] IPUIPlugin:80 - create IPUIPlugin
2024-01-07 18:10:43,643 [INFO] PluginManager:220 - loadIPPluginJar : add mdma
2024-01-07 18:10:43,657 [INFO] IPUIPlugin:80 - create IPUIPlugin
2024-01-07 18:10:43,657 [INFO] PluginManager:220 - loadIPPluginJar : add nvic
2024-01-07 18:10:43,702 [INFO] IPUIPlugin:80 - create IPUIPlugin
2024-01-07 18:10:43,702 [INFO] PluginManager:220 - loadIPPluginJar : add opamp
2024-01-07 18:10:43,764 [INFO] IPUIPlugin:80 - create IPUIPlugin
2024-01-07 18:10:43,764 [INFO] PluginManager:220 - loadIPPluginJar : add openamp
2024-01-07 18:10:43,803 [INFO] IPUIPlugin:80 - create IPUIPlugin
2024-01-07 18:10:43,803 [INFO] PluginManager:220 - loadIPPluginJar : add pdm2pcm
2024-01-07 18:10:43,816 [INFO] IPUIPlugin:80 - create IPUIPlugin
2024-01-07 18:10:43,818 [INFO] PluginManager:220 - loadIPPluginJar : add plateformsettings
2024-01-07 18:10:43,837 [INFO] IPUIPlugin:80 - create IPUIPlugin
2024-01-07 18:10:43,837 [INFO] PluginManager:220 - loadIPPluginJar : add quadspi
2024-01-07 18:10:43,848 [INFO] IPUIPlugin:80 - create IPUIPlugin
2024-01-07 18:10:43,849 [INFO] PluginManager:220 - loadIPPluginJar : add resmgrutility
2024-01-07 18:10:43,894 [INFO] IPUIPlugin:80 - create IPUIPlugin
2024-01-07 18:10:43,894 [INFO] PluginManager:220 - loadIPPluginJar : add sai
2024-01-07 18:10:43,929 [INFO] IPUIPlugin:80 - create IPUIPlugin
2024-01-07 18:10:43,929 [INFO] PluginManager:220 - loadIPPluginJar : add spi
2024-01-07 18:10:43,995 [INFO] IPUIPlugin:80 - create IPUIPlugin
2024-01-07 18:10:43,995 [INFO] PluginManager:220 - loadIPPluginJar : add stm32_wpan
2024-01-07 18:10:44,015 [INFO] IPUIPlugin:80 - create IPUIPlugin
2024-01-07 18:10:44,015 [INFO] PluginManager:220 - loadIPPluginJar : add tim
2024-01-07 18:10:44,068 [INFO] IPUIPlugin:80 - create IPUIPlugin
2024-01-07 18:10:44,068 [INFO] PluginManager:220 - loadIPPluginJar : add touchsensing
2024-01-07 18:10:44,088 [INFO] IPUIPlugin:80 - create IPUIPlugin
2024-01-07 18:10:44,088 [INFO] PluginManager:220 - loadIPPluginJar : add tracer_emb
2024-01-07 18:10:44,110 [INFO] IPUIPlugin:80 - create IPUIPlugin
2024-01-07 18:10:44,110 [INFO] PluginManager:220 - loadIPPluginJar : add ts
2024-01-07 18:10:44,129 [INFO] IPUIPlugin:80 - create IPUIPlugin
2024-01-07 18:10:44,130 [INFO] PluginManager:220 - loadIPPluginJar : add tsc
2024-01-07 18:10:44,148 [INFO] IPUIPlugin:80 - create IPUIPlugin
2024-01-07 18:10:44,148 [INFO] PluginManager:220 - loadIPPluginJar : add ucpd
2024-01-07 18:10:44,190 [INFO] IPUIPlugin:80 - create IPUIPlugin
2024-01-07 18:10:44,190 [INFO] PluginManager:220 - loadIPPluginJar : add usart
2024-01-07 18:10:44,230 [INFO] IPUIPlugin:80 - create IPUIPlugin
2024-01-07 18:10:44,230 [INFO] PluginManager:220 - loadIPPluginJar : add usbx
2024-01-07 18:10:44,362 [INFO] CADModel:165 - CPN selected for project level
2024-01-07 18:10:44,362 [INFO] CADModel:114 - Register for checkConnection events
2024-01-07 18:10:44,363 [FATAL] Updater:308 - Updater called before beeing initialized
2024-01-07 18:10:44,363 [ERROR] CADModel:125 - Updater not yet initialized, retry later 
2024-01-07 18:10:44,514 [INFO] CADModel:165 - CPN selected for project level
2024-01-07 18:10:44,514 [INFO] CADModel:114 - Register for checkConnection events
2024-01-07 18:10:44,514 [FATAL] Updater:308 - Updater called before beeing initialized
2024-01-07 18:10:44,514 [ERROR] CADModel:125 - Updater not yet initialized, retry later 
2024-01-07 18:10:44,517 [FATAL] Updater:308 - Updater called before beeing initialized
2024-01-07 18:10:44,624 [FATAL] Updater:308 - Updater called before beeing initialized
2024-01-07 18:10:44,635 [INFO] DbMcusAds:53 - JSON generation date=Wed Nov 29 16:22:27 IST 2023 (1701255147349)
2024-01-07 18:10:44,635 [FATAL] Updater:308 - Updater called before beeing initialized
2024-01-07 18:10:44,711 [WARN] DetailPanel:346 - Failed to get advertising image, set to default
2024-01-07 18:10:44,811 [FATAL] Updater:308 - Updater called before beeing initialized
2024-01-07 18:10:44,813 [FATAL] Updater:308 - Updater called before beeing initialized
2024-01-07 18:10:44,813 [FATAL] Updater:308 - Updater called before beeing initialized
2024-01-07 18:10:44,813 [WARN] DetailPanel:346 - Failed to get advertising image, set to default
2024-01-07 18:10:44,814 [FATAL] Updater:308 - Updater called before beeing initialized
2024-01-07 18:10:44,877 [ERROR] Updater:1120 - MainUpdater not yet initialized. External WinMGr cannot be set.
2024-01-07 18:10:44,891 [INFO] Updater:1056 - Updater Version found : 6.10.0
2024-01-07 18:10:44,917 [INFO] ApplicationProperties:184 - Using Application install path: C:\ST\STM32CubeIDE_1.14.0\STM32CubeIDE\plugins\com.st.stm32cube.common.mx_6.10.0.202311202037
2024-01-07 18:10:45,010 [INFO] ThirdPartyUpdaterWithRetryManager:70 - Updater plugin not ready yet. [2/15]
2024-01-07 18:10:46,496 [ERROR] LogOutputStream:75 - [STDERR_REDIRECT] Jan 07, 2024 6:10:46 PM java.util.prefs.WindowsPreferences <init>
2024-01-07 18:10:46,498 [ERROR] LogOutputStream:75 - [STDERR_REDIRECT] WARNING: Could not open/create prefs root node Software\JavaSoft\Prefs at root 0xffffffff80000002. Windows RegCreateKeyEx(...) returned error code 5.
2024-01-07 18:10:46,498 [ERROR] LogOutputStream:75 - [STDERR_REDIRECT] 
2024-01-07 18:10:46,904 [INFO] MainUpdater:2873 - connection check result : 10
2024-01-07 18:10:46,905 [INFO] MainUpdater:290 - Updater Check For Update Now.
2024-01-07 18:10:46,906 [INFO] MicroXplorer:498 - Change Database Version : DB.6.0.100
2024-01-07 18:10:46,925 [INFO] McuFinderGlobals:63 - Set McuFinder mode to 2 (CubeIDE integrated)
2024-01-07 18:10:46,926 [INFO] UserAuth:180 - activating auth plugin
2024-01-07 18:10:46,929 [INFO] UserAuth:404 - Internet connection configuration mode: 1
2024-01-07 18:10:46,962 [INFO] JxBrowserEngine:152 - Initiate JxBrowser Engine with user profile folder
2024-01-07 18:10:47,138 [INFO] CheckServerUpdateThread:120 - End of CheckServer Thread
2024-01-07 18:10:48,219 [WARN] PackLoader:240 - Cannot read IP mode file for STMicroelectronics.X-CUBE-SMBUS.2.1.0
2024-01-07 18:10:48,234 [WARN] PackLoader:240 - Cannot read IP mode file for STMicroelectronics.X-CUBE-TOUCHGFX.4.23.0
2024-01-07 18:10:48,284 [WARN] PackLoader:240 - Cannot read IP mode file for STMicroelectronics.X-CUBE-AZRTOS-F7.1.1.0
2024-01-07 18:10:48,312 [WARN] PackLoader:240 - Cannot read IP mode file for STMicroelectronics.FP-SNS-MOTENV1.4.3.2
2024-01-07 18:10:48,334 [WARN] PackLoader:240 - Cannot read IP mode file for STMicroelectronics.FP-SNS-FLIGHT1.5.0.2
2024-01-07 18:10:48,359 [WARN] PackLoader:240 - Cannot read IP mode file for STMicroelectronics.X-CUBE-DISPLAY.3.0.0
2024-01-07 18:10:48,390 [WARN] PackLoader:240 - Cannot read IP mode file for STMicroelectronics.X-CUBE-BLE1.7.0.0
2024-01-07 18:10:48,411 [WARN] PackLoader:240 - Cannot read IP mode file for emotas.I-CUBE-CANOPEN.1.3.0
2024-01-07 18:10:48,431 [WARN] PackLoader:240 - Cannot read IP mode file for STMicroelectronics.FP-SNS-SMARTAG2.1.2.0
2024-01-07 18:10:48,465 [INFO] LogOutputStream:77 - [STDOUT_REDIRECT] 1 : Invalid condition id : UX_CORESTACK_Condition cause : null
2024-01-07 18:10:48,466 [INFO] LogOutputStream:77 - [STDOUT_REDIRECT] 1 : Invalid condition id : UX_CORESTACK_Condition cause : null
2024-01-07 18:10:48,468 [INFO] LogOutputStream:77 - [STDOUT_REDIRECT] 1 : Invalid condition id : UX_CORESTACK_Condition cause : null
2024-01-07 18:10:48,470 [INFO] LogOutputStream:77 - [STDOUT_REDIRECT] 1 : Invalid condition id : UX_CORESTACK_Condition cause : null
2024-01-07 18:10:48,472 [INFO] LogOutputStream:77 - [STDOUT_REDIRECT] 1 : Invalid condition id : UX_CORESTACK_Condition cause : null
2024-01-07 18:10:48,478 [WARN] PackLoader:240 - Cannot read IP mode file for STMicroelectronics.X-CUBE-AZRTOS-WL.2.0.0
2024-01-07 18:10:48,504 [WARN] PackLoader:240 - Cannot read IP mode file for WES.I-CUBE-Cesium.1.3.0
2024-01-07 18:10:48,518 [WARN] PackLoader:240 - Cannot read IP mode file for STMicroelectronics.X-CUBE-BLE2.3.3.0
2024-01-07 18:10:48,541 [WARN] PackLoader:240 - Cannot read IP mode file for STMicroelectronics.X-CUBE-ALGOBUILD.1.3.0
2024-01-07 18:10:48,584 [WARN] PackLoader:240 - Cannot read IP mode file for STMicroelectronics.X-CUBE-AZRTOS-G0.1.1.0
2024-01-07 18:10:48,605 [WARN] PackLoader:240 - Cannot read IP mode file for STMicroelectronics.X-CUBE-NFC4.3.0.0
2024-01-07 18:10:48,631 [WARN] PackLoader:240 - Cannot read IP mode file for STMicroelectronics.X-CUBE-BLEMGR.3.0.0
2024-01-07 18:10:48,651 [WARN] PackLoader:240 - Cannot read IP mode file for STMicroelectronics.FP-ATR-SIGFOX1.3.2.0
2024-01-07 18:10:48,721 [WARN] PackLoader:240 - Cannot read IP mode file for SEGGER.I-CUBE-embOS.1.3.1
2024-01-07 18:10:48,802 [WARN] PackLoader:240 - Cannot read IP mode file for STMicroelectronics.X-CUBE-GNSS1.6.0.0
2024-01-07 18:10:48,863 [WARN] PackLoader:240 - Cannot read IP mode file for STMicroelectronics.X-CUBE-AZRTOS-F4.1.1.0
2024-01-07 18:10:48,895 [WARN] PackLoader:240 - Cannot read IP mode file for wolfSSL.I-CUBE-wolfSSL.5.6.6
2024-01-07 18:10:48,942 [WARN] PackLoader:240 - Cannot read IP mode file for STMicroelectronics.X-CUBE-AZRTOS-L5.2.0.0
2024-01-07 18:10:48,968 [WARN] PackLoader:240 - Cannot read IP mode file for STMicroelectronics.X-CUBE-EEPRMA1.4.2.0
2024-01-07 18:10:48,988 [WARN] PackLoader:240 - Cannot read IP mode file for ITTIA_DB.I-CUBE-ITTIADB.8.8.0
2024-01-07 18:10:49,007 [WARN] PackLoader:240 - Cannot read IP mode file for STMicroelectronics.X-CUBE-NFC7.1.0.1
2024-01-07 18:10:49,030 [WARN] PackLoader:240 - Cannot read IP mode file for STMicroelectronics.X-CUBE-NFC6.3.0.0
2024-01-07 18:10:49,049 [WARN] PackLoader:240 - Cannot read IP mode file for STMicroelectronics.X-CUBE-AI.8.1.0
2024-01-07 18:10:49,096 [WARN] ConditionMgr:438 - getConditionDescription Invalid condition id : LAN8742 Phy interface Condition cause : null
2024-01-07 18:10:49,098 [WARN] PackLoader:240 - Cannot read IP mode file for STMicroelectronics.X-CUBE-AZRTOS-L4.2.0.0
2024-01-07 18:10:49,100 [WARN] ConditionMgr:1039 - genDependencies : Invalid condition id : LAN8742 Phy interface Condition cause : null
2024-01-07 18:10:49,100 [WARN] ConditionMgr:1039 - genDependencies : Invalid condition id : LAN8742 Phy interface Condition cause : null
2024-01-07 18:10:49,101 [WARN] ConditionMgr:1039 - genDependencies : Invalid condition id : LAN8742 Phy interface Condition cause : null
2024-01-07 18:10:49,124 [WARN] PackLoader:240 - Cannot read IP mode file for STMicroelectronics.X-CUBE-SFXS2LP1.4.0.0
2024-01-07 18:10:49,159 [WARN] ConditionMgr:438 - getConditionDescription Invalid condition id : UX DEVICE CLASS RTOS Condition cause : null
2024-01-07 18:10:49,160 [WARN] ConditionMgr:438 - getConditionDescription Invalid condition id : UX DEVICE CLASS RTOS Condition cause : null
2024-01-07 18:10:49,162 [WARN] PackLoader:240 - Cannot read IP mode file for STMicroelectronics.X-CUBE-AZRTOS-WB.2.0.0
2024-01-07 18:10:49,163 [WARN] ConditionMgr:1039 - genDependencies : Invalid condition id : UX DEVICE CLASS RTOS Condition cause : null
2024-01-07 18:10:49,163 [WARN] ConditionMgr:1039 - genDependencies : Invalid condition id : UX DEVICE CLASS RTOS Condition cause : null
2024-01-07 18:10:49,164 [WARN] ConditionMgr:1039 - genDependencies : Invalid condition id : UX DEVICE CLASS RTOS Condition cause : null
2024-01-07 18:10:49,164 [WARN] ConditionMgr:1039 - genDependencies : Invalid condition id : UX DEVICE CLASS RTOS Condition cause : null
2024-01-07 18:10:49,164 [WARN] ConditionMgr:1039 - genDependencies : Invalid condition id : UX DEVICE CLASS RTOS Condition cause : null
2024-01-07 18:10:49,192 [WARN] PackLoader:240 - Cannot read IP mode file for STMicroelectronics.X-CUBE-SUBG2.5.0.0
2024-01-07 18:10:49,234 [WARN] PackLoader:240 - Cannot read IP mode file for STMicroelectronics.X-CUBE-AZRTOS-G4.2.0.0
2024-01-07 18:10:49,268 [WARN] PackLoader:240 - Cannot read IP mode file for Infineon.AIROC-Wi-Fi-Bluetooth-STM32.1.5.1
2024-01-07 18:10:49,296 [WARN] PackLoader:240 - Cannot read IP mode file for STMicroelectronics.FP-SNS-MOTENVWB1.1.3.1
2024-01-07 18:10:49,319 [WARN] PackLoader:240 - Cannot read IP mode file for STMicroelectronics.X-CUBE-ISPU.2.0.0
2024-01-07 18:10:49,427 [WARN] PackLoader:240 - Cannot read IP mode file for STMicroelectronics.X-CUBE-MEMS1.10.0.0
2024-01-07 18:10:49,606 [WARN] PackLoader:240 - Cannot read IP mode file for STMicroelectronics.X-CUBE-FREERTOS.1.1.0
2024-01-07 18:10:49,624 [WARN] PackLoader:240 - Cannot read IP mode file for portGmbH.I-Cube-SoM-uGOAL.1.1.0
2024-01-07 18:10:49,640 [WARN] PackLoader:240 - Cannot read IP mode file for STMicroelectronics.X-CUBE-ALS.1.0.1
2024-01-07 18:10:49,655 [WARN] PackLoader:240 - Cannot read IP mode file for STMicroelectronics.FP-ATR-ASTRA1.2.0.0
2024-01-07 18:10:49,685 [WARN] PackLoader:240 - Cannot read IP mode file for STMicroelectronics.X-CUBE-TOF1.3.4.0
2024-01-07 18:10:49,738 [WARN] PackLoader:240 - Cannot read IP mode file for STMicroelectronics.X-CUBE-AZRTOS-H7.3.2.0
2024-01-07 18:10:49,741 [INFO] ThirdParty:978 - Integrity check success = true
2024-01-07 18:10:49,741 [INFO] IntegrityCheckThread:100 - exiting critical section [integrity check]
2024-01-07 18:10:49,741 [INFO] IntegrityCheckThread:103 - End integrity checks thread
2024-01-07 18:10:50,911 [INFO] WebApp:161 - Instantiating new browser for Auth
2024-01-07 18:10:51,744 [INFO] WebApp:780 - Register for checkConnection events
2024-01-07 18:10:51,745 [INFO] WebApp:414 - Apply proxy settings
2024-01-07 18:10:51,745 [INFO] WebApp:499 - Chromium requires no authentication
2024-01-07 18:10:51,756 [INFO] WebApp:442 - Direct internet connection detected
2024-01-07 18:10:51,973 [INFO] WebApp:192 - Starting web application
2024-01-07 18:10:51,973 [INFO] WebApp:544 - Web application path used C:\ST\STM32CubeIDE_1.14.0\STM32CubeIDE\plugins\com.st.stm32cube.common.mx_6.10.0.202311202037\db\plugins\mcufinder\reactClient1\index.html
2024-01-07 18:11:12,754 [ERROR] LogOutputStream:75 - [STDERR_REDIRECT] SLF4J: Failed to load class "org.slf4j.impl.StaticLoggerBinder".
2024-01-07 18:11:12,756 [ERROR] LogOutputStream:75 - [STDERR_REDIRECT] SLF4J: Defaulting to no-operation (NOP) logger implementation
2024-01-07 18:11:12,758 [ERROR] LogOutputStream:75 - [STDERR_REDIRECT] SLF4J: See http://www.slf4j.org/codes.html#StaticLoggerBinder for further details.
2024-01-07 18:33:37,829 [INFO] McuFinderGlobals:63 - Set McuFinder mode to 2 (CubeIDE integrated)
2024-01-07 18:33:37,854 [INFO] MainUpdater:2873 - connection check result : 10
2024-01-07 18:33:38,338 [INFO] ApiDb:581 - Connected to CubeFinder SQLite database (C:\Users\HP\.stmcufinder\plugins\mcufinder\mcu\cube-finder-db.db)
2024-01-07 18:33:38,443 [INFO] ApiDb:668 - CubeFinder database Data Model version=2.1
2024-01-07 18:33:38,443 [INFO] ApiDb:669 - CubeFinder database Configuration version=3.0.39
2024-01-07 18:33:38,444 [INFO] ApiDb:670 - CubeFinder database generation date=2023-12-08 (1702028721)
2024-01-07 18:33:38,445 [INFO] ApiDb:671 - CubeFinder database FW Pack versions=[FP-ATR-ASTRA1_V2.0.0, FP-SNS-FLIGHT1_V5.0.1, FP-SNS-FLIGHT1_V5.0.2, FP-SNS-MOTENV1_V4.3.1, FP-SNS-MOTENV1_V4.3.2, FP-SNS-MOTENVWB1_V1.3.1, FP-SNS-SMARTAG2_V1.2.0, STM32Cube_FW_C0_V1.1.0, STM32Cube_FW_F4_V1.28.0, STM32Cube_FW_F7_V1.17.0, STM32Cube_FW_G0_V1.6.1, STM32Cube_FW_G4_V1.5.1, STM32Cube_FW_H5_V0.5.1, STM32Cube_FW_H5_V1.1.1, STM32Cube_FW_H5_V1.2.0RC2, STM32Cube_FW_H7_V1.11.0, STM32Cube_FW_L0_V1.12.2, STM32Cube_FW_L5_V1.5.0, STM32Cube_FW_U5_V1.3.0RC4, STM32Cube_FW_U5_V1.4.0, STM32Cube_FW_WBA_V1.0.0RC1, STM32Cube_FW_WBA_V1.1.0RC1, STM32Cube_FW_WBA_V1.2.0, STM32Cube_FW_WBA_V1.2.0RC2, STM32Cube_FW_WB_V1.15.0RC1, STM32Cube_FW_WB_V1.16.0, STM32Cube_FW_WB_V1.16.0RC2, STM32Cube_FW_WB_V1.18.0, STM32Cube_FW_WL_V1.3.0, X-CUBE-ALGOBUILD_V1.3.0, X-CUBE-ALS_V1.0.1, X-CUBE-AZRTOS-F4_V1.1.0, X-CUBE-AZRTOS-F7_V1.1.0, X-CUBE-AZRTOS-G0_V1.1.0, X-CUBE-AZRTOS-G4_V2.0.0, X-CUBE-AZRTOS-H7_V3.1.0, X-CUBE-AZRTOS-L4_V1.0.0, X-CUBE-AZRTOS-L4_V2.0.0, X-CUBE-AZRTOS-L5_V1.1.0, X-CUBE-AZRTOS-WB_V2.0.0, X-CUBE-AZRTOS-WL_V2.0.0, X-CUBE-BLE1_V7.0.0, X-CUBE-BLE2_V3.3.0, X-CUBE-BLEMGR_V3.0.0, X-CUBE-EEPRMA1_V4.1.0, X-CUBE-EEPRMA1_V4.2.0, X-CUBE-FREERTOS_V1.1.0, X-CUBE-GNSS1_V6.0.0, X-CUBE-MEMS1_V10.0.0, X-CUBE-MEMS1_V9.1.0, X-CUBE-MEMS1_V9.4.0, X-CUBE-MEMS1_V9.6.0, X-CUBE-NFC4_V3.0.0, X-CUBE-NFC7_V1.0.1, X-CUBE-SFXS2LP1_V4.0.0, X-CUBE-SUBG2_V5.0.0, X-CUBE-TOF1_V3.4.0]
2024-01-07 18:33:38,586 [INFO] DbBoardsSqlite:226 - include board P-NUCLEO-WB55-NUCLEO as a kit item of type 'Nucleo-64'
2024-01-07 18:33:38,586 [INFO] DbBoardsSqlite:226 - include board P-NUCLEO-WB55-USBDONGLE as a kit item of type 'Nucleo USB Dongle'
2024-01-07 18:33:38,587 [INFO] DbBoardsSqlite:226 - include board STEVAL-IDP005V1 as a kit item of type 'Evaluation Board'
2024-01-07 18:33:38,587 [INFO] DbBoardsSqlite:226 - include board STEVAL-IDP005V2 as a kit item of type 'Evaluation Board'
2024-01-07 18:33:38,907 [INFO] ApiDb:240 - Found 371 in-development CPN: [B-G473E-ZEST1S, B-WB1M-WPAN1, B-WL5M-SUBG1, NUCLEO-C031C6, NUCLEO-H503RB, NUCLEO-H563ZI, NUCLEO-U545RE-Q, NUCLEO-U5A5ZJ-Q, NUCLEO-WBA52CG, NUCLEO-WBA55CG, STEVAL-MKBOXPRO, STEVAL-PROTEUS1, STEVAL-STWINBX1, STM320518-EVAL, STM32C0116-DK, STM32C011D6Y3TR, STM32C011D6Y6TR, STM32C011F4P3, STM32C011F4P6, STM32C011F4U3, STM32C011F4U6TR, STM32C011F6P3, STM32C011F6P6, STM32C011F6U3, STM32C011F6U6TR, STM32C011J4M3, STM32C011J4M6, STM32C011J6M3, STM32C011J6M6, STM32C0316-DK, STM32C031C4T3, STM32C031C4T6, STM32C031C4U3, STM32C031C4U6, STM32C031C6T3, STM32C031C6T6, STM32C031C6U3, STM32C031C6U6, STM32C031F4P3, STM32C031F4P6, STM32C031F6P3, STM32C031F6P6, STM32C031G4U3, STM32C031G4U6, STM32C031G6U3, STM32C031G6U6, STM32C031K4T3, STM32C031K4T6, STM32C031K4U3, STM32C031K4U6, STM32C031K6T3, STM32C031K6T6, STM32C031K6U3, STM32C031K6U6, STM32G071K8TXN, STM32G071K8UXN, STM32G081GBU6N, STM32G081KBT6N, STM32G081KBUXN, STM32G0B1CCT6N, STM32G0B1KCT6, STM32G0B1NEY6TR, STM32G0B1RCT6N, STM32G0C1CCT6, STM32G0C1CCT6N, STM32G0C1CCU6N, STM32G0C1CET6N, STM32G0C1CEU6N, STM32G0C1KCT6, STM32G0C1NEY6TR, STM32G0C1RCI6N, STM32G0C1RCT6N, STM32G0C1REI6N, STM32G0C1RET6N, STM32G0C1VCI6, STM32G0C1VEI6, STM32G471CCT6, STM32G471CCU6, STM32G471CET3, STM32G471CET6, STM32G471CEU3, STM32G471CEU6, STM32G471MCT6, STM32G471MET3, STM32G471MET6, STM32G471MEY6TR, STM32G471QCT6, STM32G471QET3, STM32G471RCT6, STM32G471RET3, STM32G471RET6, STM32G471VCH6, STM32G471VCI6, STM32G471VCT6, STM32G471VEH3, STM32G471VEH6, STM32G471VEI3, STM32G471VEI6, STM32G471VET3, STM32G471VET6, STM32G474CCT6, STM32H503CBT6, STM32H503CBU6, STM32H503EBY6TR, STM32H503KBU6, STM32H503RBT6, STM32H562AGI6, STM32H562AII6, STM32H562IGK6, STM32H562IGT6, STM32H562IIK6, STM32H562IIT6, STM32H562RGT6, STM32H562RGV6, STM32H562RIT6, STM32H562RIV6, STM32H562VGT6, STM32H562VIT6, STM32H562ZGT6, STM32H562ZIT6, STM32H563AGI6, STM32H563AII3Q, STM32H563AII6, STM32H563IGK6, STM32H563IGT6, STM32H563IIK3Q, STM32H563IIK6, STM32H563IIT3Q, STM32H563IIT6, STM32H563MIY3QTR, STM32H563RGT6, STM32H563RGV6, STM32H563RIT6, STM32H563RIV6, STM32H563VGT6, STM32H563VIT3Q, STM32H563VIT6, STM32H563ZGT6, STM32H563ZIT3Q, STM32H563ZIT6, STM32H573AII3Q, STM32H573AII6, STM32H573I-DK, STM32H573IIK3Q, STM32H573IIK6, STM32H573IIT3Q, STM32H573IIT6, STM32H573MIY3QTR, STM32H573RIT6, STM32H573RIV6, STM32H573VIT3Q, STM32H573VIT6, STM32H573ZIT3Q, STM32H573ZIT6, STM32L4R5QGI6STR, STM32MP131AAE3, STM32MP131AAF3, STM32MP131AAG3, STM32MP131CAE3, STM32MP131CAF3, STM32MP131CAG3, STM32MP131DAE7, STM32MP131DAF7, STM32MP131DAG7, STM32MP131FAE7, STM32MP131FAF7, STM32MP131FAG7, STM32MP133AAE3, STM32MP133AAF3, STM32MP133AAG3, STM32MP133CAE3, STM32MP133CAF3, STM32MP133CAG3, STM32MP133DAE7, STM32MP133DAF7, STM32MP133DAG7, STM32MP133FAE7, STM32MP133FAF7, STM32MP133FAG7, STM32MP135AAE3, STM32MP135AAF3, STM32MP135AAG3, STM32MP135CAE3, STM32MP135CAF3, STM32MP135CAG3, STM32MP135DAE7, STM32MP135DAF7, STM32MP135DAG7, STM32MP135F-DK, STM32MP135FAE7, STM32MP135FAF7, STM32MP135FAF7T, STM32MP135FAF7U, STM32MP135FAG7, STM32U535CBT6, STM32U535CBT6Q, STM32U535CBU6, STM32U535CBU6Q, STM32U535CCT6, STM32U535CCT6Q, STM32U535CCU6, STM32U535CCU6Q, STM32U535CET6, STM32U535CET6Q, STM32U535CEU6, STM32U535CEU6Q, STM32U535JEY6QTR, STM32U535NCY6QTR, STM32U535NEY6QTR, STM32U535RBI6, STM32U535RBI6Q, STM32U535RBT6, STM32U535RBT6Q, STM32U535RCI6, STM32U535RCI6Q, STM32U535RCT6, STM32U535RCT6Q, STM32U535REI6, STM32U535REI6Q, STM32U535RET6, STM32U535RET6Q, STM32U535VCI6, STM32U535VCI6Q, STM32U535VCT6, STM32U535VCT6Q, STM32U535VEI6, STM32U535VEI6Q, STM32U535VET6, STM32U535VET6Q, STM32U545CET6, STM32U545CET6Q, STM32U545CEU6, STM32U545CEU6Q, STM32U545JEY6QTR, STM32U545NEY6QTR, STM32U545REI6, STM32U545REI6Q, STM32U545RET6, STM32U545RET6Q, STM32U545VEI6, STM32U545VEI6Q, STM32U545VET6, STM32U545VET6Q, STM32U595AIH6, STM32U595AIH6Q, STM32U595AJH6, STM32U595AJH6Q, STM32U595QII6, STM32U595QII6Q, STM32U595QJI6, STM32U595QJI6Q, STM32U595RIT6, STM32U595RIT6Q, STM32U595RJT6, STM32U595RJT6Q, STM32U595VIT6, STM32U595VIT6Q, STM32U595VJT6, STM32U595VJT6Q, STM32U595ZIT6, STM32U595ZIT6Q, STM32U595ZIY6QTR, STM32U595ZJT6, STM32U595ZJT6Q, STM32U595ZJY6QTR, STM32U599BJY6QTR, STM32U599NIH6Q, STM32U599NJH6Q, STM32U599VIT6Q, STM32U599VJT6, STM32U599VJT6Q, STM32U599ZIT6Q, STM32U599ZIY6QTR, STM32U599ZJT6Q, STM32U599ZJY6QTR, STM32U5A5AJH6, STM32U5A5AJH6Q, STM32U5A5QJI6, STM32U5A5QJI6Q, STM32U5A5RJT6, STM32U5A5RJT6Q, STM32U5A5VJT6, STM32U5A5VJT6Q, STM32U5A5ZJT6, STM32U5A5ZJT6Q, STM32U5A5ZJY6QTR, STM32U5A9BJY6QTR, STM32U5A9J-DK, STM32U5A9NJH6Q, STM32U5A9VJT6Q, STM32U5A9ZJT6Q, STM32U5A9ZJY6QTR, STM32U5F7VIT6, STM32U5F7VIT6Q, STM32U5F7VJT6, STM32U5F7VJT6Q, STM32U5F9BJY6QTR, STM32U5F9NJH6Q, STM32U5F9VIT6Q, STM32U5F9VJT6Q, STM32U5F9ZIJ6QTR, STM32U5F9ZIT6Q, STM32U5F9ZJJ6QTR, STM32U5F9ZJT6Q, STM32U5G7VJT6, STM32U5G7VJT6Q, STM32U5G9BJY6QTR, STM32U5G9J-DK1, STM32U5G9J-DK2, STM32U5G9NJH6Q, STM32U5G9VJT6Q, STM32U5G9ZJJ6QTR, STM32U5G9ZJT6Q, STM32WB1MMCH6, STM32WBA50KEU6, STM32WBA50KEU6TR, STM32WBA50KGU6, STM32WBA50KGU6TR, STM32WBA52CEU6, STM32WBA52CEU6TR, STM32WBA52CEU7, STM32WBA52CEU7TR, STM32WBA52CGU6, STM32WBA52CGU6TR, STM32WBA52CGU6U, STM32WBA52CGU7, STM32WBA52CGU7TR, STM32WBA52KEU6, STM32WBA52KEU6TR, STM32WBA52KGU6, STM32WBA52KGU6TR, STM32WBA54CEU6, STM32WBA54CEU6TR, STM32WBA54CEU7, STM32WBA54CEU7TR, STM32WBA54CGU6, STM32WBA54CGU6TR, STM32WBA54CGU7, STM32WBA54CGU7TR, STM32WBA54KEU6, STM32WBA54KEU6TR, STM32WBA54KEU7, STM32WBA54KEU7TR, STM32WBA54KGU6, STM32WBA54KGU6TR, STM32WBA54KGU7, STM32WBA54KGU7TR, STM32WBA55CEU6, STM32WBA55CEU6TR, STM32WBA55CEU7, STM32WBA55CEU7TR, STM32WBA55CGU6, STM32WBA55CGU6TR, STM32WBA55CGU6U, STM32WBA55CGU7, STM32WBA55CGU7TR, STM32WBA55G-DK1, STM32WBA55HEF6, STM32WBA55HEF7, STM32WBA55HGF6, STM32WBA55HGF7, STM32WBA55UEI6, STM32WBA55UEI6TR, STM32WBA55UEI7, STM32WBA55UEI7TR, STM32WBA55UGI6, STM32WBA55UGI6TR, STM32WBA55UGI7, STM32WBA55UGI7TR, STM32WL5MOCH6, STM32WL5MOCH6TR]
2024-01-07 18:33:39,035 [INFO] BoardInfo:889 - No configuration file found for board P-NUCLEO-WB55
2024-01-07 18:33:39,035 [INFO] DbBoards:161 - Kit is not supported: P-NUCLEO-WB55
2024-01-07 18:33:39,040 [INFO] BoardInfo:889 - No configuration file found for board STEVAL-BFA001V1B
2024-01-07 18:33:39,040 [INFO] DbBoards:161 - Kit is not supported: STEVAL-BFA001V1B
2024-01-07 18:33:39,041 [INFO] BoardInfo:889 - No configuration file found for board STEVAL-BFA001V2B
2024-01-07 18:33:39,042 [INFO] DbBoards:161 - Kit is not supported: STEVAL-BFA001V2B
2024-01-07 18:33:39,166 [INFO] DbBoards:168 - Found 193 boards, 190 are supported
2024-01-07 18:33:39,166 [INFO] DbBoards:169 - Found 193 boards, 3 of them is supported for  Bsp
2024-01-07 18:33:39,170 [INFO] ApiDb:668 - CubeFinder database Data Model version=2.1
2024-01-07 18:33:39,170 [INFO] ApiDb:669 - CubeFinder database Configuration version=3.0.39
2024-01-07 18:33:39,170 [INFO] ApiDb:670 - CubeFinder database generation date=2023-12-08 (1702028721)
2024-01-07 18:33:39,170 [INFO] ApiDb:671 - CubeFinder database FW Pack versions=[FP-ATR-ASTRA1_V2.0.0, FP-SNS-FLIGHT1_V5.0.1, FP-SNS-FLIGHT1_V5.0.2, FP-SNS-MOTENV1_V4.3.1, FP-SNS-MOTENV1_V4.3.2, FP-SNS-MOTENVWB1_V1.3.1, FP-SNS-SMARTAG2_V1.2.0, STM32Cube_FW_C0_V1.1.0, STM32Cube_FW_F4_V1.28.0, STM32Cube_FW_F7_V1.17.0, STM32Cube_FW_G0_V1.6.1, STM32Cube_FW_G4_V1.5.1, STM32Cube_FW_H5_V0.5.1, STM32Cube_FW_H5_V1.1.1, STM32Cube_FW_H5_V1.2.0RC2, STM32Cube_FW_H7_V1.11.0, STM32Cube_FW_L0_V1.12.2, STM32Cube_FW_L5_V1.5.0, STM32Cube_FW_U5_V1.3.0RC4, STM32Cube_FW_U5_V1.4.0, STM32Cube_FW_WBA_V1.0.0RC1, STM32Cube_FW_WBA_V1.1.0RC1, STM32Cube_FW_WBA_V1.2.0, STM32Cube_FW_WBA_V1.2.0RC2, STM32Cube_FW_WB_V1.15.0RC1, STM32Cube_FW_WB_V1.16.0, STM32Cube_FW_WB_V1.16.0RC2, STM32Cube_FW_WB_V1.18.0, STM32Cube_FW_WL_V1.3.0, X-CUBE-ALGOBUILD_V1.3.0, X-CUBE-ALS_V1.0.1, X-CUBE-AZRTOS-F4_V1.1.0, X-CUBE-AZRTOS-F7_V1.1.0, X-CUBE-AZRTOS-G0_V1.1.0, X-CUBE-AZRTOS-G4_V2.0.0, X-CUBE-AZRTOS-H7_V3.1.0, X-CUBE-AZRTOS-L4_V1.0.0, X-CUBE-AZRTOS-L4_V2.0.0, X-CUBE-AZRTOS-L5_V1.1.0, X-CUBE-AZRTOS-WB_V2.0.0, X-CUBE-AZRTOS-WL_V2.0.0, X-CUBE-BLE1_V7.0.0, X-CUBE-BLE2_V3.3.0, X-CUBE-BLEMGR_V3.0.0, X-CUBE-EEPRMA1_V4.1.0, X-CUBE-EEPRMA1_V4.2.0, X-CUBE-FREERTOS_V1.1.0, X-CUBE-GNSS1_V6.0.0, X-CUBE-MEMS1_V10.0.0, X-CUBE-MEMS1_V9.1.0, X-CUBE-MEMS1_V9.4.0, X-CUBE-MEMS1_V9.6.0, X-CUBE-NFC4_V3.0.0, X-CUBE-NFC7_V1.0.1, X-CUBE-SFXS2LP1_V4.0.0, X-CUBE-SUBG2_V5.0.0, X-CUBE-TOF1_V3.4.0]
2024-01-07 18:33:41,261 [INFO] ApiDb:240 - Found 371 in-development CPN: [B-G473E-ZEST1S, B-WB1M-WPAN1, B-WL5M-SUBG1, NUCLEO-C031C6, NUCLEO-H503RB, NUCLEO-H563ZI, NUCLEO-U545RE-Q, NUCLEO-U5A5ZJ-Q, NUCLEO-WBA52CG, NUCLEO-WBA55CG, STEVAL-MKBOXPRO, STEVAL-PROTEUS1, STEVAL-STWINBX1, STM320518-EVAL, STM32C0116-DK, STM32C011D6Y3TR, STM32C011D6Y6TR, STM32C011F4P3, STM32C011F4P6, STM32C011F4U3, STM32C011F4U6TR, STM32C011F6P3, STM32C011F6P6, STM32C011F6U3, STM32C011F6U6TR, STM32C011J4M3, STM32C011J4M6, STM32C011J6M3, STM32C011J6M6, STM32C0316-DK, STM32C031C4T3, STM32C031C4T6, STM32C031C4U3, STM32C031C4U6, STM32C031C6T3, STM32C031C6T6, STM32C031C6U3, STM32C031C6U6, STM32C031F4P3, STM32C031F4P6, STM32C031F6P3, STM32C031F6P6, STM32C031G4U3, STM32C031G4U6, STM32C031G6U3, STM32C031G6U6, STM32C031K4T3, STM32C031K4T6, STM32C031K4U3, STM32C031K4U6, STM32C031K6T3, STM32C031K6T6, STM32C031K6U3, STM32C031K6U6, STM32G071K8TXN, STM32G071K8UXN, STM32G081GBU6N, STM32G081KBT6N, STM32G081KBUXN, STM32G0B1CCT6N, STM32G0B1KCT6, STM32G0B1NEY6TR, STM32G0B1RCT6N, STM32G0C1CCT6, STM32G0C1CCT6N, STM32G0C1CCU6N, STM32G0C1CET6N, STM32G0C1CEU6N, STM32G0C1KCT6, STM32G0C1NEY6TR, STM32G0C1RCI6N, STM32G0C1RCT6N, STM32G0C1REI6N, STM32G0C1RET6N, STM32G0C1VCI6, STM32G0C1VEI6, STM32G471CCT6, STM32G471CCU6, STM32G471CET3, STM32G471CET6, STM32G471CEU3, STM32G471CEU6, STM32G471MCT6, STM32G471MET3, STM32G471MET6, STM32G471MEY6TR, STM32G471QCT6, STM32G471QET3, STM32G471RCT6, STM32G471RET3, STM32G471RET6, STM32G471VCH6, STM32G471VCI6, STM32G471VCT6, STM32G471VEH3, STM32G471VEH6, STM32G471VEI3, STM32G471VEI6, STM32G471VET3, STM32G471VET6, STM32G474CCT6, STM32H503CBT6, STM32H503CBU6, STM32H503EBY6TR, STM32H503KBU6, STM32H503RBT6, STM32H562AGI6, STM32H562AII6, STM32H562IGK6, STM32H562IGT6, STM32H562IIK6, STM32H562IIT6, STM32H562RGT6, STM32H562RGV6, STM32H562RIT6, STM32H562RIV6, STM32H562VGT6, STM32H562VIT6, STM32H562ZGT6, STM32H562ZIT6, STM32H563AGI6, STM32H563AII3Q, STM32H563AII6, STM32H563IGK6, STM32H563IGT6, STM32H563IIK3Q, STM32H563IIK6, STM32H563IIT3Q, STM32H563IIT6, STM32H563MIY3QTR, STM32H563RGT6, STM32H563RGV6, STM32H563RIT6, STM32H563RIV6, STM32H563VGT6, STM32H563VIT3Q, STM32H563VIT6, STM32H563ZGT6, STM32H563ZIT3Q, STM32H563ZIT6, STM32H573AII3Q, STM32H573AII6, STM32H573I-DK, STM32H573IIK3Q, STM32H573IIK6, STM32H573IIT3Q, STM32H573IIT6, STM32H573MIY3QTR, STM32H573RIT6, STM32H573RIV6, STM32H573VIT3Q, STM32H573VIT6, STM32H573ZIT3Q, STM32H573ZIT6, STM32L4R5QGI6STR, STM32MP131AAE3, STM32MP131AAF3, STM32MP131AAG3, STM32MP131CAE3, STM32MP131CAF3, STM32MP131CAG3, STM32MP131DAE7, STM32MP131DAF7, STM32MP131DAG7, STM32MP131FAE7, STM32MP131FAF7, STM32MP131FAG7, STM32MP133AAE3, STM32MP133AAF3, STM32MP133AAG3, STM32MP133CAE3, STM32MP133CAF3, STM32MP133CAG3, STM32MP133DAE7, STM32MP133DAF7, STM32MP133DAG7, STM32MP133FAE7, STM32MP133FAF7, STM32MP133FAG7, STM32MP135AAE3, STM32MP135AAF3, STM32MP135AAG3, STM32MP135CAE3, STM32MP135CAF3, STM32MP135CAG3, STM32MP135DAE7, STM32MP135DAF7, STM32MP135DAG7, STM32MP135F-DK, STM32MP135FAE7, STM32MP135FAF7, STM32MP135FAF7T, STM32MP135FAF7U, STM32MP135FAG7, STM32U535CBT6, STM32U535CBT6Q, STM32U535CBU6, STM32U535CBU6Q, STM32U535CCT6, STM32U535CCT6Q, STM32U535CCU6, STM32U535CCU6Q, STM32U535CET6, STM32U535CET6Q, STM32U535CEU6, STM32U535CEU6Q, STM32U535JEY6QTR, STM32U535NCY6QTR, STM32U535NEY6QTR, STM32U535RBI6, STM32U535RBI6Q, STM32U535RBT6, STM32U535RBT6Q, STM32U535RCI6, STM32U535RCI6Q, STM32U535RCT6, STM32U535RCT6Q, STM32U535REI6, STM32U535REI6Q, STM32U535RET6, STM32U535RET6Q, STM32U535VCI6, STM32U535VCI6Q, STM32U535VCT6, STM32U535VCT6Q, STM32U535VEI6, STM32U535VEI6Q, STM32U535VET6, STM32U535VET6Q, STM32U545CET6, STM32U545CET6Q, STM32U545CEU6, STM32U545CEU6Q, STM32U545JEY6QTR, STM32U545NEY6QTR, STM32U545REI6, STM32U545REI6Q, STM32U545RET6, STM32U545RET6Q, STM32U545VEI6, STM32U545VEI6Q, STM32U545VET6, STM32U545VET6Q, STM32U595AIH6, STM32U595AIH6Q, STM32U595AJH6, STM32U595AJH6Q, STM32U595QII6, STM32U595QII6Q, STM32U595QJI6, STM32U595QJI6Q, STM32U595RIT6, STM32U595RIT6Q, STM32U595RJT6, STM32U595RJT6Q, STM32U595VIT6, STM32U595VIT6Q, STM32U595VJT6, STM32U595VJT6Q, STM32U595ZIT6, STM32U595ZIT6Q, STM32U595ZIY6QTR, STM32U595ZJT6, STM32U595ZJT6Q, STM32U595ZJY6QTR, STM32U599BJY6QTR, STM32U599NIH6Q, STM32U599NJH6Q, STM32U599VIT6Q, STM32U599VJT6, STM32U599VJT6Q, STM32U599ZIT6Q, STM32U599ZIY6QTR, STM32U599ZJT6Q, STM32U599ZJY6QTR, STM32U5A5AJH6, STM32U5A5AJH6Q, STM32U5A5QJI6, STM32U5A5QJI6Q, STM32U5A5RJT6, STM32U5A5RJT6Q, STM32U5A5VJT6, STM32U5A5VJT6Q, STM32U5A5ZJT6, STM32U5A5ZJT6Q, STM32U5A5ZJY6QTR, STM32U5A9BJY6QTR, STM32U5A9J-DK, STM32U5A9NJH6Q, STM32U5A9VJT6Q, STM32U5A9ZJT6Q, STM32U5A9ZJY6QTR, STM32U5F7VIT6, STM32U5F7VIT6Q, STM32U5F7VJT6, STM32U5F7VJT6Q, STM32U5F9BJY6QTR, STM32U5F9NJH6Q, STM32U5F9VIT6Q, STM32U5F9VJT6Q, STM32U5F9ZIJ6QTR, STM32U5F9ZIT6Q, STM32U5F9ZJJ6QTR, STM32U5F9ZJT6Q, STM32U5G7VJT6, STM32U5G7VJT6Q, STM32U5G9BJY6QTR, STM32U5G9J-DK1, STM32U5G9J-DK2, STM32U5G9NJH6Q, STM32U5G9VJT6Q, STM32U5G9ZJJ6QTR, STM32U5G9ZJT6Q, STM32WB1MMCH6, STM32WBA50KEU6, STM32WBA50KEU6TR, STM32WBA50KGU6, STM32WBA50KGU6TR, STM32WBA52CEU6, STM32WBA52CEU6TR, STM32WBA52CEU7, STM32WBA52CEU7TR, STM32WBA52CGU6, STM32WBA52CGU6TR, STM32WBA52CGU6U, STM32WBA52CGU7, STM32WBA52CGU7TR, STM32WBA52KEU6, STM32WBA52KEU6TR, STM32WBA52KGU6, STM32WBA52KGU6TR, STM32WBA54CEU6, STM32WBA54CEU6TR, STM32WBA54CEU7, STM32WBA54CEU7TR, STM32WBA54CGU6, STM32WBA54CGU6TR, STM32WBA54CGU7, STM32WBA54CGU7TR, STM32WBA54KEU6, STM32WBA54KEU6TR, STM32WBA54KEU7, STM32WBA54KEU7TR, STM32WBA54KGU6, STM32WBA54KGU6TR, STM32WBA54KGU7, STM32WBA54KGU7TR, STM32WBA55CEU6, STM32WBA55CEU6TR, STM32WBA55CEU7, STM32WBA55CEU7TR, STM32WBA55CGU6, STM32WBA55CGU6TR, STM32WBA55CGU6U, STM32WBA55CGU7, STM32WBA55CGU7TR, STM32WBA55G-DK1, STM32WBA55HEF6, STM32WBA55HEF7, STM32WBA55HGF6, STM32WBA55HGF7, STM32WBA55UEI6, STM32WBA55UEI6TR, STM32WBA55UEI7, STM32WBA55UEI7TR, STM32WBA55UGI6, STM32WBA55UGI6TR, STM32WBA55UGI7, STM32WBA55UGI7TR, STM32WL5MOCH6, STM32WL5MOCH6TR]
2024-01-07 18:33:41,264 [INFO] DbMcus:218 - Found 3930 MCUs, 3930 are supported
2024-01-07 18:33:41,265 [INFO] ApiDb:423 - Load user favorites file C:\Users\HP/.stm32cubeide/favorites.mcus.txt: 0 item(s)
2024-01-07 18:33:41,265 [INFO] ApiDb:427 - User favorites MCUs=[]
2024-01-07 18:33:41,265 [INFO] DbMcus:224 - Set 0 / 0 favorites MCUs
2024-01-07 18:33:41,498 [INFO] ApiDb:423 - Load user favorites file C:\Users\HP/.stm32cubeide/favorites.boards.txt: 0 item(s)
2024-01-07 18:33:41,498 [INFO] ApiDb:427 - User favorites Boards=[]
2024-01-07 18:33:41,498 [INFO] DbBoards:198 - Set 0 / 0 favorites Boards
2024-01-07 18:33:41,498 [INFO] McuFinderGlobals:76 - Set McuFinderConnectedMode to true
2024-01-07 18:33:41,516 [INFO] MultiScanPanel:200 - Auto-refresh data requested => check proxy status ongoing
2024-01-07 18:33:41,519 [INFO] FinderPluginLoader:95 - Searching for filters in installed packs
2024-01-07 18:33:42,740 [INFO] LoadUrlFilesThread:185 - End of LoadServerUrlFiles without Thread
2024-01-07 18:33:42,782 [INFO] DetailPanel:341 - Set advertising image to C:/Users/HP/STM32Cube/Repository/\en.prom-stm32wl3-mcu-finder.jpg
2024-01-07 18:33:46,734 [INFO] MultiScanPanel:200 - Auto-refresh data requested => check proxy status ongoing
2024-01-07 18:33:46,885 [INFO] LoadUrlFilesThread:185 - End of LoadServerUrlFiles without Thread
2024-01-07 18:33:46,886 [INFO] DetailPanel:341 - Set advertising image to C:/Users/HP/STM32Cube/Repository/\en.prom-stm32wl3-mcu-finder.jpg
2024-01-07 18:33:46,902 [INFO] DbBoards:642 - Loading board mini-images...
2024-01-07 18:33:47,863 [ERROR] DbBoards:659 - Image file not found for board NUCLEO-WBA55CG: C:\Users\HP\.stmcufinder\plugins\mcufinder//mcu//boards_images/NUCLEO-WBA55CG.jpg
2024-01-07 18:33:49,056 [ERROR] DbBoards:659 - Image file not found for board STM32WBA55G-DK1: C:\Users\HP\.stmcufinder\plugins\mcufinder//mcu//boards_images/STM32WBA55G-DK1.jpg
2024-01-07 18:33:49,057 [INFO] DbBoards:665 - Loaded 191 board mini-images
2024-01-07 18:34:17,271 [INFO] McuFinderGlobals:76 - Set McuFinderConnectedMode to true
2024-01-07 18:34:17,274 [INFO] ApiDb:448 - Save user favorites file C:\Users\HP/.stm32cubeide/favorites.mcus.txt: 0 item(s)
2024-01-07 18:34:17,275 [INFO] ApiDb:452 - User favorites MCUs=[]
2024-01-07 18:34:17,276 [INFO] ApiDb:448 - Save user favorites file C:\Users\HP/.stm32cubeide/favorites.boards.txt: 0 item(s)
2024-01-07 18:34:17,276 [INFO] ApiDb:452 - User favorites Boards=[]
2024-01-07 21:53:20,993 [INFO] WebApp:354 - JxBrowser engine has been closed 
