2024-01-05 05:14:07,756 [INFO] Activator:176 - 


2024-01-05 05:14:07,758 [INFO] Activator:177 - !SESSION log4j initialized
2024-01-05 05:14:11,342 [INFO] LogOutputStream:77 - [STDOUT_REDIRECT] 
2024-01-05 05:14:18,218 [INFO] ApplicationProperties:184 - Using Application install path: C:\ST\STM32CubeIDE_1.14.0\STM32CubeIDE\plugins\com.st.stm32cube.common.mx_6.10.0.202311202037
2024-01-05 05:14:18,236 [INFO] DbMcusXml:78 - Set database path to: C:\ST\STM32CubeIDE_1.14.0\STM32CubeIDE\plugins\com.st.stm32cube.common.mx_6.10.0.202311202037\\db\/mcu/
2024-01-05 05:14:18,236 [INFO] ApiDb:274 - Set plugin database path to: C:\ST\STM32CubeIDE_1.14.0\STM32CubeIDE\plugins\com.st.stm32cube.common.mx_6.10.0.202311202037\\db\/plugins/boardmanager/
2024-01-05 05:14:18,236 [WARN] ApiDb:259 - Overriding images path with different value:  => C:\ST\STM32CubeIDE_1.14.0\STM32CubeIDE\plugins\com.st.stm32cube.common.mx_6.10.0.202311202037\\db\/plugins/mcufinder/images/
2024-01-05 05:14:20,037 [WARN] ApiFinderProperties:113 - C:\Users\HP\.stmcufinder\plugins\mcufinder\mcu\mcuFinder.mfd doesn't exist
2024-01-05 05:14:20,038 [INFO] ApiDb:250 - Set database path to: C:\Users\HP\.stmcufinder\plugins\mcufinder//mcu/
2024-01-05 05:14:20,039 [INFO] DbMcusAds:125 - Set database path to: C:\Users\HP\.stmcufinder\plugins\mcufinder//mcu/
2024-01-05 05:14:20,041 [INFO] CrossReferenceDbSqlite:203 - Set database path to: C:\Users\HP\.stmcufinder\plugins\mcufinder//mcu/cs/
2024-01-05 05:14:20,171 [INFO] RulesReader:64 - Compatibility file has been processed (297 Rules)
2024-01-05 05:14:20,256 [INFO] DbMcusXml:78 - Set database path to: C:\ST\STM32CubeIDE_1.14.0\STM32CubeIDE\plugins\com.st.stm32cube.common.mx_6.10.0.202311202037\\db\/mcu/
2024-01-05 05:14:20,256 [INFO] ApiDb:274 - Set plugin database path to: C:\ST\STM32CubeIDE_1.14.0\STM32CubeIDE\plugins\com.st.stm32cube.common.mx_6.10.0.202311202037\\db\/plugins/boardmanager/
2024-01-05 05:14:20,256 [INFO] ApiDb:261 - Set plugin images path to: C:\ST\STM32CubeIDE_1.14.0\STM32CubeIDE\plugins\com.st.stm32cube.common.mx_6.10.0.202311202037\\db\/plugins/mcufinder/images/
2024-01-05 05:14:20,257 [WARN] DbFile:41 - Overriding database path with different value: C:\Users\HP\.stmcufinder\plugins\mcufinder/ => C:\Users\HP\.stmcufinder\plugins\mcufinder
2024-01-05 05:14:20,257 [INFO] ApiDb:250 - Set database path to: C:\Users\HP\.stmcufinder\plugins\mcufinder//mcu/
2024-01-05 05:14:20,257 [WARN] DbFile:41 - Overriding database path with different value: C:\Users\HP\.stmcufinder\plugins\mcufinder/ => C:\Users\HP\.stmcufinder\plugins\mcufinder
2024-01-05 05:14:20,257 [INFO] DbMcusAds:125 - Set database path to: C:\Users\HP\.stmcufinder\plugins\mcufinder//mcu/
2024-01-05 05:14:20,257 [WARN] DbFile:41 - Overriding database path with different value: C:\Users\HP\.stmcufinder\plugins\mcufinder/ => C:\Users\HP\.stmcufinder\plugins\mcufinder
2024-01-05 05:14:20,257 [WARN] DbFile:41 - Overriding database path with different value: C:\Users\HP\.stmcufinder\plugins\mcufinder/ => C:\Users\HP\.stmcufinder\plugins\mcufinder
2024-01-05 05:14:20,257 [INFO] CrossReferenceDbSqlite:203 - Set database path to: C:\Users\HP\.stmcufinder\plugins\mcufinder//mcu/cs/
2024-01-05 05:14:20,343 [INFO] MainPanel:264 - HeapMemory: 268435456
2024-01-05 05:14:20,430 [INFO] DbMcusXml:78 - Set database path to: C:\ST\STM32CubeIDE_1.14.0\STM32CubeIDE\plugins\com.st.stm32cube.common.mx_6.10.0.202311202037\\db\/mcu/
2024-01-05 05:14:20,430 [INFO] ApiDb:274 - Set plugin database path to: C:\ST\STM32CubeIDE_1.14.0\STM32CubeIDE\plugins\com.st.stm32cube.common.mx_6.10.0.202311202037\\db\/plugins/boardmanager/
2024-01-05 05:14:20,430 [INFO] ApiDb:261 - Set plugin images path to: C:\ST\STM32CubeIDE_1.14.0\STM32CubeIDE\plugins\com.st.stm32cube.common.mx_6.10.0.202311202037\\db\/plugins/mcufinder/images/
2024-01-05 05:14:20,430 [WARN] DbFile:41 - Overriding database path with different value: C:\Users\HP\.stmcufinder\plugins\mcufinder/ => C:\Users\HP\.stmcufinder\plugins\mcufinder
2024-01-05 05:14:20,430 [INFO] ApiDb:250 - Set database path to: C:\Users\HP\.stmcufinder\plugins\mcufinder//mcu/
2024-01-05 05:14:20,430 [WARN] DbFile:41 - Overriding database path with different value: C:\Users\HP\.stmcufinder\plugins\mcufinder/ => C:\Users\HP\.stmcufinder\plugins\mcufinder
2024-01-05 05:14:20,430 [INFO] DbMcusAds:125 - Set database path to: C:\Users\HP\.stmcufinder\plugins\mcufinder//mcu/
2024-01-05 05:14:20,431 [WARN] DbFile:41 - Overriding database path with different value: C:\Users\HP\.stmcufinder\plugins\mcufinder/ => C:\Users\HP\.stmcufinder\plugins\mcufinder
2024-01-05 05:14:20,431 [WARN] DbFile:41 - Overriding database path with different value: C:\Users\HP\.stmcufinder\plugins\mcufinder/ => C:\Users\HP\.stmcufinder\plugins\mcufinder
2024-01-05 05:14:20,431 [INFO] CrossReferenceDbSqlite:203 - Set database path to: C:\Users\HP\.stmcufinder\plugins\mcufinder//mcu/cs/
2024-01-05 05:14:20,450 [INFO] ApplicationProperties:184 - Using Application install path: C:\ST\STM32CubeIDE_1.14.0\STM32CubeIDE\plugins\com.st.stm32cube.common.mx_6.10.0.202311202037
2024-01-05 05:14:20,451 [INFO] PluginManage:196 - Search for loadable plugins [exclusion list=, ]
2024-01-05 05:14:20,453 [INFO] PluginManage:310 - Check plugin analytics
2024-01-05 05:14:25,168 [INFO] AnalyticsPlugin:253 - Accepted Software Licenses: 
2024-01-05 05:14:25,168 [INFO] AnalyticsPlugin:255 - Accepted CMSIS Pack Licenses: 
2024-01-05 05:14:25,168 [INFO] AnalyticsPlugin:257 - Accepted Firmware Licenses: 
2024-01-05 05:14:25,172 [INFO] PluginManage:359 - Loaded plugin analytics (category:tool,tabindex:-1)
2024-01-05 05:14:25,172 [INFO] PluginManage:310 - Check plugin cadmodel
2024-01-05 05:14:25,178 [INFO] CADModel:105 - Init CAD model plugin
2024-01-05 05:14:25,178 [INFO] PluginManage:359 - Loaded plugin cadmodel (category:power,tabindex:5)
2024-01-05 05:14:25,179 [INFO] PluginManage:310 - Check plugin clock
2024-01-05 05:14:25,191 [INFO] PluginManage:359 - Loaded plugin clock (category:base,tabindex:2)
2024-01-05 05:14:25,192 [INFO] PluginManage:310 - Check plugin ddr
2024-01-05 05:14:25,195 [INFO] PluginManage:359 - Loaded plugin ddr (category:tool,tabindex:6)
2024-01-05 05:14:25,196 [INFO] PluginManage:310 - Check plugin filemanager
2024-01-05 05:14:25,371 [INFO] PluginManage:359 - Loaded plugin filemanager (category:base,tabindex:10)
2024-01-05 05:14:25,371 [INFO] PluginManage:310 - Check plugin ipmanager
2024-01-05 05:14:25,381 [INFO] PluginManage:359 - Loaded plugin ipmanager (category:base,tabindex:5)
2024-01-05 05:14:25,381 [INFO] PluginManage:310 - Check plugin lpbam
2024-01-05 05:14:25,389 [INFO] PluginManage:359 - Loaded plugin lpbam (category:base,tabindex:0)
2024-01-05 05:14:25,390 [INFO] PluginManage:310 - Check plugin memorymap
2024-01-05 05:14:25,405 [INFO] PluginManage:359 - Loaded plugin memorymap (category:base,tabindex:4)
2024-01-05 05:14:25,405 [INFO] PluginManage:310 - Check plugin pinoutandconfiguration
2024-01-05 05:14:25,412 [INFO] PluginManage:359 - Loaded plugin pinoutandconfiguration (category:base,tabindex:1)
2024-01-05 05:14:25,413 [INFO] PluginManage:310 - Check plugin pinoutconfig
2024-01-05 05:14:25,517 [WARN] SupportedApi:132 - Cannot load RTOS API schema: s4s-elt-must-match.1: The content of 'definitions' must match (annotation?, (simpleType | complexType)?, (unique | key | keyref)*)). A problem was found starting at: attribute.
2024-01-05 05:14:25,740 [INFO] PluginManage:359 - Loaded plugin pinoutconfig (category:base,tabindex:0)
2024-01-05 05:14:25,740 [INFO] PluginManage:310 - Check plugin power
2024-01-05 05:14:25,756 [INFO] PluginManage:359 - Loaded plugin power (category:power,tabindex:4)
2024-01-05 05:14:25,756 [INFO] PluginManage:310 - Check plugin projectmanager
2024-01-05 05:14:25,784 [INFO] PluginManage:359 - Loaded plugin projectmanager (category:projectmanager,tabindex:3)
2024-01-05 05:14:25,785 [INFO] PluginManage:310 - Check plugin thirdparty
2024-01-05 05:14:26,136 [INFO] PluginManage:359 - Loaded plugin thirdparty (category:base,tabindex:-1)
2024-01-05 05:14:26,136 [INFO] PluginManage:310 - Check plugin tools
2024-01-05 05:14:26,136 [WARN] IntegrityCheckThread:84 - waiting for thirdparty lock release [integrity check]
2024-01-05 05:14:26,137 [INFO] IntegrityCheckThread:86 - entering critical section [integrity check]
2024-01-05 05:14:26,137 [INFO] ThirdPartyUpdaterWithRetryManager:70 - Updater plugin not ready yet. [1/15]
2024-01-05 05:14:26,140 [INFO] PluginManage:359 - Loaded plugin tools (category:base,tabindex:7)
2024-01-05 05:14:26,140 [INFO] PluginManage:310 - Check plugin tutovideos
2024-01-05 05:14:26,306 [INFO] PluginManage:359 - Loaded plugin tutovideos (category:base,tabindex:-1)
2024-01-05 05:14:26,307 [INFO] PluginManage:310 - Check plugin updater
2024-01-05 05:14:26,316 [INFO] PluginManage:359 - Loaded plugin updater (category:base,tabindex:12)
2024-01-05 05:14:26,316 [INFO] PluginManage:310 - Check plugin userauth
2024-01-05 05:14:26,321 [INFO] UserAuth:114 - Init User Auth plugin
2024-01-05 05:14:26,322 [INFO] PluginManage:359 - Loaded plugin userauth (category:base,tabindex:14)
2024-01-05 05:14:26,322 [INFO] PluginManage:283 - PluginManage : Loaded plugins [17]
2024-01-05 05:14:26,535 [INFO] PinOutPanel:1499 - setPackage(No Configuration,No Configuration)
2024-01-05 05:14:26,612 [INFO] CADModel:165 - CPN selected for project level
2024-01-05 05:14:26,612 [INFO] CADModel:114 - Register for checkConnection events
2024-01-05 05:14:26,626 [INFO] IPUIPlugin:80 - create IPUIPlugin
2024-01-05 05:14:26,626 [INFO] PluginManager:220 - loadIPPluginJar : add adc
2024-01-05 05:14:26,628 [INFO] IPUIPlugin:80 - create IPUIPlugin
2024-01-05 05:14:26,629 [INFO] PluginManager:220 - loadIPPluginJar : add aes
2024-01-05 05:14:26,631 [INFO] IPUIPlugin:80 - create IPUIPlugin
2024-01-05 05:14:26,631 [INFO] PluginManager:220 - loadIPPluginJar : add can
2024-01-05 05:14:26,633 [INFO] IPUIPlugin:80 - create IPUIPlugin
2024-01-05 05:14:26,634 [INFO] PluginManager:220 - loadIPPluginJar : add comp
2024-01-05 05:14:26,636 [INFO] IPUIPlugin:80 - create IPUIPlugin
2024-01-05 05:14:26,636 [INFO] PluginManager:220 - loadIPPluginJar : add cryp
2024-01-05 05:14:26,638 [INFO] IPUIPlugin:80 - create IPUIPlugin
2024-01-05 05:14:26,638 [INFO] PluginManager:220 - loadIPPluginJar : add dfsdm
2024-01-05 05:14:26,644 [INFO] IPUIPlugin:80 - create IPUIPlugin
2024-01-05 05:14:26,644 [INFO] PluginManager:220 - loadIPPluginJar : add dma
2024-01-05 05:14:26,646 [INFO] IPUIPlugin:80 - create IPUIPlugin
2024-01-05 05:14:26,647 [INFO] PluginManager:220 - loadIPPluginJar : add dma3
2024-01-05 05:14:26,648 [INFO] IPUIPlugin:80 - create IPUIPlugin
2024-01-05 05:14:26,648 [INFO] PluginManager:220 - loadIPPluginJar : add fatfs
2024-01-05 05:14:26,652 [INFO] IPUIPlugin:80 - create IPUIPlugin
2024-01-05 05:14:26,652 [INFO] PluginManager:220 - loadIPPluginJar : add fmc
2024-01-05 05:14:26,657 [INFO] IPUIPlugin:80 - create IPUIPlugin
2024-01-05 05:14:26,658 [INFO] PluginManager:220 - loadIPPluginJar : add freertos
2024-01-05 05:14:26,659 [INFO] IPUIPlugin:80 - create IPUIPlugin
2024-01-05 05:14:26,659 [INFO] PluginManager:220 - loadIPPluginJar : add genericplugin
2024-01-05 05:14:26,662 [INFO] IPUIPlugin:80 - create IPUIPlugin
2024-01-05 05:14:26,662 [INFO] PluginManager:220 - loadIPPluginJar : add gfxmmu
2024-01-05 05:14:26,667 [INFO] IPUIPlugin:80 - create IPUIPlugin
2024-01-05 05:14:26,667 [INFO] PluginManager:220 - loadIPPluginJar : add gic
2024-01-05 05:14:26,671 [INFO] IPUIPlugin:80 - create IPUIPlugin
2024-01-05 05:14:26,671 [INFO] PluginManager:220 - loadIPPluginJar : add gpio
2024-01-05 05:14:26,674 [INFO] IPUIPlugin:80 - create IPUIPlugin
2024-01-05 05:14:26,674 [INFO] PluginManager:220 - loadIPPluginJar : add gtzc
2024-01-05 05:14:26,676 [INFO] IPUIPlugin:80 - create IPUIPlugin
2024-01-05 05:14:26,677 [INFO] PluginManager:220 - loadIPPluginJar : add hash
2024-01-05 05:14:26,679 [INFO] IPUIPlugin:80 - create IPUIPlugin
2024-01-05 05:14:26,679 [INFO] PluginManager:220 - loadIPPluginJar : add i2c
2024-01-05 05:14:26,682 [INFO] IPUIPlugin:80 - create IPUIPlugin
2024-01-05 05:14:26,682 [INFO] PluginManager:220 - loadIPPluginJar : add i2s
2024-01-05 05:14:26,685 [INFO] IPUIPlugin:80 - create IPUIPlugin
2024-01-05 05:14:26,685 [INFO] PluginManager:220 - loadIPPluginJar : add i3c
2024-01-05 05:14:26,688 [INFO] IPUIPlugin:80 - create IPUIPlugin
2024-01-05 05:14:26,688 [INFO] PluginManager:220 - loadIPPluginJar : add ipddr
2024-01-05 05:14:26,694 [INFO] IPUIPlugin:80 - create IPUIPlugin
2024-01-05 05:14:26,695 [INFO] PluginManager:220 - loadIPPluginJar : add linkedlist
2024-01-05 05:14:26,697 [INFO] IPUIPlugin:80 - create IPUIPlugin
2024-01-05 05:14:26,697 [INFO] PluginManager:220 - loadIPPluginJar : add lorawan
2024-01-05 05:14:26,699 [INFO] IPUIPlugin:80 - create IPUIPlugin
2024-01-05 05:14:26,699 [INFO] PluginManager:220 - loadIPPluginJar : add ltdc
2024-01-05 05:14:26,705 [INFO] IPUIPlugin:80 - create IPUIPlugin
2024-01-05 05:14:26,705 [INFO] PluginManager:220 - loadIPPluginJar : add mdma
2024-01-05 05:14:26,709 [INFO] IPUIPlugin:80 - create IPUIPlugin
2024-01-05 05:14:26,709 [INFO] PluginManager:220 - loadIPPluginJar : add nvic
2024-01-05 05:14:26,712 [INFO] IPUIPlugin:80 - create IPUIPlugin
2024-01-05 05:14:26,712 [INFO] PluginManager:220 - loadIPPluginJar : add opamp
2024-01-05 05:14:26,715 [INFO] IPUIPlugin:80 - create IPUIPlugin
2024-01-05 05:14:26,715 [INFO] PluginManager:220 - loadIPPluginJar : add openamp
2024-01-05 05:14:26,718 [INFO] IPUIPlugin:80 - create IPUIPlugin
2024-01-05 05:14:26,718 [INFO] PluginManager:220 - loadIPPluginJar : add pdm2pcm
2024-01-05 05:14:26,724 [INFO] IPUIPlugin:80 - create IPUIPlugin
2024-01-05 05:14:26,726 [INFO] PluginManager:220 - loadIPPluginJar : add plateformsettings
2024-01-05 05:14:26,728 [INFO] IPUIPlugin:80 - create IPUIPlugin
2024-01-05 05:14:26,728 [INFO] PluginManager:220 - loadIPPluginJar : add quadspi
2024-01-05 05:14:26,732 [INFO] IPUIPlugin:80 - create IPUIPlugin
2024-01-05 05:14:26,732 [INFO] PluginManager:220 - loadIPPluginJar : add resmgrutility
2024-01-05 05:14:26,735 [INFO] IPUIPlugin:80 - create IPUIPlugin
2024-01-05 05:14:26,735 [INFO] PluginManager:220 - loadIPPluginJar : add sai
2024-01-05 05:14:26,738 [INFO] IPUIPlugin:80 - create IPUIPlugin
2024-01-05 05:14:26,738 [INFO] PluginManager:220 - loadIPPluginJar : add spi
2024-01-05 05:14:26,743 [INFO] IPUIPlugin:80 - create IPUIPlugin
2024-01-05 05:14:26,743 [INFO] PluginManager:220 - loadIPPluginJar : add stm32_wpan
2024-01-05 05:14:26,746 [INFO] IPUIPlugin:80 - create IPUIPlugin
2024-01-05 05:14:26,746 [INFO] PluginManager:220 - loadIPPluginJar : add tim
2024-01-05 05:14:26,749 [INFO] IPUIPlugin:80 - create IPUIPlugin
2024-01-05 05:14:26,749 [INFO] PluginManager:220 - loadIPPluginJar : add touchsensing
2024-01-05 05:14:26,751 [INFO] IPUIPlugin:80 - create IPUIPlugin
2024-01-05 05:14:26,751 [INFO] PluginManager:220 - loadIPPluginJar : add tracer_emb
2024-01-05 05:14:26,753 [INFO] IPUIPlugin:80 - create IPUIPlugin
2024-01-05 05:14:26,754 [INFO] PluginManager:220 - loadIPPluginJar : add ts
2024-01-05 05:14:26,755 [INFO] IPUIPlugin:80 - create IPUIPlugin
2024-01-05 05:14:26,756 [INFO] PluginManager:220 - loadIPPluginJar : add tsc
2024-01-05 05:14:26,758 [INFO] IPUIPlugin:80 - create IPUIPlugin
2024-01-05 05:14:26,758 [INFO] PluginManager:220 - loadIPPluginJar : add ucpd
2024-01-05 05:14:26,762 [INFO] IPUIPlugin:80 - create IPUIPlugin
2024-01-05 05:14:26,762 [INFO] PluginManager:220 - loadIPPluginJar : add usart
2024-01-05 05:14:26,765 [INFO] IPUIPlugin:80 - create IPUIPlugin
2024-01-05 05:14:26,765 [INFO] PluginManager:220 - loadIPPluginJar : add usbx
2024-01-05 05:14:26,902 [INFO] CADModel:165 - CPN selected for project level
2024-01-05 05:14:26,902 [INFO] CADModel:114 - Register for checkConnection events
2024-01-05 05:14:26,902 [FATAL] Updater:308 - Updater called before beeing initialized
2024-01-05 05:14:26,902 [ERROR] CADModel:125 - Updater not yet initialized, retry later 
2024-01-05 05:14:27,046 [INFO] CADModel:165 - CPN selected for project level
2024-01-05 05:14:27,047 [INFO] CADModel:114 - Register for checkConnection events
2024-01-05 05:14:27,047 [FATAL] Updater:308 - Updater called before beeing initialized
2024-01-05 05:14:27,047 [ERROR] CADModel:125 - Updater not yet initialized, retry later 
2024-01-05 05:14:27,052 [FATAL] Updater:308 - Updater called before beeing initialized
2024-01-05 05:14:27,234 [FATAL] Updater:308 - Updater called before beeing initialized
2024-01-05 05:14:27,238 [INFO] DbMcusAds:53 - JSON generation date=Thu Sep 30 12:25:09 IST 2021 (1632984909247)
2024-01-05 05:14:27,238 [FATAL] Updater:308 - Updater called before beeing initialized
2024-01-05 05:14:27,288 [WARN] DetailPanel:346 - Failed to get advertising image, set to default
2024-01-05 05:14:27,386 [FATAL] Updater:308 - Updater called before beeing initialized
2024-01-05 05:14:27,388 [FATAL] Updater:308 - Updater called before beeing initialized
2024-01-05 05:14:27,388 [FATAL] Updater:308 - Updater called before beeing initialized
2024-01-05 05:14:27,388 [WARN] DetailPanel:346 - Failed to get advertising image, set to default
2024-01-05 05:14:27,389 [FATAL] Updater:308 - Updater called before beeing initialized
2024-01-05 05:14:27,466 [ERROR] Updater:1120 - MainUpdater not yet initialized. External WinMGr cannot be set.
2024-01-05 05:14:27,478 [INFO] Updater:1056 - Updater Version found : 6.10.0
2024-01-05 05:14:27,499 [INFO] ApplicationProperties:184 - Using Application install path: C:\ST\STM32CubeIDE_1.14.0\STM32CubeIDE\plugins\com.st.stm32cube.common.mx_6.10.0.202311202037
2024-01-05 05:14:29,071 [ERROR] LogOutputStream:75 - [STDERR_REDIRECT] Jan 05, 2024 5:14:29 AM java.util.prefs.WindowsPreferences <init>
2024-01-05 05:14:29,073 [ERROR] LogOutputStream:75 - [STDERR_REDIRECT] WARNING: Could not open/create prefs root node Software\JavaSoft\Prefs at root 0xffffffff80000002. Windows RegCreateKeyEx(...) returned error code 5.
2024-01-05 05:14:29,074 [ERROR] LogOutputStream:75 - [STDERR_REDIRECT] 
2024-01-05 05:14:29,105 [INFO] MainUpdater:526 - Copy updater definitions from MX database
2024-01-05 05:14:29,138 [INFO] ThirdPartyUpdaterWithRetryManager:70 - Updater plugin not ready yet. [2/15]
2024-01-05 05:14:29,163 [INFO] MainUpdater:559 - Copy flag file definitions from MX database
2024-01-05 05:14:29,177 [INFO] MainUpdater:575 - Copy thirdparty index definitions from MX database
2024-01-05 05:14:29,194 [INFO] MainUpdater:594 - Copy default thirdparty db definitions from MX database
2024-01-05 05:14:30,747 [INFO] MainUpdater:2873 - connection check result : 10
2024-01-05 05:14:30,748 [INFO] MainUpdater:3567 - Updater definition file requires update
2024-01-05 05:14:30,750 [INFO] MainUpdater:290 - Updater Check For Update Now.
2024-01-05 05:14:30,750 [INFO] MicroXplorer:498 - Change Database Version : DB.6.0.100
2024-01-05 05:14:30,772 [INFO] McuFinderGlobals:63 - Set McuFinder mode to 2 (CubeIDE integrated)
2024-01-05 05:14:30,772 [INFO] UserAuth:180 - activating auth plugin
2024-01-05 05:14:30,775 [INFO] UserAuth:404 - Internet connection configuration mode: 1
2024-01-05 05:14:30,796 [INFO] JxBrowserEngine:152 - Initiate JxBrowser Engine with user profile folder
2024-01-05 05:14:30,998 [INFO] ServerAccessManage:473 - Download File updaters.zip
2024-01-05 05:14:31,327 [INFO] FileExtend:240 - Unzip File : updaters.zip
2024-01-05 05:14:31,327 [INFO] FileExtend:255 - Standard Zip Deflate
2024-01-05 05:14:31,954 [INFO] ServerAccessManage:473 - Download File PacksControlFlags.xml
2024-01-05 05:14:32,138 [WARN] MainUpdater:1194 - Updater busy. Cannot search thirdparties
2024-01-05 05:14:32,139 [INFO] ThirdPartyUpdaterWithRetryManager:96 - Updater plugin is busy. [1/15]
2024-01-05 05:14:32,144 [INFO] ServerAccessManage:473 - Download File cubemx.pidx
2024-01-05 05:14:33,125 [INFO] ServerAccessManage:473 - Download File STMicroelectronics.FP-ATR-ASTRA1.pdsc
2024-01-05 05:14:35,140 [WARN] MainUpdater:1194 - Updater busy. Cannot search thirdparties
2024-01-05 05:14:35,140 [INFO] ThirdPartyUpdaterWithRetryManager:96 - Updater plugin is busy. [2/15]
2024-01-05 05:14:36,474 [INFO] ServerAccessManage:473 - Download File STMicroelectronics.FP-ATR-SIGFOX1.pdsc
2024-01-05 05:14:37,269 [INFO] WebApp:161 - Instantiating new browser for Auth
2024-01-05 05:14:38,141 [WARN] MainUpdater:1194 - Updater busy. Cannot search thirdparties
2024-01-05 05:14:38,141 [INFO] ThirdPartyUpdaterWithRetryManager:96 - Updater plugin is busy. [3/15]
2024-01-05 05:14:38,181 [INFO] ServerAccessManage:473 - Download File STMicroelectronics.FP-SNS-FLIGHT1.pdsc
2024-01-05 05:14:38,308 [INFO] WebApp:780 - Register for checkConnection events
2024-01-05 05:14:38,309 [INFO] WebApp:414 - Apply proxy settings
2024-01-05 05:14:38,309 [INFO] WebApp:499 - Chromium requires no authentication
2024-01-05 05:14:38,318 [INFO] WebApp:442 - Direct internet connection detected
2024-01-05 05:14:38,515 [INFO] WebApp:192 - Starting web application
2024-01-05 05:14:38,515 [INFO] WebApp:544 - Web application path used C:\ST\STM32CubeIDE_1.14.0\STM32CubeIDE\plugins\com.st.stm32cube.common.mx_6.10.0.202311202037\db\plugins\mcufinder\reactClient1\index.html
2024-01-05 05:14:40,940 [INFO] ServerAccessManage:473 - Download File STMicroelectronics.FP-SNS-MOTENV1.pdsc
2024-01-05 05:14:41,142 [WARN] MainUpdater:1194 - Updater busy. Cannot search thirdparties
2024-01-05 05:14:41,142 [INFO] ThirdPartyUpdaterWithRetryManager:96 - Updater plugin is busy. [4/15]
2024-01-05 05:14:44,145 [WARN] MainUpdater:1194 - Updater busy. Cannot search thirdparties
2024-01-05 05:14:44,145 [INFO] ThirdPartyUpdaterWithRetryManager:96 - Updater plugin is busy. [5/15]
2024-01-05 05:14:44,280 [INFO] ServerAccessManage:473 - Download File STMicroelectronics.FP-SNS-MOTENVWB1.pdsc
2024-01-05 05:14:46,847 [INFO] ServerAccessManage:473 - Download File STMicroelectronics.FP-SNS-SMARTAG2.pdsc
2024-01-05 05:14:47,147 [WARN] MainUpdater:1194 - Updater busy. Cannot search thirdparties
2024-01-05 05:14:47,147 [INFO] ThirdPartyUpdaterWithRetryManager:96 - Updater plugin is busy. [6/15]
2024-01-05 05:14:48,569 [INFO] ServerAccessManage:473 - Download File STMicroelectronics.X-CUBE-AI.pdsc
2024-01-05 05:14:50,148 [WARN] MainUpdater:1194 - Updater busy. Cannot search thirdparties
2024-01-05 05:14:50,148 [INFO] ThirdPartyUpdaterWithRetryManager:96 - Updater plugin is busy. [7/15]
2024-01-05 05:14:53,149 [WARN] MainUpdater:1194 - Updater busy. Cannot search thirdparties
2024-01-05 05:14:53,149 [INFO] ThirdPartyUpdaterWithRetryManager:96 - Updater plugin is busy. [8/15]
2024-01-05 05:14:56,151 [WARN] MainUpdater:1194 - Updater busy. Cannot search thirdparties
2024-01-05 05:14:56,151 [INFO] ThirdPartyUpdaterWithRetryManager:96 - Updater plugin is busy. [9/15]
2024-01-05 05:14:59,151 [WARN] MainUpdater:1194 - Updater busy. Cannot search thirdparties
2024-01-05 05:14:59,151 [INFO] ThirdPartyUpdaterWithRetryManager:96 - Updater plugin is busy. [10/15]
2024-01-05 05:14:59,232 [INFO] ServerAccessManage:473 - Download File STMicroelectronics.X-CUBE-ALS.pdsc
2024-01-05 05:14:59,663 [ERROR] LogOutputStream:75 - [STDERR_REDIRECT] SLF4J: Failed to load class "org.slf4j.impl.StaticLoggerBinder".
2024-01-05 05:14:59,665 [ERROR] LogOutputStream:75 - [STDERR_REDIRECT] SLF4J: Defaulting to no-operation (NOP) logger implementation
2024-01-05 05:14:59,667 [ERROR] LogOutputStream:75 - [STDERR_REDIRECT] SLF4J: See http://www.slf4j.org/codes.html#StaticLoggerBinder for further details.
2024-01-05 05:15:01,489 [INFO] ServerAccessManage:473 - Download File STMicroelectronics.X-CUBE-BLE1.pdsc
2024-01-05 05:15:02,152 [WARN] MainUpdater:1194 - Updater busy. Cannot search thirdparties
2024-01-05 05:15:02,152 [INFO] ThirdPartyUpdaterWithRetryManager:96 - Updater plugin is busy. [11/15]
2024-01-05 05:15:05,154 [WARN] MainUpdater:1194 - Updater busy. Cannot search thirdparties
2024-01-05 05:15:05,154 [INFO] ThirdPartyUpdaterWithRetryManager:96 - Updater plugin is busy. [12/15]
2024-01-05 05:15:08,155 [WARN] MainUpdater:1194 - Updater busy. Cannot search thirdparties
2024-01-05 05:15:08,155 [INFO] ThirdPartyUpdaterWithRetryManager:96 - Updater plugin is busy. [13/15]
2024-01-05 05:15:08,740 [ERROR] ServerAccessManage:1089 - Problem, file not found on Server
2024-01-05 05:15:09,662 [INFO] ServerAccessManage:473 - Download File STMicroelectronics.X-CUBE-BLE2.pdsc
2024-01-05 05:15:11,156 [WARN] MainUpdater:1194 - Updater busy. Cannot search thirdparties
2024-01-05 05:15:11,156 [INFO] ThirdPartyUpdaterWithRetryManager:96 - Updater plugin is busy. [14/15]
2024-01-05 05:15:14,157 [WARN] MainUpdater:1194 - Updater busy. Cannot search thirdparties
2024-01-05 05:15:14,157 [INFO] ThirdPartyUpdaterWithRetryManager:96 - Updater plugin is busy. [15/15]
2024-01-05 05:15:14,157 [ERROR] IntegrityCheckThread:130 - Cannot retrieve database content from updater: error -1
2024-01-05 05:15:14,157 [INFO] ThirdParty:978 - Integrity check success = false
2024-01-05 05:15:14,157 [INFO] IntegrityCheckThread:100 - exiting critical section [integrity check]
2024-01-05 05:15:14,158 [INFO] IntegrityCheckThread:103 - End integrity checks thread
2024-01-05 05:15:15,067 [INFO] ServerAccessManage:473 - Download File STMicroelectronics.X-CUBE-BLEMGR.pdsc
2024-01-05 05:15:19,122 [INFO] ServerAccessManage:473 - Download File STMicroelectronics.X-CUBE-DISPLAY.pdsc
2024-01-05 05:15:24,123 [INFO] ServerAccessManage:473 - Download File STMicroelectronics.X-CUBE-EEPRMA1.pdsc
2024-01-05 05:15:25,732 [ERROR] ServerAccessManage:1089 - Problem, file not found on Server
2024-01-05 05:15:28,637 [INFO] ServerAccessManage:473 - Download File STMicroelectronics.X-CUBE-FREERTOS.pdsc
2024-01-05 05:15:31,107 [INFO] ServerAccessManage:473 - Download File STMicroelectronics.X-CUBE-GNSS1.pdsc
2024-01-05 05:15:34,976 [ERROR] ServerAccessManage:1089 - Problem, file not found on Server
2024-01-05 05:15:35,211 [ERROR] ServerAccessManage:1089 - Problem, file not found on Server
2024-01-05 05:15:35,445 [ERROR] ServerAccessManage:1089 - Problem, file not found on Server
2024-01-05 05:15:36,103 [ERROR] ServerAccessManage:1089 - Problem, file not found on Server
2024-01-05 05:15:36,769 [ERROR] ServerAccessManage:1089 - Problem, file not found on Server
2024-01-05 05:15:37,002 [ERROR] ServerAccessManage:1089 - Problem, file not found on Server
2024-01-05 05:15:38,045 [INFO] ServerAccessManage:473 - Download File STMicroelectronics.X-CUBE-ISPU.pdsc
2024-01-05 05:15:40,609 [INFO] ServerAccessManage:473 - Download File STMicroelectronics.X-CUBE-MEMS1.pdsc
2024-01-05 05:15:53,394 [INFO] ServerAccessManage:473 - Download File STMicroelectronics.X-CUBE-NFC4.pdsc
2024-01-05 05:16:01,691 [INFO] ServerAccessManage:473 - Download File STMicroelectronics.X-CUBE-NFC6.pdsc
2024-01-05 05:16:03,217 [INFO] ServerAccessManage:473 - Download File STMicroelectronics.X-CUBE-NFC7.pdsc
2024-01-05 05:16:05,489 [INFO] ServerAccessManage:473 - Download File STMicroelectronics.X-CUBE-SFXS2LP1.pdsc
2024-01-05 05:16:09,088 [INFO] ServerAccessManage:473 - Download File STMicroelectronics.X-CUBE-SUBG2.pdsc
2024-01-05 05:16:14,684 [INFO] ServerAccessManage:473 - Download File STMicroelectronics.X-CUBE-SMBUS.pdsc
2024-01-05 05:16:16,075 [ERROR] ServerAccessManage:1089 - Problem, file not found on Server
2024-01-05 05:16:16,921 [INFO] ServerAccessManage:473 - Download File STMicroelectronics.X-CUBE-TOF1.pdsc
2024-01-05 05:16:20,709 [ERROR] ServerAccessManage:1089 - Problem, file not found on Server
2024-01-05 05:16:22,219 [INFO] ServerAccessManage:473 - Download File STMicroelectronics.X-CUBE-TOUCHGFX.pdsc
2024-01-05 05:16:32,870 [INFO] ServerAccessManage:473 - Download File STMicroelectronics.X-CUBE-ALGOBUILD.pdsc
2024-01-05 05:16:36,198 [INFO] ServerAccessManage:473 - Download File STMicroelectronics.X-CUBE-AZRTOS-H7.pdsc
2024-01-05 05:16:40,684 [INFO] ServerAccessManage:473 - Download File STMicroelectronics.X-CUBE-AZRTOS-F4.pdsc
2024-01-05 05:16:43,109 [INFO] ServerAccessManage:473 - Download File STMicroelectronics.X-CUBE-AZRTOS-F7.pdsc
2024-01-05 05:16:44,934 [INFO] ServerAccessManage:473 - Download File STMicroelectronics.X-CUBE-AZRTOS-L4.pdsc
2024-01-05 05:16:46,882 [INFO] ServerAccessManage:473 - Download File STMicroelectronics.X-CUBE-AZRTOS-L5.pdsc
2024-01-05 05:16:49,872 [INFO] ServerAccessManage:473 - Download File STMicroelectronics.X-CUBE-AZRTOS-G0.pdsc
2024-01-05 05:16:52,182 [INFO] ServerAccessManage:473 - Download File STMicroelectronics.X-CUBE-AZRTOS-G4.pdsc
2024-01-05 05:16:54,426 [INFO] ServerAccessManage:473 - Download File STMicroelectronics.X-CUBE-AZRTOS-WB.pdsc
2024-01-05 05:16:56,917 [INFO] ServerAccessManage:473 - Download File STMicroelectronics.X-CUBE-AZRTOS-WL.pdsc
2024-01-05 05:16:59,258 [INFO] ServerAccessManage:473 - Download File wolfSSL.I-CUBE-wolfSSL.pdsc
2024-01-05 05:17:04,817 [ERROR] ServerAccessManage:1089 - Problem, file not found on Server
2024-01-05 05:17:05,301 [ERROR] ServerAccessManage:1089 - Problem, file not found on Server
2024-01-05 05:17:05,781 [ERROR] ServerAccessManage:1089 - Problem, file not found on Server
2024-01-05 05:17:07,088 [ERROR] ServerAccessManage:1096 - Problem, Http access forbiden
2024-01-05 05:17:07,089 [ERROR] ServerAccessManage:651 - Problem, Http access forbiden : RoweBots.I-CUBE-UNISONRTOS.pdsc.
2024-01-05 05:17:07,829 [INFO] ServerAccessManage:473 - Download File SEGGER.I-CUBE-embOS.pdsc
2024-01-05 05:17:10,920 [INFO] ServerAccessManage:473 - Download File portGmbH.I-Cube-SoM-uGOAL.pdsc
2024-01-05 05:17:12,702 [ERROR] ServerAccessManage:1089 - Problem, file not found on Server
2024-01-05 05:17:12,846 [ERROR] ServerAccessManage:1089 - Problem, file not found on Server
2024-01-05 05:17:13,002 [ERROR] ServerAccessManage:1089 - Problem, file not found on Server
2024-01-05 05:17:14,702 [INFO] ServerAccessManage:473 - Download File emotas.I-CUBE-CANOPEN.pdsc
2024-01-05 05:17:17,314 [INFO] ServerAccessManage:473 - Download File WES.I-CUBE-Cesium.pdsc
2024-01-05 05:17:18,349 [ERROR] ServerAccessManage:1089 - Problem, file not found on Server
2024-01-05 05:17:18,778 [ERROR] ServerAccessManage:1089 - Problem, file not found on Server
2024-01-05 05:17:20,402 [INFO] ServerAccessManage:473 - Download File ITTIA_DB.I-CUBE-ITTIADB.pdsc
2024-01-05 05:17:25,985 [INFO] ServerAccessManage:473 - Download File Infineon.AIROC-Wi-Fi-Bluetooth-STM32.pdsc
2024-01-05 05:17:29,799 [WARN] CheckServerUpdateThread:151 - Open CheckUpdateFile Fail
2024-01-05 05:17:29,802 [WARN] PackLoader:240 - Cannot read IP mode file for STMicroelectronics.FP-ATR-ASTRA1.2.0.0
2024-01-05 05:17:29,811 [WARN] PackLoader:240 - Cannot read IP mode file for STMicroelectronics.FP-ATR-SIGFOX1.3.2.0
2024-01-05 05:17:29,819 [WARN] PackLoader:240 - Cannot read IP mode file for STMicroelectronics.FP-SNS-FLIGHT1.5.0.2
2024-01-05 05:17:29,828 [WARN] PackLoader:240 - Cannot read IP mode file for STMicroelectronics.FP-SNS-MOTENV1.4.3.2
2024-01-05 05:17:29,851 [WARN] PackLoader:240 - Cannot read IP mode file for STMicroelectronics.FP-SNS-MOTENVWB1.1.3.1
2024-01-05 05:17:29,861 [WARN] PackLoader:240 - Cannot read IP mode file for STMicroelectronics.FP-SNS-SMARTAG2.1.2.0
2024-01-05 05:17:29,865 [WARN] PackLoader:240 - Cannot read IP mode file for STMicroelectronics.X-CUBE-AI.8.1.0
2024-01-05 05:17:29,872 [WARN] PackLoader:240 - Cannot read IP mode file for STMicroelectronics.X-CUBE-ALS.1.0.1
2024-01-05 05:17:29,880 [WARN] PackLoader:240 - Cannot read IP mode file for STMicroelectronics.X-CUBE-BLE1.7.0.0
2024-01-05 05:17:29,890 [WARN] PackLoader:240 - Cannot read IP mode file for STMicroelectronics.X-CUBE-BLE2.3.3.0
2024-01-05 05:17:29,910 [WARN] PackLoader:240 - Cannot read IP mode file for STMicroelectronics.X-CUBE-BLEMGR.3.0.0
2024-01-05 05:17:29,929 [WARN] PackLoader:240 - Cannot read IP mode file for STMicroelectronics.X-CUBE-DISPLAY.3.0.0
2024-01-05 05:17:29,949 [INFO] CheckServerUpdateThread:120 - End of CheckServer Thread
2024-01-05 05:17:29,950 [WARN] PackLoader:240 - Cannot read IP mode file for STMicroelectronics.X-CUBE-EEPRMA1.4.2.0
2024-01-05 05:17:29,966 [WARN] PackLoader:240 - Cannot read IP mode file for STMicroelectronics.X-CUBE-FREERTOS.1.1.0
2024-01-05 05:17:29,977 [WARN] PackLoader:240 - Cannot read IP mode file for STMicroelectronics.X-CUBE-GNSS1.6.0.0
2024-01-05 05:17:29,984 [WARN] PackLoader:240 - Cannot read IP mode file for STMicroelectronics.X-CUBE-ISPU.2.0.0
2024-01-05 05:17:30,054 [WARN] PackLoader:240 - Cannot read IP mode file for STMicroelectronics.X-CUBE-MEMS1.10.0.0
2024-01-05 05:17:30,282 [WARN] PackLoader:240 - Cannot read IP mode file for STMicroelectronics.X-CUBE-NFC4.3.0.0
2024-01-05 05:17:30,294 [WARN] PackLoader:240 - Cannot read IP mode file for STMicroelectronics.X-CUBE-NFC6.3.0.0
2024-01-05 05:17:30,302 [WARN] PackLoader:240 - Cannot read IP mode file for STMicroelectronics.X-CUBE-NFC7.1.0.1
2024-01-05 05:17:30,313 [WARN] PackLoader:240 - Cannot read IP mode file for STMicroelectronics.X-CUBE-SFXS2LP1.4.0.0
2024-01-05 05:17:30,327 [WARN] PackLoader:240 - Cannot read IP mode file for STMicroelectronics.X-CUBE-SUBG2.5.0.0
2024-01-05 05:17:30,340 [WARN] PackLoader:240 - Cannot read IP mode file for STMicroelectronics.X-CUBE-SMBUS.2.1.0
2024-01-05 05:17:30,356 [WARN] PackLoader:240 - Cannot read IP mode file for STMicroelectronics.X-CUBE-TOF1.3.4.0
2024-01-05 05:17:30,381 [WARN] PackLoader:240 - Cannot read IP mode file for STMicroelectronics.X-CUBE-TOUCHGFX.4.23.0
2024-01-05 05:17:30,391 [WARN] PackLoader:240 - Cannot read IP mode file for STMicroelectronics.X-CUBE-ALGOBUILD.1.3.0
2024-01-05 05:17:30,453 [WARN] PackLoader:240 - Cannot read IP mode file for STMicroelectronics.X-CUBE-AZRTOS-H7.3.2.0
2024-01-05 05:17:30,504 [WARN] PackLoader:240 - Cannot read IP mode file for STMicroelectronics.X-CUBE-AZRTOS-F4.1.1.0
2024-01-05 05:17:30,570 [WARN] PackLoader:240 - Cannot read IP mode file for STMicroelectronics.X-CUBE-AZRTOS-F7.1.1.0
2024-01-05 05:17:30,631 [WARN] ConditionMgr:438 - getConditionDescription Invalid condition id : LAN8742 Phy interface Condition cause : null
2024-01-05 05:17:30,633 [WARN] PackLoader:240 - Cannot read IP mode file for STMicroelectronics.X-CUBE-AZRTOS-L4.2.0.0
2024-01-05 05:17:30,639 [WARN] ConditionMgr:1039 - genDependencies : Invalid condition id : LAN8742 Phy interface Condition cause : null
2024-01-05 05:17:30,639 [WARN] ConditionMgr:1039 - genDependencies : Invalid condition id : LAN8742 Phy interface Condition cause : null
2024-01-05 05:17:30,641 [WARN] ConditionMgr:1039 - genDependencies : Invalid condition id : LAN8742 Phy interface Condition cause : null
2024-01-05 05:17:30,690 [WARN] PackLoader:240 - Cannot read IP mode file for STMicroelectronics.X-CUBE-AZRTOS-L5.2.0.0
2024-01-05 05:17:30,732 [WARN] PackLoader:240 - Cannot read IP mode file for STMicroelectronics.X-CUBE-AZRTOS-G0.1.1.0
2024-01-05 05:17:30,777 [WARN] PackLoader:240 - Cannot read IP mode file for STMicroelectronics.X-CUBE-AZRTOS-G4.2.0.0
2024-01-05 05:17:30,812 [WARN] ConditionMgr:438 - getConditionDescription Invalid condition id : UX DEVICE CLASS RTOS Condition cause : null
2024-01-05 05:17:30,813 [WARN] ConditionMgr:438 - getConditionDescription Invalid condition id : UX DEVICE CLASS RTOS Condition cause : null
2024-01-05 05:17:30,819 [WARN] PackLoader:240 - Cannot read IP mode file for STMicroelectronics.X-CUBE-AZRTOS-WB.2.0.0
2024-01-05 05:17:30,821 [WARN] ConditionMgr:1039 - genDependencies : Invalid condition id : UX DEVICE CLASS RTOS Condition cause : null
2024-01-05 05:17:30,821 [WARN] ConditionMgr:1039 - genDependencies : Invalid condition id : UX DEVICE CLASS RTOS Condition cause : null
2024-01-05 05:17:30,822 [WARN] ConditionMgr:1039 - genDependencies : Invalid condition id : UX DEVICE CLASS RTOS Condition cause : null
2024-01-05 05:17:30,823 [WARN] ConditionMgr:1039 - genDependencies : Invalid condition id : UX DEVICE CLASS RTOS Condition cause : null
2024-01-05 05:17:30,824 [WARN] ConditionMgr:1039 - genDependencies : Invalid condition id : UX DEVICE CLASS RTOS Condition cause : null
2024-01-05 05:17:30,856 [INFO] LogOutputStream:77 - [STDOUT_REDIRECT] 1 : Invalid condition id : UX_CORESTACK_Condition cause : null
2024-01-05 05:17:30,859 [INFO] LogOutputStream:77 - [STDOUT_REDIRECT] 1 : Invalid condition id : UX_CORESTACK_Condition cause : null
2024-01-05 05:17:30,862 [INFO] LogOutputStream:77 - [STDOUT_REDIRECT] 1 : Invalid condition id : UX_CORESTACK_Condition cause : null
2024-01-05 05:17:30,865 [INFO] LogOutputStream:77 - [STDOUT_REDIRECT] 1 : Invalid condition id : UX_CORESTACK_Condition cause : null
2024-01-05 05:17:30,868 [INFO] LogOutputStream:77 - [STDOUT_REDIRECT] 1 : Invalid condition id : UX_CORESTACK_Condition cause : null
2024-01-05 05:17:30,881 [WARN] PackLoader:240 - Cannot read IP mode file for STMicroelectronics.X-CUBE-AZRTOS-WL.2.0.0
2024-01-05 05:17:30,893 [WARN] PackLoader:240 - Cannot read IP mode file for wolfSSL.I-CUBE-wolfSSL.5.6.6
2024-01-05 05:17:30,980 [WARN] PackLoader:240 - Cannot read IP mode file for SEGGER.I-CUBE-embOS.1.3.1
2024-01-05 05:17:31,098 [WARN] PackLoader:240 - Cannot read IP mode file for portGmbH.I-Cube-SoM-uGOAL.1.1.0
2024-01-05 05:17:31,106 [WARN] PackLoader:240 - Cannot read IP mode file for emotas.I-CUBE-CANOPEN.1.3.0
2024-01-05 05:17:31,117 [WARN] PackLoader:240 - Cannot read IP mode file for WES.I-CUBE-Cesium.1.3.0
2024-01-05 05:17:31,125 [WARN] PackLoader:240 - Cannot read IP mode file for ITTIA_DB.I-CUBE-ITTIADB.8.8.0
2024-01-05 05:17:31,151 [WARN] PackLoader:240 - Cannot read IP mode file for Infineon.AIROC-Wi-Fi-Bluetooth-STM32.1.5.1
2024-01-05 05:17:31,161 [INFO] PopulateThirdPartyThread:66 - Ending populate Thread
2024-01-05 05:17:31,169 [INFO] ThirdParty:1030 - CMSIS Pack Vendor :STMicroelectronics X-CUBE-DISPLAY 3.0.0
2024-01-05 05:17:31,169 [INFO] ThirdParty:1030 - CMSIS Pack Vendor :STMicroelectronics X-CUBE-GNSS1 6.0.0
2024-01-05 05:17:31,169 [INFO] ThirdParty:1030 - CMSIS Pack Vendor :STMicroelectronics FP-SNS-MOTENVWB1 1.3.1
2024-01-05 05:17:31,170 [INFO] ThirdParty:1030 - CMSIS Pack Vendor :STMicroelectronics X-CUBE-AZRTOS-F4 1.1.0
2024-01-05 05:17:31,170 [INFO] ThirdParty:1030 - CMSIS Pack Vendor :STMicroelectronics FP-ATR-SIGFOX1 3.2.0
2024-01-05 05:17:31,171 [INFO] ThirdParty:1030 - CMSIS Pack Vendor :STMicroelectronics X-CUBE-BLE1 7.0.0
2024-01-05 05:17:31,171 [INFO] ThirdParty:1030 - CMSIS Pack Vendor :STMicroelectronics X-CUBE-SMBUS 2.1.0
2024-01-05 05:17:31,171 [INFO] ThirdParty:1030 - CMSIS Pack Vendor :STMicroelectronics X-CUBE-ISPU 2.0.0
2024-01-05 05:17:31,171 [INFO] ThirdParty:1030 - CMSIS Pack Vendor :STMicroelectronics X-CUBE-AZRTOS-WB 2.0.0
2024-01-05 05:17:31,172 [INFO] ThirdParty:1030 - CMSIS Pack Vendor :emotas I-CUBE-CANOPEN 1.3.0
2024-01-05 05:17:31,172 [INFO] ThirdParty:1030 - CMSIS Pack Vendor :STMicroelectronics X-CUBE-MEMS1 10.0.0
2024-01-05 05:17:31,173 [INFO] ThirdParty:1030 - CMSIS Pack Vendor :wolfSSL I-CUBE-wolfSSL 5.6.6
2024-01-05 05:17:31,173 [INFO] ThirdParty:1030 - CMSIS Pack Vendor :STMicroelectronics X-CUBE-FREERTOS 1.1.0
2024-01-05 05:17:31,173 [INFO] ThirdParty:1030 - CMSIS Pack Vendor :STMicroelectronics X-CUBE-NFC7 1.0.1
2024-01-05 05:17:31,174 [INFO] ThirdParty:1030 - CMSIS Pack Vendor :STMicroelectronics X-CUBE-TOUCHGFX 4.23.0
2024-01-05 05:17:31,174 [INFO] ThirdParty:1030 - CMSIS Pack Vendor :STMicroelectronics X-CUBE-AZRTOS-F7 1.1.0
2024-01-05 05:17:31,174 [INFO] ThirdParty:1030 - CMSIS Pack Vendor :STMicroelectronics X-CUBE-AZRTOS-L5 2.0.0
2024-01-05 05:17:31,174 [INFO] ThirdParty:1030 - CMSIS Pack Vendor :STMicroelectronics X-CUBE-NFC6 3.0.0
2024-01-05 05:17:31,174 [INFO] ThirdParty:1030 - CMSIS Pack Vendor :STMicroelectronics X-CUBE-ALS 1.0.1
2024-01-05 05:17:31,174 [INFO] ThirdParty:1030 - CMSIS Pack Vendor :portGmbH I-Cube-SoM-uGOAL 1.1.0
2024-01-05 05:17:31,174 [INFO] ThirdParty:1030 - CMSIS Pack Vendor :STMicroelectronics X-CUBE-EEPRMA1 4.2.0
2024-01-05 05:17:31,175 [INFO] ThirdParty:1030 - CMSIS Pack Vendor :ITTIA_DB I-CUBE-ITTIADB 8.8.0
2024-01-05 05:17:31,175 [INFO] ThirdParty:1030 - CMSIS Pack Vendor :STMicroelectronics FP-SNS-SMARTAG2 1.2.0
2024-01-05 05:17:31,175 [INFO] ThirdParty:1030 - CMSIS Pack Vendor :STMicroelectronics FP-SNS-MOTENV1 4.3.2
2024-01-05 05:17:31,175 [INFO] ThirdParty:1030 - CMSIS Pack Vendor :STMicroelectronics X-CUBE-ALGOBUILD 1.3.0
2024-01-05 05:17:31,175 [INFO] ThirdParty:1030 - CMSIS Pack Vendor :STMicroelectronics X-CUBE-AZRTOS-WL 2.0.0
2024-01-05 05:17:31,175 [INFO] ThirdParty:1030 - CMSIS Pack Vendor :SEGGER I-CUBE-embOS 1.3.1
2024-01-05 05:17:31,175 [INFO] ThirdParty:1030 - CMSIS Pack Vendor :STMicroelectronics X-CUBE-AZRTOS-G0 1.1.0
2024-01-05 05:17:31,175 [INFO] ThirdParty:1030 - CMSIS Pack Vendor :STMicroelectronics X-CUBE-AI 8.1.0
2024-01-05 05:17:31,176 [INFO] ThirdParty:1030 - CMSIS Pack Vendor :STMicroelectronics X-CUBE-NFC4 3.0.0
2024-01-05 05:17:31,176 [INFO] ThirdParty:1030 - CMSIS Pack Vendor :STMicroelectronics X-CUBE-SUBG2 5.0.0
2024-01-05 05:17:31,176 [INFO] ThirdParty:1030 - CMSIS Pack Vendor :STMicroelectronics X-CUBE-AZRTOS-L4 2.0.0
2024-01-05 05:17:31,176 [INFO] ThirdParty:1030 - CMSIS Pack Vendor :STMicroelectronics FP-ATR-ASTRA1 2.0.0
2024-01-05 05:17:31,176 [INFO] ThirdParty:1030 - CMSIS Pack Vendor :WES I-CUBE-Cesium 1.3.0
2024-01-05 05:17:31,176 [INFO] ThirdParty:1030 - CMSIS Pack Vendor :STMicroelectronics X-CUBE-SFXS2LP1 4.0.0
2024-01-05 05:17:31,176 [INFO] ThirdParty:1030 - CMSIS Pack Vendor :STMicroelectronics FP-SNS-FLIGHT1 5.0.2
2024-01-05 05:17:31,176 [INFO] ThirdParty:1030 - CMSIS Pack Vendor :STMicroelectronics X-CUBE-BLE2 3.3.0
2024-01-05 05:17:31,177 [INFO] ThirdParty:1030 - CMSIS Pack Vendor :STMicroelectronics X-CUBE-TOF1 3.4.0
2024-01-05 05:17:31,177 [INFO] ThirdParty:1030 - CMSIS Pack Vendor :STMicroelectronics X-CUBE-AZRTOS-G4 2.0.0
2024-01-05 05:17:31,177 [INFO] ThirdParty:1030 - CMSIS Pack Vendor :STMicroelectronics X-CUBE-AZRTOS-H7 3.2.0
2024-01-05 05:17:31,177 [INFO] ThirdParty:1030 - CMSIS Pack Vendor :Infineon AIROC-Wi-Fi-Bluetooth-STM32 1.5.1
2024-01-05 05:17:31,177 [INFO] ThirdParty:1030 - CMSIS Pack Vendor :STMicroelectronics X-CUBE-BLEMGR 3.0.0
2024-01-05 05:17:31,179 [INFO] LoadServerUpdatesThread:375 - End of LoadServerUpdate Thread
2024-01-05 05:39:05,586 [INFO] McuFinderGlobals:63 - Set McuFinder mode to 2 (CubeIDE integrated)
2024-01-05 05:39:05,612 [INFO] MainUpdater:2873 - connection check result : 10
2024-01-05 05:39:05,635 [INFO] McuFinderGlobals:76 - Set McuFinderConnectedMode to true
2024-01-05 05:39:06,740 [INFO] ServerAccessManage:473 - Download File mcusAds.json._tmp_
2024-01-05 05:39:06,851 [INFO] LoadUrlFilesThread:156 - End of LoadUrlFiles Thread
2024-01-05 05:39:09,278 [INFO] ServerAccessManage:473 - Download File cube-finder-db.zip
2024-01-05 05:39:23,038 [INFO] FileExtend:240 - Unzip File : cube-finder-db.zip
2024-01-05 05:39:23,038 [INFO] FileExtend:255 - Standard Zip Deflate
2024-01-05 05:39:23,972 [INFO] LoadUrlFilesThread:156 - End of LoadUrlFiles Thread
2024-01-05 05:39:24,753 [INFO] ServerAccessManage:473 - Download File crdb.zip
2024-01-05 05:39:26,020 [INFO] FileExtend:240 - Unzip File : crdb.zip
2024-01-05 05:39:26,020 [INFO] FileExtend:255 - Standard Zip Deflate
2024-01-05 05:39:26,146 [INFO] LoadUrlFilesThread:156 - End of LoadUrlFiles Thread
2024-01-05 05:39:28,797 [INFO] ServerAccessManage:473 - Download File tutoVideoDB.zip
2024-01-05 05:39:28,947 [INFO] FileExtend:240 - Unzip File : tutoVideoDB.zip
2024-01-05 05:39:28,947 [INFO] FileExtend:255 - Standard Zip Deflate
2024-01-05 05:39:29,063 [INFO] LoadUrlFilesThread:156 - End of LoadUrlFiles Thread
2024-01-05 05:39:29,063 [WARN] DbFile:41 - Overriding database path with different value: C:\Users\HP\.stmcufinder\plugins\mcufinder/ => C:\Users\HP\.stmcufinder\plugins\mcufinder
2024-01-05 05:39:30,202 [INFO] ServerAccessManage:473 - Download File api_config.json
2024-01-05 05:39:30,308 [INFO] LoadUrlFilesThread:156 - End of LoadUrlFiles Thread
2024-01-05 05:39:30,311 [INFO] DbMcusAds:53 - JSON generation date=Wed Nov 29 16:22:27 IST 2023 (1701255147349)
2024-01-05 05:39:30,396 [INFO] ServerAccessManage:473 - Download File 
2024-01-05 05:39:30,422 [INFO] LoadUrlFilesThread:185 - End of LoadServerUrlFiles without Thread
2024-01-05 05:39:30,423 [INFO] TargetSelectorAdapter:259 - Refresh data is successful
2024-01-05 05:39:30,558 [INFO] ApiDb:581 - Connected to CubeFinder SQLite database (C:\Users\HP\.stmcufinder\plugins\mcufinder\mcu\cube-finder-db.db)
2024-01-05 05:39:30,635 [INFO] ApiDb:668 - CubeFinder database Data Model version=2.1
2024-01-05 05:39:30,636 [INFO] ApiDb:669 - CubeFinder database Configuration version=3.0.39
2024-01-05 05:39:30,637 [INFO] ApiDb:670 - CubeFinder database generation date=2023-12-08 (1702028721)
2024-01-05 05:39:30,637 [INFO] ApiDb:671 - CubeFinder database FW Pack versions=[FP-ATR-ASTRA1_V2.0.0, FP-SNS-FLIGHT1_V5.0.1, FP-SNS-FLIGHT1_V5.0.2, FP-SNS-MOTENV1_V4.3.1, FP-SNS-MOTENV1_V4.3.2, FP-SNS-MOTENVWB1_V1.3.1, FP-SNS-SMARTAG2_V1.2.0, STM32Cube_FW_C0_V1.1.0, STM32Cube_FW_F4_V1.28.0, STM32Cube_FW_F7_V1.17.0, STM32Cube_FW_G0_V1.6.1, STM32Cube_FW_G4_V1.5.1, STM32Cube_FW_H5_V0.5.1, STM32Cube_FW_H5_V1.1.1, STM32Cube_FW_H5_V1.2.0RC2, STM32Cube_FW_H7_V1.11.0, STM32Cube_FW_L0_V1.12.2, STM32Cube_FW_L5_V1.5.0, STM32Cube_FW_U5_V1.3.0RC4, STM32Cube_FW_U5_V1.4.0, STM32Cube_FW_WBA_V1.0.0RC1, STM32Cube_FW_WBA_V1.1.0RC1, STM32Cube_FW_WBA_V1.2.0, STM32Cube_FW_WBA_V1.2.0RC2, STM32Cube_FW_WB_V1.15.0RC1, STM32Cube_FW_WB_V1.16.0, STM32Cube_FW_WB_V1.16.0RC2, STM32Cube_FW_WB_V1.18.0, STM32Cube_FW_WL_V1.3.0, X-CUBE-ALGOBUILD_V1.3.0, X-CUBE-ALS_V1.0.1, X-CUBE-AZRTOS-F4_V1.1.0, X-CUBE-AZRTOS-F7_V1.1.0, X-CUBE-AZRTOS-G0_V1.1.0, X-CUBE-AZRTOS-G4_V2.0.0, X-CUBE-AZRTOS-H7_V3.1.0, X-CUBE-AZRTOS-L4_V1.0.0, X-CUBE-AZRTOS-L4_V2.0.0, X-CUBE-AZRTOS-L5_V1.1.0, X-CUBE-AZRTOS-WB_V2.0.0, X-CUBE-AZRTOS-WL_V2.0.0, X-CUBE-BLE1_V7.0.0, X-CUBE-BLE2_V3.3.0, X-CUBE-BLEMGR_V3.0.0, X-CUBE-EEPRMA1_V4.1.0, X-CUBE-EEPRMA1_V4.2.0, X-CUBE-FREERTOS_V1.1.0, X-CUBE-GNSS1_V6.0.0, X-CUBE-MEMS1_V10.0.0, X-CUBE-MEMS1_V9.1.0, X-CUBE-MEMS1_V9.4.0, X-CUBE-MEMS1_V9.6.0, X-CUBE-NFC4_V3.0.0, X-CUBE-NFC7_V1.0.1, X-CUBE-SFXS2LP1_V4.0.0, X-CUBE-SUBG2_V5.0.0, X-CUBE-TOF1_V3.4.0]
2024-01-05 05:39:32,572 [INFO] ApiDb:240 - Found 371 in-development CPN: [B-G473E-ZEST1S, B-WB1M-WPAN1, B-WL5M-SUBG1, NUCLEO-C031C6, NUCLEO-H503RB, NUCLEO-H563ZI, NUCLEO-U545RE-Q, NUCLEO-U5A5ZJ-Q, NUCLEO-WBA52CG, NUCLEO-WBA55CG, STEVAL-MKBOXPRO, STEVAL-PROTEUS1, STEVAL-STWINBX1, STM320518-EVAL, STM32C0116-DK, STM32C011D6Y3TR, STM32C011D6Y6TR, STM32C011F4P3, STM32C011F4P6, STM32C011F4U3, STM32C011F4U6TR, STM32C011F6P3, STM32C011F6P6, STM32C011F6U3, STM32C011F6U6TR, STM32C011J4M3, STM32C011J4M6, STM32C011J6M3, STM32C011J6M6, STM32C0316-DK, STM32C031C4T3, STM32C031C4T6, STM32C031C4U3, STM32C031C4U6, STM32C031C6T3, STM32C031C6T6, STM32C031C6U3, STM32C031C6U6, STM32C031F4P3, STM32C031F4P6, STM32C031F6P3, STM32C031F6P6, STM32C031G4U3, STM32C031G4U6, STM32C031G6U3, STM32C031G6U6, STM32C031K4T3, STM32C031K4T6, STM32C031K4U3, STM32C031K4U6, STM32C031K6T3, STM32C031K6T6, STM32C031K6U3, STM32C031K6U6, STM32G071K8TXN, STM32G071K8UXN, STM32G081GBU6N, STM32G081KBT6N, STM32G081KBUXN, STM32G0B1CCT6N, STM32G0B1KCT6, STM32G0B1NEY6TR, STM32G0B1RCT6N, STM32G0C1CCT6, STM32G0C1CCT6N, STM32G0C1CCU6N, STM32G0C1CET6N, STM32G0C1CEU6N, STM32G0C1KCT6, STM32G0C1NEY6TR, STM32G0C1RCI6N, STM32G0C1RCT6N, STM32G0C1REI6N, STM32G0C1RET6N, STM32G0C1VCI6, STM32G0C1VEI6, STM32G471CCT6, STM32G471CCU6, STM32G471CET3, STM32G471CET6, STM32G471CEU3, STM32G471CEU6, STM32G471MCT6, STM32G471MET3, STM32G471MET6, STM32G471MEY6TR, STM32G471QCT6, STM32G471QET3, STM32G471RCT6, STM32G471RET3, STM32G471RET6, STM32G471VCH6, STM32G471VCI6, STM32G471VCT6, STM32G471VEH3, STM32G471VEH6, STM32G471VEI3, STM32G471VEI6, STM32G471VET3, STM32G471VET6, STM32G474CCT6, STM32H503CBT6, STM32H503CBU6, STM32H503EBY6TR, STM32H503KBU6, STM32H503RBT6, STM32H562AGI6, STM32H562AII6, STM32H562IGK6, STM32H562IGT6, STM32H562IIK6, STM32H562IIT6, STM32H562RGT6, STM32H562RGV6, STM32H562RIT6, STM32H562RIV6, STM32H562VGT6, STM32H562VIT6, STM32H562ZGT6, STM32H562ZIT6, STM32H563AGI6, STM32H563AII3Q, STM32H563AII6, STM32H563IGK6, STM32H563IGT6, STM32H563IIK3Q, STM32H563IIK6, STM32H563IIT3Q, STM32H563IIT6, STM32H563MIY3QTR, STM32H563RGT6, STM32H563RGV6, STM32H563RIT6, STM32H563RIV6, STM32H563VGT6, STM32H563VIT3Q, STM32H563VIT6, STM32H563ZGT6, STM32H563ZIT3Q, STM32H563ZIT6, STM32H573AII3Q, STM32H573AII6, STM32H573I-DK, STM32H573IIK3Q, STM32H573IIK6, STM32H573IIT3Q, STM32H573IIT6, STM32H573MIY3QTR, STM32H573RIT6, STM32H573RIV6, STM32H573VIT3Q, STM32H573VIT6, STM32H573ZIT3Q, STM32H573ZIT6, STM32L4R5QGI6STR, STM32MP131AAE3, STM32MP131AAF3, STM32MP131AAG3, STM32MP131CAE3, STM32MP131CAF3, STM32MP131CAG3, STM32MP131DAE7, STM32MP131DAF7, STM32MP131DAG7, STM32MP131FAE7, STM32MP131FAF7, STM32MP131FAG7, STM32MP133AAE3, STM32MP133AAF3, STM32MP133AAG3, STM32MP133CAE3, STM32MP133CAF3, STM32MP133CAG3, STM32MP133DAE7, STM32MP133DAF7, STM32MP133DAG7, STM32MP133FAE7, STM32MP133FAF7, STM32MP133FAG7, STM32MP135AAE3, STM32MP135AAF3, STM32MP135AAG3, STM32MP135CAE3, STM32MP135CAF3, STM32MP135CAG3, STM32MP135DAE7, STM32MP135DAF7, STM32MP135DAG7, STM32MP135F-DK, STM32MP135FAE7, STM32MP135FAF7, STM32MP135FAF7T, STM32MP135FAF7U, STM32MP135FAG7, STM32U535CBT6, STM32U535CBT6Q, STM32U535CBU6, STM32U535CBU6Q, STM32U535CCT6, STM32U535CCT6Q, STM32U535CCU6, STM32U535CCU6Q, STM32U535CET6, STM32U535CET6Q, STM32U535CEU6, STM32U535CEU6Q, STM32U535JEY6QTR, STM32U535NCY6QTR, STM32U535NEY6QTR, STM32U535RBI6, STM32U535RBI6Q, STM32U535RBT6, STM32U535RBT6Q, STM32U535RCI6, STM32U535RCI6Q, STM32U535RCT6, STM32U535RCT6Q, STM32U535REI6, STM32U535REI6Q, STM32U535RET6, STM32U535RET6Q, STM32U535VCI6, STM32U535VCI6Q, STM32U535VCT6, STM32U535VCT6Q, STM32U535VEI6, STM32U535VEI6Q, STM32U535VET6, STM32U535VET6Q, STM32U545CET6, STM32U545CET6Q, STM32U545CEU6, STM32U545CEU6Q, STM32U545JEY6QTR, STM32U545NEY6QTR, STM32U545REI6, STM32U545REI6Q, STM32U545RET6, STM32U545RET6Q, STM32U545VEI6, STM32U545VEI6Q, STM32U545VET6, STM32U545VET6Q, STM32U595AIH6, STM32U595AIH6Q, STM32U595AJH6, STM32U595AJH6Q, STM32U595QII6, STM32U595QII6Q, STM32U595QJI6, STM32U595QJI6Q, STM32U595RIT6, STM32U595RIT6Q, STM32U595RJT6, STM32U595RJT6Q, STM32U595VIT6, STM32U595VIT6Q, STM32U595VJT6, STM32U595VJT6Q, STM32U595ZIT6, STM32U595ZIT6Q, STM32U595ZIY6QTR, STM32U595ZJT6, STM32U595ZJT6Q, STM32U595ZJY6QTR, STM32U599BJY6QTR, STM32U599NIH6Q, STM32U599NJH6Q, STM32U599VIT6Q, STM32U599VJT6, STM32U599VJT6Q, STM32U599ZIT6Q, STM32U599ZIY6QTR, STM32U599ZJT6Q, STM32U599ZJY6QTR, STM32U5A5AJH6, STM32U5A5AJH6Q, STM32U5A5QJI6, STM32U5A5QJI6Q, STM32U5A5RJT6, STM32U5A5RJT6Q, STM32U5A5VJT6, STM32U5A5VJT6Q, STM32U5A5ZJT6, STM32U5A5ZJT6Q, STM32U5A5ZJY6QTR, STM32U5A9BJY6QTR, STM32U5A9J-DK, STM32U5A9NJH6Q, STM32U5A9VJT6Q, STM32U5A9ZJT6Q, STM32U5A9ZJY6QTR, STM32U5F7VIT6, STM32U5F7VIT6Q, STM32U5F7VJT6, STM32U5F7VJT6Q, STM32U5F9BJY6QTR, STM32U5F9NJH6Q, STM32U5F9VIT6Q, STM32U5F9VJT6Q, STM32U5F9ZIJ6QTR, STM32U5F9ZIT6Q, STM32U5F9ZJJ6QTR, STM32U5F9ZJT6Q, STM32U5G7VJT6, STM32U5G7VJT6Q, STM32U5G9BJY6QTR, STM32U5G9J-DK1, STM32U5G9J-DK2, STM32U5G9NJH6Q, STM32U5G9VJT6Q, STM32U5G9ZJJ6QTR, STM32U5G9ZJT6Q, STM32WB1MMCH6, STM32WBA50KEU6, STM32WBA50KEU6TR, STM32WBA50KGU6, STM32WBA50KGU6TR, STM32WBA52CEU6, STM32WBA52CEU6TR, STM32WBA52CEU7, STM32WBA52CEU7TR, STM32WBA52CGU6, STM32WBA52CGU6TR, STM32WBA52CGU6U, STM32WBA52CGU7, STM32WBA52CGU7TR, STM32WBA52KEU6, STM32WBA52KEU6TR, STM32WBA52KGU6, STM32WBA52KGU6TR, STM32WBA54CEU6, STM32WBA54CEU6TR, STM32WBA54CEU7, STM32WBA54CEU7TR, STM32WBA54CGU6, STM32WBA54CGU6TR, STM32WBA54CGU7, STM32WBA54CGU7TR, STM32WBA54KEU6, STM32WBA54KEU6TR, STM32WBA54KEU7, STM32WBA54KEU7TR, STM32WBA54KGU6, STM32WBA54KGU6TR, STM32WBA54KGU7, STM32WBA54KGU7TR, STM32WBA55CEU6, STM32WBA55CEU6TR, STM32WBA55CEU7, STM32WBA55CEU7TR, STM32WBA55CGU6, STM32WBA55CGU6TR, STM32WBA55CGU6U, STM32WBA55CGU7, STM32WBA55CGU7TR, STM32WBA55G-DK1, STM32WBA55HEF6, STM32WBA55HEF7, STM32WBA55HGF6, STM32WBA55HGF7, STM32WBA55UEI6, STM32WBA55UEI6TR, STM32WBA55UEI7, STM32WBA55UEI7TR, STM32WBA55UGI6, STM32WBA55UGI6TR, STM32WBA55UGI7, STM32WBA55UGI7TR, STM32WL5MOCH6, STM32WL5MOCH6TR]
2024-01-05 05:39:32,578 [INFO] DbMcus:218 - Found 3930 MCUs, 3930 are supported
2024-01-05 05:39:32,578 [INFO] ApiDb:414 - User favorites file not found: C:\Users\HP/.stm32cubeide/favorites.mcus.txt
2024-01-05 05:39:32,578 [INFO] DbMcus:224 - Set 0 / 0 favorites MCUs
2024-01-05 05:39:32,847 [INFO] ApiDb:668 - CubeFinder database Data Model version=2.1
2024-01-05 05:39:32,847 [INFO] ApiDb:669 - CubeFinder database Configuration version=3.0.39
2024-01-05 05:39:32,847 [INFO] ApiDb:670 - CubeFinder database generation date=2023-12-08 (1702028721)
2024-01-05 05:39:32,847 [INFO] ApiDb:671 - CubeFinder database FW Pack versions=[FP-ATR-ASTRA1_V2.0.0, FP-SNS-FLIGHT1_V5.0.1, FP-SNS-FLIGHT1_V5.0.2, FP-SNS-MOTENV1_V4.3.1, FP-SNS-MOTENV1_V4.3.2, FP-SNS-MOTENVWB1_V1.3.1, FP-SNS-SMARTAG2_V1.2.0, STM32Cube_FW_C0_V1.1.0, STM32Cube_FW_F4_V1.28.0, STM32Cube_FW_F7_V1.17.0, STM32Cube_FW_G0_V1.6.1, STM32Cube_FW_G4_V1.5.1, STM32Cube_FW_H5_V0.5.1, STM32Cube_FW_H5_V1.1.1, STM32Cube_FW_H5_V1.2.0RC2, STM32Cube_FW_H7_V1.11.0, STM32Cube_FW_L0_V1.12.2, STM32Cube_FW_L5_V1.5.0, STM32Cube_FW_U5_V1.3.0RC4, STM32Cube_FW_U5_V1.4.0, STM32Cube_FW_WBA_V1.0.0RC1, STM32Cube_FW_WBA_V1.1.0RC1, STM32Cube_FW_WBA_V1.2.0, STM32Cube_FW_WBA_V1.2.0RC2, STM32Cube_FW_WB_V1.15.0RC1, STM32Cube_FW_WB_V1.16.0, STM32Cube_FW_WB_V1.16.0RC2, STM32Cube_FW_WB_V1.18.0, STM32Cube_FW_WL_V1.3.0, X-CUBE-ALGOBUILD_V1.3.0, X-CUBE-ALS_V1.0.1, X-CUBE-AZRTOS-F4_V1.1.0, X-CUBE-AZRTOS-F7_V1.1.0, X-CUBE-AZRTOS-G0_V1.1.0, X-CUBE-AZRTOS-G4_V2.0.0, X-CUBE-AZRTOS-H7_V3.1.0, X-CUBE-AZRTOS-L4_V1.0.0, X-CUBE-AZRTOS-L4_V2.0.0, X-CUBE-AZRTOS-L5_V1.1.0, X-CUBE-AZRTOS-WB_V2.0.0, X-CUBE-AZRTOS-WL_V2.0.0, X-CUBE-BLE1_V7.0.0, X-CUBE-BLE2_V3.3.0, X-CUBE-BLEMGR_V3.0.0, X-CUBE-EEPRMA1_V4.1.0, X-CUBE-EEPRMA1_V4.2.0, X-CUBE-FREERTOS_V1.1.0, X-CUBE-GNSS1_V6.0.0, X-CUBE-MEMS1_V10.0.0, X-CUBE-MEMS1_V9.1.0, X-CUBE-MEMS1_V9.4.0, X-CUBE-MEMS1_V9.6.0, X-CUBE-NFC4_V3.0.0, X-CUBE-NFC7_V1.0.1, X-CUBE-SFXS2LP1_V4.0.0, X-CUBE-SUBG2_V5.0.0, X-CUBE-TOF1_V3.4.0]
2024-01-05 05:39:32,915 [INFO] DbBoardsSqlite:226 - include board P-NUCLEO-WB55-NUCLEO as a kit item of type 'Nucleo-64'
2024-01-05 05:39:32,916 [INFO] DbBoardsSqlite:226 - include board P-NUCLEO-WB55-USBDONGLE as a kit item of type 'Nucleo USB Dongle'
2024-01-05 05:39:32,916 [INFO] DbBoardsSqlite:226 - include board STEVAL-IDP005V1 as a kit item of type 'Evaluation Board'
2024-01-05 05:39:32,916 [INFO] DbBoardsSqlite:226 - include board STEVAL-IDP005V2 as a kit item of type 'Evaluation Board'
2024-01-05 05:39:32,994 [INFO] ApiDb:240 - Found 371 in-development CPN: [B-G473E-ZEST1S, B-WB1M-WPAN1, B-WL5M-SUBG1, NUCLEO-C031C6, NUCLEO-H503RB, NUCLEO-H563ZI, NUCLEO-U545RE-Q, NUCLEO-U5A5ZJ-Q, NUCLEO-WBA52CG, NUCLEO-WBA55CG, STEVAL-MKBOXPRO, STEVAL-PROTEUS1, STEVAL-STWINBX1, STM320518-EVAL, STM32C0116-DK, STM32C011D6Y3TR, STM32C011D6Y6TR, STM32C011F4P3, STM32C011F4P6, STM32C011F4U3, STM32C011F4U6TR, STM32C011F6P3, STM32C011F6P6, STM32C011F6U3, STM32C011F6U6TR, STM32C011J4M3, STM32C011J4M6, STM32C011J6M3, STM32C011J6M6, STM32C0316-DK, STM32C031C4T3, STM32C031C4T6, STM32C031C4U3, STM32C031C4U6, STM32C031C6T3, STM32C031C6T6, STM32C031C6U3, STM32C031C6U6, STM32C031F4P3, STM32C031F4P6, STM32C031F6P3, STM32C031F6P6, STM32C031G4U3, STM32C031G4U6, STM32C031G6U3, STM32C031G6U6, STM32C031K4T3, STM32C031K4T6, STM32C031K4U3, STM32C031K4U6, STM32C031K6T3, STM32C031K6T6, STM32C031K6U3, STM32C031K6U6, STM32G071K8TXN, STM32G071K8UXN, STM32G081GBU6N, STM32G081KBT6N, STM32G081KBUXN, STM32G0B1CCT6N, STM32G0B1KCT6, STM32G0B1NEY6TR, STM32G0B1RCT6N, STM32G0C1CCT6, STM32G0C1CCT6N, STM32G0C1CCU6N, STM32G0C1CET6N, STM32G0C1CEU6N, STM32G0C1KCT6, STM32G0C1NEY6TR, STM32G0C1RCI6N, STM32G0C1RCT6N, STM32G0C1REI6N, STM32G0C1RET6N, STM32G0C1VCI6, STM32G0C1VEI6, STM32G471CCT6, STM32G471CCU6, STM32G471CET3, STM32G471CET6, STM32G471CEU3, STM32G471CEU6, STM32G471MCT6, STM32G471MET3, STM32G471MET6, STM32G471MEY6TR, STM32G471QCT6, STM32G471QET3, STM32G471RCT6, STM32G471RET3, STM32G471RET6, STM32G471VCH6, STM32G471VCI6, STM32G471VCT6, STM32G471VEH3, STM32G471VEH6, STM32G471VEI3, STM32G471VEI6, STM32G471VET3, STM32G471VET6, STM32G474CCT6, STM32H503CBT6, STM32H503CBU6, STM32H503EBY6TR, STM32H503KBU6, STM32H503RBT6, STM32H562AGI6, STM32H562AII6, STM32H562IGK6, STM32H562IGT6, STM32H562IIK6, STM32H562IIT6, STM32H562RGT6, STM32H562RGV6, STM32H562RIT6, STM32H562RIV6, STM32H562VGT6, STM32H562VIT6, STM32H562ZGT6, STM32H562ZIT6, STM32H563AGI6, STM32H563AII3Q, STM32H563AII6, STM32H563IGK6, STM32H563IGT6, STM32H563IIK3Q, STM32H563IIK6, STM32H563IIT3Q, STM32H563IIT6, STM32H563MIY3QTR, STM32H563RGT6, STM32H563RGV6, STM32H563RIT6, STM32H563RIV6, STM32H563VGT6, STM32H563VIT3Q, STM32H563VIT6, STM32H563ZGT6, STM32H563ZIT3Q, STM32H563ZIT6, STM32H573AII3Q, STM32H573AII6, STM32H573I-DK, STM32H573IIK3Q, STM32H573IIK6, STM32H573IIT3Q, STM32H573IIT6, STM32H573MIY3QTR, STM32H573RIT6, STM32H573RIV6, STM32H573VIT3Q, STM32H573VIT6, STM32H573ZIT3Q, STM32H573ZIT6, STM32L4R5QGI6STR, STM32MP131AAE3, STM32MP131AAF3, STM32MP131AAG3, STM32MP131CAE3, STM32MP131CAF3, STM32MP131CAG3, STM32MP131DAE7, STM32MP131DAF7, STM32MP131DAG7, STM32MP131FAE7, STM32MP131FAF7, STM32MP131FAG7, STM32MP133AAE3, STM32MP133AAF3, STM32MP133AAG3, STM32MP133CAE3, STM32MP133CAF3, STM32MP133CAG3, STM32MP133DAE7, STM32MP133DAF7, STM32MP133DAG7, STM32MP133FAE7, STM32MP133FAF7, STM32MP133FAG7, STM32MP135AAE3, STM32MP135AAF3, STM32MP135AAG3, STM32MP135CAE3, STM32MP135CAF3, STM32MP135CAG3, STM32MP135DAE7, STM32MP135DAF7, STM32MP135DAG7, STM32MP135F-DK, STM32MP135FAE7, STM32MP135FAF7, STM32MP135FAF7T, STM32MP135FAF7U, STM32MP135FAG7, STM32U535CBT6, STM32U535CBT6Q, STM32U535CBU6, STM32U535CBU6Q, STM32U535CCT6, STM32U535CCT6Q, STM32U535CCU6, STM32U535CCU6Q, STM32U535CET6, STM32U535CET6Q, STM32U535CEU6, STM32U535CEU6Q, STM32U535JEY6QTR, STM32U535NCY6QTR, STM32U535NEY6QTR, STM32U535RBI6, STM32U535RBI6Q, STM32U535RBT6, STM32U535RBT6Q, STM32U535RCI6, STM32U535RCI6Q, STM32U535RCT6, STM32U535RCT6Q, STM32U535REI6, STM32U535REI6Q, STM32U535RET6, STM32U535RET6Q, STM32U535VCI6, STM32U535VCI6Q, STM32U535VCT6, STM32U535VCT6Q, STM32U535VEI6, STM32U535VEI6Q, STM32U535VET6, STM32U535VET6Q, STM32U545CET6, STM32U545CET6Q, STM32U545CEU6, STM32U545CEU6Q, STM32U545JEY6QTR, STM32U545NEY6QTR, STM32U545REI6, STM32U545REI6Q, STM32U545RET6, STM32U545RET6Q, STM32U545VEI6, STM32U545VEI6Q, STM32U545VET6, STM32U545VET6Q, STM32U595AIH6, STM32U595AIH6Q, STM32U595AJH6, STM32U595AJH6Q, STM32U595QII6, STM32U595QII6Q, STM32U595QJI6, STM32U595QJI6Q, STM32U595RIT6, STM32U595RIT6Q, STM32U595RJT6, STM32U595RJT6Q, STM32U595VIT6, STM32U595VIT6Q, STM32U595VJT6, STM32U595VJT6Q, STM32U595ZIT6, STM32U595ZIT6Q, STM32U595ZIY6QTR, STM32U595ZJT6, STM32U595ZJT6Q, STM32U595ZJY6QTR, STM32U599BJY6QTR, STM32U599NIH6Q, STM32U599NJH6Q, STM32U599VIT6Q, STM32U599VJT6, STM32U599VJT6Q, STM32U599ZIT6Q, STM32U599ZIY6QTR, STM32U599ZJT6Q, STM32U599ZJY6QTR, STM32U5A5AJH6, STM32U5A5AJH6Q, STM32U5A5QJI6, STM32U5A5QJI6Q, STM32U5A5RJT6, STM32U5A5RJT6Q, STM32U5A5VJT6, STM32U5A5VJT6Q, STM32U5A5ZJT6, STM32U5A5ZJT6Q, STM32U5A5ZJY6QTR, STM32U5A9BJY6QTR, STM32U5A9J-DK, STM32U5A9NJH6Q, STM32U5A9VJT6Q, STM32U5A9ZJT6Q, STM32U5A9ZJY6QTR, STM32U5F7VIT6, STM32U5F7VIT6Q, STM32U5F7VJT6, STM32U5F7VJT6Q, STM32U5F9BJY6QTR, STM32U5F9NJH6Q, STM32U5F9VIT6Q, STM32U5F9VJT6Q, STM32U5F9ZIJ6QTR, STM32U5F9ZIT6Q, STM32U5F9ZJJ6QTR, STM32U5F9ZJT6Q, STM32U5G7VJT6, STM32U5G7VJT6Q, STM32U5G9BJY6QTR, STM32U5G9J-DK1, STM32U5G9J-DK2, STM32U5G9NJH6Q, STM32U5G9VJT6Q, STM32U5G9ZJJ6QTR, STM32U5G9ZJT6Q, STM32WB1MMCH6, STM32WBA50KEU6, STM32WBA50KEU6TR, STM32WBA50KGU6, STM32WBA50KGU6TR, STM32WBA52CEU6, STM32WBA52CEU6TR, STM32WBA52CEU7, STM32WBA52CEU7TR, STM32WBA52CGU6, STM32WBA52CGU6TR, STM32WBA52CGU6U, STM32WBA52CGU7, STM32WBA52CGU7TR, STM32WBA52KEU6, STM32WBA52KEU6TR, STM32WBA52KGU6, STM32WBA52KGU6TR, STM32WBA54CEU6, STM32WBA54CEU6TR, STM32WBA54CEU7, STM32WBA54CEU7TR, STM32WBA54CGU6, STM32WBA54CGU6TR, STM32WBA54CGU7, STM32WBA54CGU7TR, STM32WBA54KEU6, STM32WBA54KEU6TR, STM32WBA54KEU7, STM32WBA54KEU7TR, STM32WBA54KGU6, STM32WBA54KGU6TR, STM32WBA54KGU7, STM32WBA54KGU7TR, STM32WBA55CEU6, STM32WBA55CEU6TR, STM32WBA55CEU7, STM32WBA55CEU7TR, STM32WBA55CGU6, STM32WBA55CGU6TR, STM32WBA55CGU6U, STM32WBA55CGU7, STM32WBA55CGU7TR, STM32WBA55G-DK1, STM32WBA55HEF6, STM32WBA55HEF7, STM32WBA55HGF6, STM32WBA55HGF7, STM32WBA55UEI6, STM32WBA55UEI6TR, STM32WBA55UEI7, STM32WBA55UEI7TR, STM32WBA55UGI6, STM32WBA55UGI6TR, STM32WBA55UGI7, STM32WBA55UGI7TR, STM32WL5MOCH6, STM32WL5MOCH6TR]
2024-01-05 05:39:33,154 [INFO] BoardInfo:889 - No configuration file found for board P-NUCLEO-WB55
2024-01-05 05:39:33,155 [INFO] DbBoards:161 - Kit is not supported: P-NUCLEO-WB55
2024-01-05 05:39:33,159 [INFO] BoardInfo:889 - No configuration file found for board STEVAL-BFA001V1B
2024-01-05 05:39:33,160 [INFO] DbBoards:161 - Kit is not supported: STEVAL-BFA001V1B
2024-01-05 05:39:33,161 [INFO] BoardInfo:889 - No configuration file found for board STEVAL-BFA001V2B
2024-01-05 05:39:33,161 [INFO] DbBoards:161 - Kit is not supported: STEVAL-BFA001V2B
2024-01-05 05:39:33,284 [INFO] DbBoards:168 - Found 193 boards, 190 are supported
2024-01-05 05:39:33,284 [INFO] DbBoards:169 - Found 193 boards, 3 of them is supported for  Bsp
2024-01-05 05:39:33,287 [INFO] ApiDb:414 - User favorites file not found: C:\Users\HP/.stm32cubeide/favorites.boards.txt
2024-01-05 05:39:33,287 [INFO] DbBoards:198 - Set 0 / 0 favorites Boards
2024-01-05 05:39:33,289 [INFO] ApiDb:668 - CubeFinder database Data Model version=2.1
2024-01-05 05:39:33,290 [INFO] ApiDb:669 - CubeFinder database Configuration version=3.0.39
2024-01-05 05:39:33,290 [INFO] ApiDb:670 - CubeFinder database generation date=2023-12-08 (1702028721)
2024-01-05 05:39:33,290 [INFO] ApiDb:671 - CubeFinder database FW Pack versions=[FP-ATR-ASTRA1_V2.0.0, FP-SNS-FLIGHT1_V5.0.1, FP-SNS-FLIGHT1_V5.0.2, FP-SNS-MOTENV1_V4.3.1, FP-SNS-MOTENV1_V4.3.2, FP-SNS-MOTENVWB1_V1.3.1, FP-SNS-SMARTAG2_V1.2.0, STM32Cube_FW_C0_V1.1.0, STM32Cube_FW_F4_V1.28.0, STM32Cube_FW_F7_V1.17.0, STM32Cube_FW_G0_V1.6.1, STM32Cube_FW_G4_V1.5.1, STM32Cube_FW_H5_V0.5.1, STM32Cube_FW_H5_V1.1.1, STM32Cube_FW_H5_V1.2.0RC2, STM32Cube_FW_H7_V1.11.0, STM32Cube_FW_L0_V1.12.2, STM32Cube_FW_L5_V1.5.0, STM32Cube_FW_U5_V1.3.0RC4, STM32Cube_FW_U5_V1.4.0, STM32Cube_FW_WBA_V1.0.0RC1, STM32Cube_FW_WBA_V1.1.0RC1, STM32Cube_FW_WBA_V1.2.0, STM32Cube_FW_WBA_V1.2.0RC2, STM32Cube_FW_WB_V1.15.0RC1, STM32Cube_FW_WB_V1.16.0, STM32Cube_FW_WB_V1.16.0RC2, STM32Cube_FW_WB_V1.18.0, STM32Cube_FW_WL_V1.3.0, X-CUBE-ALGOBUILD_V1.3.0, X-CUBE-ALS_V1.0.1, X-CUBE-AZRTOS-F4_V1.1.0, X-CUBE-AZRTOS-F7_V1.1.0, X-CUBE-AZRTOS-G0_V1.1.0, X-CUBE-AZRTOS-G4_V2.0.0, X-CUBE-AZRTOS-H7_V3.1.0, X-CUBE-AZRTOS-L4_V1.0.0, X-CUBE-AZRTOS-L4_V2.0.0, X-CUBE-AZRTOS-L5_V1.1.0, X-CUBE-AZRTOS-WB_V2.0.0, X-CUBE-AZRTOS-WL_V2.0.0, X-CUBE-BLE1_V7.0.0, X-CUBE-BLE2_V3.3.0, X-CUBE-BLEMGR_V3.0.0, X-CUBE-EEPRMA1_V4.1.0, X-CUBE-EEPRMA1_V4.2.0, X-CUBE-FREERTOS_V1.1.0, X-CUBE-GNSS1_V6.0.0, X-CUBE-MEMS1_V10.0.0, X-CUBE-MEMS1_V9.1.0, X-CUBE-MEMS1_V9.4.0, X-CUBE-MEMS1_V9.6.0, X-CUBE-NFC4_V3.0.0, X-CUBE-NFC7_V1.0.1, X-CUBE-SFXS2LP1_V4.0.0, X-CUBE-SUBG2_V5.0.0, X-CUBE-TOF1_V3.4.0]
2024-01-05 05:39:34,181 [ERROR] DbExamplesSqlite:437 - Missing JSON key: board_cpn
2024-01-05 05:39:34,182 [ERROR] DbExamplesSqlite:437 - Missing JSON key: board_cpn
2024-01-05 05:39:34,182 [ERROR] DbExamplesSqlite:437 - Missing JSON key: board_cpn
2024-01-05 05:39:34,182 [ERROR] DbExamplesSqlite:437 - Missing JSON key: board_cpn
2024-01-05 05:39:34,240 [INFO] DbExamplesSqlite:395 - Ignored 55 examples not supported by CubeIDE
2024-01-05 05:39:34,240 [INFO] DbExamplesSqlite:396 - Found 7560 examples active
2024-01-05 05:39:34,240 [INFO] DbExamplesSqlite:397 - Found 844 examples obsolete
2024-01-05 05:39:34,240 [INFO] DbExamplesSqlite:398 - Found 0 examples under development
2024-01-05 05:39:34,241 [INFO] DbExamplesSqlite:399 - Found 8 examples not building
2024-01-05 05:39:34,243 [INFO] DbExamples:125 - Found 7513 examples
2024-01-05 05:39:34,258 [INFO] DbExamples:222 - Found 95 boards with related examples
2024-01-05 05:39:34,260 [INFO] DbExamples:235 - Found 80 MCUs with related examples
2024-01-05 05:39:34,284 [INFO] ApiDb:414 - User favorites file not found: C:\Users\HP/.stm32cubeide/favorites.examples.txt
2024-01-05 05:39:34,285 [INFO] DbExamples:250 - Set 0 / 0 favorites Examples
2024-01-05 05:39:34,685 [INFO] McuFinderGlobals:76 - Set McuFinderConnectedMode to true
2024-01-05 05:39:34,699 [INFO] MultiScanPanel:200 - Auto-refresh data requested => check proxy status ongoing
2024-01-05 05:39:34,704 [INFO] FinderPluginLoader:95 - Searching for filters in installed packs
2024-01-05 05:39:36,245 [INFO] LoadUrlFilesThread:185 - End of LoadServerUrlFiles without Thread
2024-01-05 05:39:36,259 [INFO] DetailPanel:341 - Set advertising image to C:/Users/HP/STM32Cube/Repository/\en.prom-stm32wl3-mcu-finder.jpg
2024-01-05 05:39:42,396 [INFO] MultiScanPanel:200 - Auto-refresh data requested => check proxy status ongoing
2024-01-05 05:39:42,547 [INFO] LoadUrlFilesThread:185 - End of LoadServerUrlFiles without Thread
2024-01-05 05:39:42,547 [INFO] DetailPanel:341 - Set advertising image to C:/Users/HP/STM32Cube/Repository/\en.prom-stm32wl3-mcu-finder.jpg
2024-01-05 05:39:42,559 [INFO] DbBoards:642 - Loading board mini-images...
2024-01-05 05:39:43,543 [ERROR] DbBoards:659 - Image file not found for board NUCLEO-WBA55CG: C:\Users\HP\.stmcufinder\plugins\mcufinder//mcu//boards_images/NUCLEO-WBA55CG.jpg
2024-01-05 05:39:44,592 [ERROR] DbBoards:659 - Image file not found for board STM32WBA55G-DK1: C:\Users\HP\.stmcufinder\plugins\mcufinder//mcu//boards_images/STM32WBA55G-DK1.jpg
2024-01-05 05:39:44,592 [INFO] DbBoards:665 - Loaded 191 board mini-images
2024-01-05 05:43:25,062 [INFO] McuFinderGlobals:76 - Set McuFinderConnectedMode to true
2024-01-05 05:43:25,070 [INFO] ApiDb:448 - Save user favorites file C:\Users\HP/.stm32cubeide/favorites.mcus.txt: 0 item(s)
2024-01-05 05:43:25,071 [INFO] ApiDb:452 - User favorites MCUs=[]
2024-01-05 05:43:25,073 [INFO] ApiDb:448 - Save user favorites file C:\Users\HP/.stm32cubeide/favorites.boards.txt: 0 item(s)
2024-01-05 05:43:25,074 [INFO] ApiDb:452 - User favorites Boards=[]
2024-01-05 07:10:21,610 [INFO] MainUpdater:2873 - connection check result : 10
2024-01-05 07:10:21,716 [INFO] McuFinderGlobals:76 - Set McuFinderConnectedMode to true
2024-01-05 07:10:21,719 [INFO] MultiScanPanel:200 - Auto-refresh data requested => check proxy status ongoing
2024-01-05 07:10:21,720 [INFO] FinderPluginLoader:95 - Searching for filters in installed packs
2024-01-05 07:10:22,849 [INFO] LoadUrlFilesThread:185 - End of LoadServerUrlFiles without Thread
2024-01-05 07:10:22,849 [INFO] DetailPanel:341 - Set advertising image to C:/Users/HP/STM32Cube/Repository/\en.prom-stm32wl3-mcu-finder.jpg
2024-01-05 07:10:27,221 [INFO] McuFinderGlobals:76 - Set McuFinderConnectedMode to true
2024-01-05 07:10:27,494 [INFO] ApiDb:448 - Save user favorites file C:\Users\HP/.stm32cubeide/favorites.mcus.txt: 0 item(s)
2024-01-05 07:10:27,494 [INFO] ApiDb:452 - User favorites MCUs=[]
2024-01-05 07:23:07,773 [INFO] WebApp:354 - JxBrowser engine has been closed 
