2024-01-10 05:16:44,928 [INFO] Activator:176 - 


2024-01-10 05:16:44,935 [INFO] Activator:177 - !SESSION log4j initialized
2024-01-10 05:16:52,018 [INFO] LogOutputStream:77 - [STDOUT_REDIRECT] 
2024-01-10 05:16:58,270 [INFO] ApplicationProperties:184 - Using Application install path: C:\ST\STM32CubeIDE_1.14.0\STM32CubeIDE\plugins\com.st.stm32cube.common.mx_6.10.0.202311202037
2024-01-10 05:16:58,290 [INFO] DbMcusXml:78 - Set database path to: C:\ST\STM32CubeIDE_1.14.0\STM32CubeIDE\plugins\com.st.stm32cube.common.mx_6.10.0.202311202037\\db\/mcu/
2024-01-10 05:16:58,290 [INFO] ApiDb:274 - Set plugin database path to: C:\ST\STM32CubeIDE_1.14.0\STM32CubeIDE\plugins\com.st.stm32cube.common.mx_6.10.0.202311202037\\db\/plugins/boardmanager/
2024-01-10 05:16:58,291 [WARN] ApiDb:259 - Overriding images path with different value:  => C:\ST\STM32CubeIDE_1.14.0\STM32CubeIDE\plugins\com.st.stm32cube.common.mx_6.10.0.202311202037\\db\/plugins/mcufinder/images/
2024-01-10 05:16:58,301 [INFO] ApiDb:250 - Set database path to: C:\Users\HP\.stmcufinder\plugins\mcufinder//mcu/
2024-01-10 05:16:58,302 [INFO] DbMcusAds:125 - Set database path to: C:\Users\HP\.stmcufinder\plugins\mcufinder//mcu/
2024-01-10 05:16:58,304 [INFO] CrossReferenceDbSqlite:203 - Set database path to: C:\Users\HP\.stmcufinder\plugins\mcufinder//mcu/cs/
2024-01-10 05:16:58,428 [INFO] RulesReader:64 - Compatibility file has been processed (297 Rules)
2024-01-10 05:16:58,510 [INFO] DbMcusXml:78 - Set database path to: C:\ST\STM32CubeIDE_1.14.0\STM32CubeIDE\plugins\com.st.stm32cube.common.mx_6.10.0.202311202037\\db\/mcu/
2024-01-10 05:16:58,510 [INFO] ApiDb:274 - Set plugin database path to: C:\ST\STM32CubeIDE_1.14.0\STM32CubeIDE\plugins\com.st.stm32cube.common.mx_6.10.0.202311202037\\db\/plugins/boardmanager/
2024-01-10 05:16:58,510 [INFO] ApiDb:261 - Set plugin images path to: C:\ST\STM32CubeIDE_1.14.0\STM32CubeIDE\plugins\com.st.stm32cube.common.mx_6.10.0.202311202037\\db\/plugins/mcufinder/images/
2024-01-10 05:16:58,510 [WARN] DbFile:41 - Overriding database path with different value: C:\Users\HP\.stmcufinder\plugins\mcufinder/ => C:\Users\HP\.stmcufinder\plugins\mcufinder
2024-01-10 05:16:58,510 [INFO] ApiDb:250 - Set database path to: C:\Users\HP\.stmcufinder\plugins\mcufinder//mcu/
2024-01-10 05:16:58,511 [WARN] DbFile:41 - Overriding database path with different value: C:\Users\HP\.stmcufinder\plugins\mcufinder/ => C:\Users\HP\.stmcufinder\plugins\mcufinder
2024-01-10 05:16:58,511 [INFO] DbMcusAds:125 - Set database path to: C:\Users\HP\.stmcufinder\plugins\mcufinder//mcu/
2024-01-10 05:16:58,511 [WARN] DbFile:41 - Overriding database path with different value: C:\Users\HP\.stmcufinder\plugins\mcufinder/ => C:\Users\HP\.stmcufinder\plugins\mcufinder
2024-01-10 05:16:58,511 [WARN] DbFile:41 - Overriding database path with different value: C:\Users\HP\.stmcufinder\plugins\mcufinder/ => C:\Users\HP\.stmcufinder\plugins\mcufinder
2024-01-10 05:16:58,511 [INFO] CrossReferenceDbSqlite:203 - Set database path to: C:\Users\HP\.stmcufinder\plugins\mcufinder//mcu/cs/
2024-01-10 05:16:58,589 [INFO] MainPanel:264 - HeapMemory: 268435456
2024-01-10 05:16:58,675 [INFO] DbMcusXml:78 - Set database path to: C:\ST\STM32CubeIDE_1.14.0\STM32CubeIDE\plugins\com.st.stm32cube.common.mx_6.10.0.202311202037\\db\/mcu/
2024-01-10 05:16:58,676 [INFO] ApiDb:274 - Set plugin database path to: C:\ST\STM32CubeIDE_1.14.0\STM32CubeIDE\plugins\com.st.stm32cube.common.mx_6.10.0.202311202037\\db\/plugins/boardmanager/
2024-01-10 05:16:58,676 [INFO] ApiDb:261 - Set plugin images path to: C:\ST\STM32CubeIDE_1.14.0\STM32CubeIDE\plugins\com.st.stm32cube.common.mx_6.10.0.202311202037\\db\/plugins/mcufinder/images/
2024-01-10 05:16:58,676 [WARN] DbFile:41 - Overriding database path with different value: C:\Users\HP\.stmcufinder\plugins\mcufinder/ => C:\Users\HP\.stmcufinder\plugins\mcufinder
2024-01-10 05:16:58,676 [INFO] ApiDb:250 - Set database path to: C:\Users\HP\.stmcufinder\plugins\mcufinder//mcu/
2024-01-10 05:16:58,676 [WARN] DbFile:41 - Overriding database path with different value: C:\Users\HP\.stmcufinder\plugins\mcufinder/ => C:\Users\HP\.stmcufinder\plugins\mcufinder
2024-01-10 05:16:58,676 [INFO] DbMcusAds:125 - Set database path to: C:\Users\HP\.stmcufinder\plugins\mcufinder//mcu/
2024-01-10 05:16:58,676 [WARN] DbFile:41 - Overriding database path with different value: C:\Users\HP\.stmcufinder\plugins\mcufinder/ => C:\Users\HP\.stmcufinder\plugins\mcufinder
2024-01-10 05:16:58,676 [WARN] DbFile:41 - Overriding database path with different value: C:\Users\HP\.stmcufinder\plugins\mcufinder/ => C:\Users\HP\.stmcufinder\plugins\mcufinder
2024-01-10 05:16:58,677 [INFO] CrossReferenceDbSqlite:203 - Set database path to: C:\Users\HP\.stmcufinder\plugins\mcufinder//mcu/cs/
2024-01-10 05:16:58,694 [INFO] ApplicationProperties:184 - Using Application install path: C:\ST\STM32CubeIDE_1.14.0\STM32CubeIDE\plugins\com.st.stm32cube.common.mx_6.10.0.202311202037
2024-01-10 05:16:58,696 [INFO] PluginManage:196 - Search for loadable plugins [exclusion list=, ]
2024-01-10 05:16:58,698 [INFO] PluginManage:310 - Check plugin analytics
2024-01-10 05:17:03,414 [INFO] AnalyticsPlugin:253 - Accepted Software Licenses: 
2024-01-10 05:17:03,414 [INFO] AnalyticsPlugin:255 - Accepted CMSIS Pack Licenses: 
2024-01-10 05:17:03,414 [INFO] AnalyticsPlugin:257 - Accepted Firmware Licenses: 
2024-01-10 05:17:03,416 [INFO] PluginManage:359 - Loaded plugin analytics (category:tool,tabindex:-1)
2024-01-10 05:17:03,417 [INFO] PluginManage:310 - Check plugin cadmodel
2024-01-10 05:17:03,432 [INFO] CADModel:105 - Init CAD model plugin
2024-01-10 05:17:03,432 [INFO] PluginManage:359 - Loaded plugin cadmodel (category:power,tabindex:5)
2024-01-10 05:17:03,432 [INFO] PluginManage:310 - Check plugin clock
2024-01-10 05:17:03,451 [INFO] PluginManage:359 - Loaded plugin clock (category:base,tabindex:2)
2024-01-10 05:17:03,452 [INFO] PluginManage:310 - Check plugin ddr
2024-01-10 05:17:03,454 [INFO] PluginManage:359 - Loaded plugin ddr (category:tool,tabindex:6)
2024-01-10 05:17:03,454 [INFO] PluginManage:310 - Check plugin filemanager
2024-01-10 05:17:03,590 [INFO] PluginManage:359 - Loaded plugin filemanager (category:base,tabindex:10)
2024-01-10 05:17:03,590 [INFO] PluginManage:310 - Check plugin ipmanager
2024-01-10 05:17:03,599 [INFO] PluginManage:359 - Loaded plugin ipmanager (category:base,tabindex:5)
2024-01-10 05:17:03,599 [INFO] PluginManage:310 - Check plugin lpbam
2024-01-10 05:17:03,615 [INFO] PluginManage:359 - Loaded plugin lpbam (category:base,tabindex:0)
2024-01-10 05:17:03,615 [INFO] PluginManage:310 - Check plugin memorymap
2024-01-10 05:17:03,636 [INFO] PluginManage:359 - Loaded plugin memorymap (category:base,tabindex:4)
2024-01-10 05:17:03,636 [INFO] PluginManage:310 - Check plugin pinoutandconfiguration
2024-01-10 05:17:03,652 [INFO] PluginManage:359 - Loaded plugin pinoutandconfiguration (category:base,tabindex:1)
2024-01-10 05:17:03,652 [INFO] PluginManage:310 - Check plugin pinoutconfig
2024-01-10 05:17:03,744 [WARN] SupportedApi:132 - Cannot load RTOS API schema: s4s-elt-must-match.1: The content of 'definitions' must match (annotation?, (simpleType | complexType)?, (unique | key | keyref)*)). A problem was found starting at: attribute.
2024-01-10 05:17:03,871 [INFO] PluginManage:359 - Loaded plugin pinoutconfig (category:base,tabindex:0)
2024-01-10 05:17:03,871 [INFO] PluginManage:310 - Check plugin power
2024-01-10 05:17:03,894 [INFO] PluginManage:359 - Loaded plugin power (category:power,tabindex:4)
2024-01-10 05:17:03,894 [INFO] PluginManage:310 - Check plugin projectmanager
2024-01-10 05:17:03,910 [INFO] PluginManage:359 - Loaded plugin projectmanager (category:projectmanager,tabindex:3)
2024-01-10 05:17:03,910 [INFO] PluginManage:310 - Check plugin thirdparty
2024-01-10 05:17:04,172 [INFO] PluginManage:359 - Loaded plugin thirdparty (category:base,tabindex:-1)
2024-01-10 05:17:04,172 [WARN] IntegrityCheckThread:84 - waiting for thirdparty lock release [integrity check]
2024-01-10 05:17:04,172 [INFO] PluginManage:310 - Check plugin tools
2024-01-10 05:17:04,172 [INFO] IntegrityCheckThread:86 - entering critical section [integrity check]
2024-01-10 05:17:04,172 [INFO] ThirdPartyUpdaterWithRetryManager:70 - Updater plugin not ready yet. [1/15]
2024-01-10 05:17:04,208 [INFO] PluginManage:359 - Loaded plugin tools (category:base,tabindex:7)
2024-01-10 05:17:04,208 [INFO] PluginManage:310 - Check plugin tutovideos
2024-01-10 05:17:04,410 [INFO] PluginManage:359 - Loaded plugin tutovideos (category:base,tabindex:-1)
2024-01-10 05:17:04,410 [INFO] PluginManage:310 - Check plugin updater
2024-01-10 05:17:04,422 [INFO] PluginManage:359 - Loaded plugin updater (category:base,tabindex:12)
2024-01-10 05:17:04,423 [INFO] PluginManage:310 - Check plugin userauth
2024-01-10 05:17:04,428 [INFO] UserAuth:114 - Init User Auth plugin
2024-01-10 05:17:04,428 [INFO] PluginManage:359 - Loaded plugin userauth (category:base,tabindex:14)
2024-01-10 05:17:04,428 [INFO] PluginManage:283 - PluginManage : Loaded plugins [17]
2024-01-10 05:17:04,639 [INFO] PinOutPanel:1499 - setPackage(No Configuration,No Configuration)
2024-01-10 05:17:04,714 [INFO] CADModel:165 - CPN selected for project level
2024-01-10 05:17:04,714 [INFO] CADModel:114 - Register for checkConnection events
2024-01-10 05:17:04,741 [INFO] IPUIPlugin:80 - create IPUIPlugin
2024-01-10 05:17:04,741 [INFO] PluginManager:220 - loadIPPluginJar : add adc
2024-01-10 05:17:04,777 [INFO] IPUIPlugin:80 - create IPUIPlugin
2024-01-10 05:17:04,777 [INFO] PluginManager:220 - loadIPPluginJar : add aes
2024-01-10 05:17:04,817 [INFO] IPUIPlugin:80 - create IPUIPlugin
2024-01-10 05:17:04,817 [INFO] PluginManager:220 - loadIPPluginJar : add can
2024-01-10 05:17:04,839 [INFO] IPUIPlugin:80 - create IPUIPlugin
2024-01-10 05:17:04,839 [INFO] PluginManager:220 - loadIPPluginJar : add comp
2024-01-10 05:17:04,871 [INFO] IPUIPlugin:80 - create IPUIPlugin
2024-01-10 05:17:04,871 [INFO] PluginManager:220 - loadIPPluginJar : add cryp
2024-01-10 05:17:04,900 [INFO] IPUIPlugin:80 - create IPUIPlugin
2024-01-10 05:17:04,900 [INFO] PluginManager:220 - loadIPPluginJar : add dfsdm
2024-01-10 05:17:04,913 [INFO] IPUIPlugin:80 - create IPUIPlugin
2024-01-10 05:17:04,914 [INFO] PluginManager:220 - loadIPPluginJar : add dma
2024-01-10 05:17:04,956 [INFO] IPUIPlugin:80 - create IPUIPlugin
2024-01-10 05:17:04,956 [INFO] PluginManager:220 - loadIPPluginJar : add dma3
2024-01-10 05:17:04,976 [INFO] IPUIPlugin:80 - create IPUIPlugin
2024-01-10 05:17:04,976 [INFO] PluginManager:220 - loadIPPluginJar : add fatfs
2024-01-10 05:17:05,024 [INFO] IPUIPlugin:80 - create IPUIPlugin
2024-01-10 05:17:05,024 [INFO] PluginManager:220 - loadIPPluginJar : add fmc
2024-01-10 05:17:05,038 [INFO] IPUIPlugin:80 - create IPUIPlugin
2024-01-10 05:17:05,038 [INFO] PluginManager:220 - loadIPPluginJar : add freertos
2024-01-10 05:17:05,058 [INFO] IPUIPlugin:80 - create IPUIPlugin
2024-01-10 05:17:05,058 [INFO] PluginManager:220 - loadIPPluginJar : add genericplugin
2024-01-10 05:17:05,150 [INFO] IPUIPlugin:80 - create IPUIPlugin
2024-01-10 05:17:05,150 [INFO] PluginManager:220 - loadIPPluginJar : add gfxmmu
2024-01-10 05:17:05,278 [INFO] IPUIPlugin:80 - create IPUIPlugin
2024-01-10 05:17:05,279 [INFO] PluginManager:220 - loadIPPluginJar : add gic
2024-01-10 05:17:05,290 [INFO] IPUIPlugin:80 - create IPUIPlugin
2024-01-10 05:17:05,291 [INFO] PluginManager:220 - loadIPPluginJar : add gpio
2024-01-10 05:17:05,393 [INFO] IPUIPlugin:80 - create IPUIPlugin
2024-01-10 05:17:05,393 [INFO] PluginManager:220 - loadIPPluginJar : add gtzc
2024-01-10 05:17:05,425 [INFO] IPUIPlugin:80 - create IPUIPlugin
2024-01-10 05:17:05,425 [INFO] PluginManager:220 - loadIPPluginJar : add hash
2024-01-10 05:17:05,477 [INFO] IPUIPlugin:80 - create IPUIPlugin
2024-01-10 05:17:05,477 [INFO] PluginManager:220 - loadIPPluginJar : add i2c
2024-01-10 05:17:05,518 [INFO] IPUIPlugin:80 - create IPUIPlugin
2024-01-10 05:17:05,518 [INFO] PluginManager:220 - loadIPPluginJar : add i2s
2024-01-10 05:17:05,559 [INFO] IPUIPlugin:80 - create IPUIPlugin
2024-01-10 05:17:05,559 [INFO] PluginManager:220 - loadIPPluginJar : add i3c
2024-01-10 05:17:05,668 [INFO] IPUIPlugin:80 - create IPUIPlugin
2024-01-10 05:17:05,668 [INFO] PluginManager:220 - loadIPPluginJar : add ipddr
2024-01-10 05:17:05,763 [INFO] IPUIPlugin:80 - create IPUIPlugin
2024-01-10 05:17:05,764 [INFO] PluginManager:220 - loadIPPluginJar : add linkedlist
2024-01-10 05:17:05,800 [INFO] IPUIPlugin:80 - create IPUIPlugin
2024-01-10 05:17:05,800 [INFO] PluginManager:220 - loadIPPluginJar : add lorawan
2024-01-10 05:17:05,838 [INFO] IPUIPlugin:80 - create IPUIPlugin
2024-01-10 05:17:05,838 [INFO] PluginManager:220 - loadIPPluginJar : add ltdc
2024-01-10 05:17:05,852 [INFO] IPUIPlugin:80 - create IPUIPlugin
2024-01-10 05:17:05,853 [INFO] PluginManager:220 - loadIPPluginJar : add mdma
2024-01-10 05:17:05,864 [INFO] IPUIPlugin:80 - create IPUIPlugin
2024-01-10 05:17:05,864 [INFO] PluginManager:220 - loadIPPluginJar : add nvic
2024-01-10 05:17:05,902 [INFO] IPUIPlugin:80 - create IPUIPlugin
2024-01-10 05:17:05,902 [INFO] PluginManager:220 - loadIPPluginJar : add opamp
2024-01-10 05:17:05,962 [INFO] IPUIPlugin:80 - create IPUIPlugin
2024-01-10 05:17:05,963 [INFO] PluginManager:220 - loadIPPluginJar : add openamp
2024-01-10 05:17:06,006 [INFO] IPUIPlugin:80 - create IPUIPlugin
2024-01-10 05:17:06,006 [INFO] PluginManager:220 - loadIPPluginJar : add pdm2pcm
2024-01-10 05:17:06,020 [INFO] IPUIPlugin:80 - create IPUIPlugin
2024-01-10 05:17:06,022 [INFO] PluginManager:220 - loadIPPluginJar : add plateformsettings
2024-01-10 05:17:06,045 [INFO] IPUIPlugin:80 - create IPUIPlugin
2024-01-10 05:17:06,045 [INFO] PluginManager:220 - loadIPPluginJar : add quadspi
2024-01-10 05:17:06,056 [INFO] IPUIPlugin:80 - create IPUIPlugin
2024-01-10 05:17:06,056 [INFO] PluginManager:220 - loadIPPluginJar : add resmgrutility
2024-01-10 05:17:06,104 [INFO] IPUIPlugin:80 - create IPUIPlugin
2024-01-10 05:17:06,104 [INFO] PluginManager:220 - loadIPPluginJar : add sai
2024-01-10 05:17:06,141 [INFO] IPUIPlugin:80 - create IPUIPlugin
2024-01-10 05:17:06,142 [INFO] PluginManager:220 - loadIPPluginJar : add spi
2024-01-10 05:17:06,209 [INFO] IPUIPlugin:80 - create IPUIPlugin
2024-01-10 05:17:06,209 [INFO] PluginManager:220 - loadIPPluginJar : add stm32_wpan
2024-01-10 05:17:06,231 [INFO] IPUIPlugin:80 - create IPUIPlugin
2024-01-10 05:17:06,231 [INFO] PluginManager:220 - loadIPPluginJar : add tim
2024-01-10 05:17:06,287 [INFO] IPUIPlugin:80 - create IPUIPlugin
2024-01-10 05:17:06,287 [INFO] PluginManager:220 - loadIPPluginJar : add touchsensing
2024-01-10 05:17:06,309 [INFO] IPUIPlugin:80 - create IPUIPlugin
2024-01-10 05:17:06,309 [INFO] PluginManager:220 - loadIPPluginJar : add tracer_emb
2024-01-10 05:17:06,331 [INFO] IPUIPlugin:80 - create IPUIPlugin
2024-01-10 05:17:06,331 [INFO] PluginManager:220 - loadIPPluginJar : add ts
2024-01-10 05:17:06,352 [INFO] IPUIPlugin:80 - create IPUIPlugin
2024-01-10 05:17:06,352 [INFO] PluginManager:220 - loadIPPluginJar : add tsc
2024-01-10 05:17:06,373 [INFO] IPUIPlugin:80 - create IPUIPlugin
2024-01-10 05:17:06,373 [INFO] PluginManager:220 - loadIPPluginJar : add ucpd
2024-01-10 05:17:06,417 [INFO] IPUIPlugin:80 - create IPUIPlugin
2024-01-10 05:17:06,417 [INFO] PluginManager:220 - loadIPPluginJar : add usart
2024-01-10 05:17:06,460 [INFO] IPUIPlugin:80 - create IPUIPlugin
2024-01-10 05:17:06,460 [INFO] PluginManager:220 - loadIPPluginJar : add usbx
2024-01-10 05:17:06,592 [INFO] CADModel:165 - CPN selected for project level
2024-01-10 05:17:06,592 [INFO] CADModel:114 - Register for checkConnection events
2024-01-10 05:17:06,592 [FATAL] Updater:308 - Updater called before beeing initialized
2024-01-10 05:17:06,592 [ERROR] CADModel:125 - Updater not yet initialized, retry later 
2024-01-10 05:17:06,788 [INFO] CADModel:165 - CPN selected for project level
2024-01-10 05:17:06,788 [INFO] CADModel:114 - Register for checkConnection events
2024-01-10 05:17:06,789 [FATAL] Updater:308 - Updater called before beeing initialized
2024-01-10 05:17:06,789 [ERROR] CADModel:125 - Updater not yet initialized, retry later 
2024-01-10 05:17:06,792 [FATAL] Updater:308 - Updater called before beeing initialized
2024-01-10 05:17:06,914 [FATAL] Updater:308 - Updater called before beeing initialized
2024-01-10 05:17:06,926 [INFO] DbMcusAds:53 - JSON generation date=Wed Nov 29 16:22:27 IST 2023 (1701255147349)
2024-01-10 05:17:06,926 [FATAL] Updater:308 - Updater called before beeing initialized
2024-01-10 05:17:07,001 [WARN] DetailPanel:346 - Failed to get advertising image, set to default
2024-01-10 05:17:07,094 [FATAL] Updater:308 - Updater called before beeing initialized
2024-01-10 05:17:07,096 [FATAL] Updater:308 - Updater called before beeing initialized
2024-01-10 05:17:07,096 [FATAL] Updater:308 - Updater called before beeing initialized
2024-01-10 05:17:07,096 [WARN] DetailPanel:346 - Failed to get advertising image, set to default
2024-01-10 05:17:07,097 [FATAL] Updater:308 - Updater called before beeing initialized
2024-01-10 05:17:07,171 [ERROR] Updater:1120 - MainUpdater not yet initialized. External WinMGr cannot be set.
2024-01-10 05:17:07,174 [INFO] ThirdPartyUpdaterWithRetryManager:70 - Updater plugin not ready yet. [2/15]
2024-01-10 05:17:07,182 [INFO] Updater:1056 - Updater Version found : 6.10.0
2024-01-10 05:17:07,202 [INFO] ApplicationProperties:184 - Using Application install path: C:\ST\STM32CubeIDE_1.14.0\STM32CubeIDE\plugins\com.st.stm32cube.common.mx_6.10.0.202311202037
2024-01-10 05:17:08,791 [ERROR] LogOutputStream:75 - [STDERR_REDIRECT] Jan 10, 2024 5:17:08 AM java.util.prefs.WindowsPreferences <init>
2024-01-10 05:17:08,794 [ERROR] LogOutputStream:75 - [STDERR_REDIRECT] WARNING: Could not open/create prefs root node Software\JavaSoft\Prefs at root 0xffffffff80000002. Windows RegCreateKeyEx(...) returned error code 5.
2024-01-10 05:17:08,794 [ERROR] LogOutputStream:75 - [STDERR_REDIRECT] 
2024-01-10 05:17:09,212 [INFO] MainUpdater:2873 - connection check result : 10
2024-01-10 05:17:09,213 [INFO] MainUpdater:290 - Updater Check For Update Now.
2024-01-10 05:17:09,213 [INFO] MicroXplorer:498 - Change Database Version : DB.6.0.100
2024-01-10 05:17:09,235 [INFO] McuFinderGlobals:63 - Set McuFinder mode to 2 (CubeIDE integrated)
2024-01-10 05:17:09,236 [INFO] UserAuth:180 - activating auth plugin
2024-01-10 05:17:09,240 [INFO] UserAuth:404 - Internet connection configuration mode: 1
2024-01-10 05:17:09,275 [INFO] JxBrowserEngine:152 - Initiate JxBrowser Engine with user profile folder
2024-01-10 05:17:09,476 [INFO] CheckServerUpdateThread:120 - End of CheckServer Thread
2024-01-10 05:17:10,383 [WARN] PackLoader:240 - Cannot read IP mode file for STMicroelectronics.X-CUBE-SMBUS.2.1.0
2024-01-10 05:17:10,397 [WARN] PackLoader:240 - Cannot read IP mode file for STMicroelectronics.X-CUBE-TOUCHGFX.4.23.0
2024-01-10 05:17:10,458 [WARN] PackLoader:240 - Cannot read IP mode file for STMicroelectronics.X-CUBE-AZRTOS-F7.1.1.0
2024-01-10 05:17:10,486 [WARN] PackLoader:240 - Cannot read IP mode file for STMicroelectronics.FP-SNS-MOTENV1.4.3.2
2024-01-10 05:17:10,511 [WARN] PackLoader:240 - Cannot read IP mode file for STMicroelectronics.FP-SNS-FLIGHT1.5.0.2
2024-01-10 05:17:10,537 [WARN] PackLoader:240 - Cannot read IP mode file for STMicroelectronics.X-CUBE-DISPLAY.3.0.0
2024-01-10 05:17:10,565 [WARN] PackLoader:240 - Cannot read IP mode file for STMicroelectronics.X-CUBE-BLE1.7.0.0
2024-01-10 05:17:10,587 [WARN] PackLoader:240 - Cannot read IP mode file for emotas.I-CUBE-CANOPEN.1.3.0
2024-01-10 05:17:10,610 [WARN] PackLoader:240 - Cannot read IP mode file for STMicroelectronics.FP-SNS-SMARTAG2.1.2.0
2024-01-10 05:17:10,639 [INFO] LogOutputStream:77 - [STDOUT_REDIRECT] 1 : Invalid condition id : UX_CORESTACK_Condition cause : null
2024-01-10 05:17:10,639 [INFO] LogOutputStream:77 - [STDOUT_REDIRECT] 1 : Invalid condition id : UX_CORESTACK_Condition cause : null
2024-01-10 05:17:10,641 [INFO] LogOutputStream:77 - [STDOUT_REDIRECT] 1 : Invalid condition id : UX_CORESTACK_Condition cause : null
2024-01-10 05:17:10,643 [INFO] LogOutputStream:77 - [STDOUT_REDIRECT] 1 : Invalid condition id : UX_CORESTACK_Condition cause : null
2024-01-10 05:17:10,646 [INFO] LogOutputStream:77 - [STDOUT_REDIRECT] 1 : Invalid condition id : UX_CORESTACK_Condition cause : null
2024-01-10 05:17:10,652 [WARN] PackLoader:240 - Cannot read IP mode file for STMicroelectronics.X-CUBE-AZRTOS-WL.2.0.0
2024-01-10 05:17:10,679 [WARN] PackLoader:240 - Cannot read IP mode file for WES.I-CUBE-Cesium.1.3.0
2024-01-10 05:17:10,697 [WARN] PackLoader:240 - Cannot read IP mode file for STMicroelectronics.X-CUBE-BLE2.3.3.0
2024-01-10 05:17:10,721 [WARN] PackLoader:240 - Cannot read IP mode file for STMicroelectronics.X-CUBE-ALGOBUILD.1.3.0
2024-01-10 05:17:10,774 [WARN] PackLoader:240 - Cannot read IP mode file for STMicroelectronics.X-CUBE-AZRTOS-G0.1.1.0
2024-01-10 05:17:10,800 [WARN] PackLoader:240 - Cannot read IP mode file for STMicroelectronics.X-CUBE-NFC4.3.0.0
2024-01-10 05:17:10,832 [WARN] PackLoader:240 - Cannot read IP mode file for STMicroelectronics.X-CUBE-BLEMGR.3.0.0
2024-01-10 05:17:10,851 [WARN] PackLoader:240 - Cannot read IP mode file for STMicroelectronics.FP-ATR-SIGFOX1.3.2.0
2024-01-10 05:17:10,927 [WARN] PackLoader:240 - Cannot read IP mode file for SEGGER.I-CUBE-embOS.1.3.1
2024-01-10 05:17:11,025 [WARN] PackLoader:240 - Cannot read IP mode file for STMicroelectronics.X-CUBE-GNSS1.6.0.0
2024-01-10 05:17:11,100 [WARN] PackLoader:240 - Cannot read IP mode file for STMicroelectronics.X-CUBE-AZRTOS-F4.1.1.0
2024-01-10 05:17:11,137 [WARN] PackLoader:240 - Cannot read IP mode file for wolfSSL.I-CUBE-wolfSSL.5.6.6
2024-01-10 05:17:11,191 [WARN] PackLoader:240 - Cannot read IP mode file for STMicroelectronics.X-CUBE-AZRTOS-L5.2.0.0
2024-01-10 05:17:11,216 [WARN] PackLoader:240 - Cannot read IP mode file for STMicroelectronics.X-CUBE-EEPRMA1.4.2.0
2024-01-10 05:17:11,238 [WARN] PackLoader:240 - Cannot read IP mode file for ITTIA_DB.I-CUBE-ITTIADB.8.8.0
2024-01-10 05:17:11,257 [WARN] PackLoader:240 - Cannot read IP mode file for STMicroelectronics.X-CUBE-NFC7.1.0.1
2024-01-10 05:17:11,277 [WARN] PackLoader:240 - Cannot read IP mode file for STMicroelectronics.X-CUBE-NFC6.3.0.0
2024-01-10 05:17:11,299 [WARN] PackLoader:240 - Cannot read IP mode file for STMicroelectronics.X-CUBE-AI.8.1.0
2024-01-10 05:17:11,340 [WARN] ConditionMgr:438 - getConditionDescription Invalid condition id : LAN8742 Phy interface Condition cause : null
2024-01-10 05:17:11,341 [WARN] PackLoader:240 - Cannot read IP mode file for STMicroelectronics.X-CUBE-AZRTOS-L4.2.0.0
2024-01-10 05:17:11,342 [WARN] ConditionMgr:1039 - genDependencies : Invalid condition id : LAN8742 Phy interface Condition cause : null
2024-01-10 05:17:11,343 [WARN] ConditionMgr:1039 - genDependencies : Invalid condition id : LAN8742 Phy interface Condition cause : null
2024-01-10 05:17:11,344 [WARN] ConditionMgr:1039 - genDependencies : Invalid condition id : LAN8742 Phy interface Condition cause : null
2024-01-10 05:17:11,370 [WARN] PackLoader:240 - Cannot read IP mode file for STMicroelectronics.X-CUBE-SFXS2LP1.4.0.0
2024-01-10 05:17:11,402 [WARN] ConditionMgr:438 - getConditionDescription Invalid condition id : UX DEVICE CLASS RTOS Condition cause : null
2024-01-10 05:17:11,402 [WARN] ConditionMgr:438 - getConditionDescription Invalid condition id : UX DEVICE CLASS RTOS Condition cause : null
2024-01-10 05:17:11,406 [WARN] PackLoader:240 - Cannot read IP mode file for STMicroelectronics.X-CUBE-AZRTOS-WB.2.0.0
2024-01-10 05:17:11,407 [WARN] ConditionMgr:1039 - genDependencies : Invalid condition id : UX DEVICE CLASS RTOS Condition cause : null
2024-01-10 05:17:11,407 [WARN] ConditionMgr:1039 - genDependencies : Invalid condition id : UX DEVICE CLASS RTOS Condition cause : null
2024-01-10 05:17:11,408 [WARN] ConditionMgr:1039 - genDependencies : Invalid condition id : UX DEVICE CLASS RTOS Condition cause : null
2024-01-10 05:17:11,408 [WARN] ConditionMgr:1039 - genDependencies : Invalid condition id : UX DEVICE CLASS RTOS Condition cause : null
2024-01-10 05:17:11,408 [WARN] ConditionMgr:1039 - genDependencies : Invalid condition id : UX DEVICE CLASS RTOS Condition cause : null
2024-01-10 05:17:11,436 [WARN] PackLoader:240 - Cannot read IP mode file for STMicroelectronics.X-CUBE-SUBG2.5.0.0
2024-01-10 05:17:11,492 [WARN] PackLoader:240 - Cannot read IP mode file for STMicroelectronics.X-CUBE-AZRTOS-G4.2.0.0
2024-01-10 05:17:11,534 [WARN] PackLoader:240 - Cannot read IP mode file for Infineon.AIROC-Wi-Fi-Bluetooth-STM32.1.5.1
2024-01-10 05:17:11,555 [WARN] PackLoader:240 - Cannot read IP mode file for STMicroelectronics.FP-SNS-MOTENVWB1.1.3.1
2024-01-10 05:17:11,569 [WARN] PackLoader:240 - Cannot read IP mode file for STMicroelectronics.X-CUBE-ISPU.2.0.0
2024-01-10 05:17:11,687 [WARN] PackLoader:240 - Cannot read IP mode file for STMicroelectronics.X-CUBE-MEMS1.10.0.0
2024-01-10 05:17:11,982 [WARN] PackLoader:240 - Cannot read IP mode file for STMicroelectronics.X-CUBE-FREERTOS.1.1.0
2024-01-10 05:17:12,006 [WARN] PackLoader:240 - Cannot read IP mode file for portGmbH.I-Cube-SoM-uGOAL.1.1.0
2024-01-10 05:17:12,028 [WARN] PackLoader:240 - Cannot read IP mode file for STMicroelectronics.X-CUBE-ALS.1.0.1
2024-01-10 05:17:12,050 [WARN] PackLoader:240 - Cannot read IP mode file for STMicroelectronics.FP-ATR-ASTRA1.2.0.0
2024-01-10 05:17:12,087 [WARN] PackLoader:240 - Cannot read IP mode file for STMicroelectronics.X-CUBE-TOF1.3.4.0
2024-01-10 05:17:12,164 [WARN] PackLoader:240 - Cannot read IP mode file for STMicroelectronics.X-CUBE-AZRTOS-H7.3.2.0
2024-01-10 05:17:12,168 [INFO] ThirdParty:978 - Integrity check success = true
2024-01-10 05:17:12,168 [INFO] IntegrityCheckThread:100 - exiting critical section [integrity check]
2024-01-10 05:17:12,168 [INFO] IntegrityCheckThread:103 - End integrity checks thread
2024-01-10 05:17:13,542 [INFO] WebApp:161 - Instantiating new browser for Auth
2024-01-10 05:17:14,494 [INFO] WebApp:780 - Register for checkConnection events
2024-01-10 05:17:14,495 [INFO] WebApp:414 - Apply proxy settings
2024-01-10 05:17:14,495 [INFO] WebApp:499 - Chromium requires no authentication
2024-01-10 05:17:14,505 [INFO] WebApp:442 - Direct internet connection detected
2024-01-10 05:17:14,745 [INFO] WebApp:192 - Starting web application
2024-01-10 05:17:14,745 [INFO] WebApp:544 - Web application path used C:\ST\STM32CubeIDE_1.14.0\STM32CubeIDE\plugins\com.st.stm32cube.common.mx_6.10.0.202311202037\db\plugins\mcufinder\reactClient1\index.html
2024-01-10 05:17:35,724 [ERROR] LogOutputStream:75 - [STDERR_REDIRECT] SLF4J: Failed to load class "org.slf4j.impl.StaticLoggerBinder".
2024-01-10 05:17:35,725 [ERROR] LogOutputStream:75 - [STDERR_REDIRECT] SLF4J: Defaulting to no-operation (NOP) logger implementation
2024-01-10 05:17:35,726 [ERROR] LogOutputStream:75 - [STDERR_REDIRECT] SLF4J: See http://www.slf4j.org/codes.html#StaticLoggerBinder for further details.
